IQ-TREE multicore version 2.1.2 COVID-edition for Mac OS X 64-bit built Oct 22 2020
Developed by Bui Quang Minh, James Barbetti, Nguyen Lam Tung,
Olga Chernomor, Heiko Schmidt, Dominik Schrempf, Michael Woodhams.

Host:    dlmp133362.w-staff.shh.mpg.de (AVX512, FMA3, 16 GB RAM)
Command: /Users/oeversti/iqtree-2.1.2-MacOSX/bin/iqtree2 -s Choi-pt-1_maskedRefRemMafft.fasta --prefix Choi-pt-1_LSD_CollapseDefault -m MFP -B 1000 --date TAXNAME --date-ci 100
Seed:    46799 (Using SPRNG - Scalable Parallel Random Number Generator)
Time:    Tue May  2 16:06:52 2023
Kernel:  AVX+FMA - 1 threads (8 CPU cores detected)

HINT: Use -nt option to specify number of threads because your CPU has 8 cores!
HINT: -nt AUTO will automatically determine the best number of threads to use.

Reading alignment file Choi-pt-1_maskedRefRemMafft.fasta ... Fasta format detected
Alignment most likely contains DNA/RNA sequences
WARNING: 265 sites contain only gaps or ambiguous characters.
Alignment has 9 sequences with 29903 columns, 36 distinct patterns
19 parsimony-informative, 11 singleton sites, 29873 constant sites
                      Gap/Ambiguity  Composition  p-value
   1  Choi-pt-1|2020-04-28    0.89%    passed    100.00%
   2  Choi-pt-1|2020-05-05    0.89%    passed    100.00%
   3  Choi-pt-1|2020-06-24    0.91%    passed    100.00%
   4  Choi-pt-1|2020-06-30    0.91%    passed    100.00%
   5  Choi-pt-1|2020-08-16    0.92%    passed    100.00%
   6  Choi-pt-1|2020-08-18    0.92%    passed    100.00%
   7  Choi-pt-1|2020-08-31    0.91%    passed    100.00%
   8  Choi-pt-1|2020-09-03    0.98%    passed    100.00%
   9  Choi-pt-1|2020-09-09    0.92%    passed    100.00%
****  TOTAL                   0.92%  0 sequences failed composition chi2 test (p-value<5%; df=3)
NOTE: Choi-pt-1|2020-05-05 is identical to Choi-pt-1|2020-04-28 but kept for subsequent analysis
NOTE: Choi-pt-1|2020-06-30 is identical to Choi-pt-1|2020-06-24 but kept for subsequent analysis
NOTE: Choi-pt-1|2020-08-18 is identical to Choi-pt-1|2020-08-16 but kept for subsequent analysis


Create initial parsimony tree by phylogenetic likelihood library (PLL)... 0.001 seconds
Perform fast likelihood tree search using GTR+I+G model...
Estimate model parameters (epsilon = 5.000)
Perform nearest neighbor interchange...
Estimate model parameters (epsilon = 1.000)
1. Initial log-likelihood: -40527.211
Optimal log-likelihood: -40527.208
Rate parameters:  A-C: 1.02936  A-G: 1.19881  A-T: 0.29733  C-G: 0.00010  C-T: 3.64665  G-T: 1.00000
Base frequencies:  A: 0.299  C: 0.184  G: 0.196  T: 0.321
Proportion of invariable sites: 0.500
Gamma shape alpha: 0.020
Parameters optimization took 1 rounds (0.001 sec)
Time for fast ML tree search: 0.008 seconds

NOTE: ModelFinder requires 0 MB RAM!
ModelFinder will test up to 286 DNA models (sample size: 29903) ...
 No. Model         -LnL         df  AIC          AICc         BIC
  1  GTR+F         40529.149    23  81104.298    81104.335    81295.329
  2  GTR+F+I       40525.709    24  81099.418    81099.458    81298.755
  3  GTR+F+G4      40527.678    24  81103.355    81103.396    81302.693
  4  GTR+F+I+G4    40527.096    25  81104.191    81104.235    81311.834
  5  GTR+F+R2      40528.638    25  81107.275    81107.319    81314.918
  6  GTR+F+R3      40528.435    27  81110.870    81110.920    81335.124
 14  SYM           41413.159    20  82866.319    82866.347    83032.433
 15  SYM+I         41409.791    21  82861.582    82861.612    83036.002
 16  SYM+G4        41411.809    21  82865.617    82865.648    83040.037
 27  TVM+F         40531.597    22  81107.194    81107.228    81289.920
 28  TVM+F+I       40528.172    23  81102.344    81102.381    81293.375
 29  TVM+F+G4      40530.202    23  81106.405    81106.442    81297.436
 40  TVMe          41415.676    19  82869.352    82869.378    83027.161
 41  TVMe+I        41412.235    20  82864.469    82864.497    83030.584
 42  TVMe+G4       41414.319    20  82868.639    82868.667    83034.753
 53  TIM3+F        40531.469    21  81104.938    81104.969    81279.358
 54  TIM3+F+I      40528.122    22  81100.244    81100.278    81282.970
 55  TIM3+F+G4     40530.100    22  81104.199    81104.233    81286.925
 66  TIM3e         41415.706    18  82867.411    82867.434    83016.914
 67  TIM3e+I       41412.320    19  82862.640    82862.665    83020.448
 68  TIM3e+G4      41414.330    19  82866.660    82866.686    83024.469
 79  TIM2+F        40531.466    21  81104.932    81104.963    81279.352
 80  TIM2+F+I      40528.122    22  81100.243    81100.277    81282.969
 81  TIM2+F+G4     40530.096    22  81104.191    81104.225    81286.917
 92  TIM2e         41415.688    18  82867.376    82867.399    83016.879
 93  TIM2e+I       41412.341    19  82862.683    82862.708    83020.491
 94  TIM2e+G4      41414.340    19  82866.679    82866.705    83024.488
105  TIM+F         40530.342    21  81102.684    81102.715    81277.104
106  TIM+F+I       40526.865    22  81097.730    81097.764    81280.456
107  TIM+F+G4      40528.866    22  81101.732    81101.766    81284.458
118  TIMe          41415.002    18  82866.004    82866.027    83015.507
119  TIMe+I        41411.588    19  82861.177    82861.202    83018.985
120  TIMe+G4       41413.609    19  82865.219    82865.244    83023.027
131  TPM3u+F       40534.110    20  81108.220    81108.249    81274.335
132  TPM3u+F+I     40530.653    21  81103.305    81103.336    81277.725
133  TPM3u+F+G4    40532.700    21  81107.401    81107.432    81281.821
144  TPM3+F        40534.091    20  81108.183    81108.211    81274.297
145  TPM3+F+I      40530.632    21  81103.263    81103.294    81277.683
146  TPM3+F+G4     40532.678    21  81107.356    81107.387    81281.776
157  TPM2u+F       40533.983    20  81107.965    81107.993    81274.079
158  TPM2u+F+I     40530.585    21  81103.171    81103.202    81277.591
159  TPM2u+F+G4    40532.629    21  81107.259    81107.290    81281.679
170  TPM2+F        40533.981    20  81107.961    81107.990    81274.076
171  TPM2+F+I      40530.585    21  81103.170    81103.201    81277.590
172  TPM2+F+G4     40532.628    21  81107.255    81107.286    81281.675
183  K3Pu+F        40532.958    20  81105.917    81105.945    81272.031
184  K3Pu+F+I      40529.270    21  81100.539    81100.570    81274.959
185  K3Pu+F+G4     40531.318    21  81104.636    81104.667    81279.056
196  K3P           41417.516    17  82869.031    82869.052    83010.228
197  K3P+I         41414.022    18  82864.045    82864.068    83013.548
198  K3P+G4        41416.100    18  82868.200    82868.222    83017.702
209  TN+F          40531.452    20  81102.904    81102.932    81269.018
210  TN+F+I        40528.103    21  81098.205    81098.236    81272.625
211  TN+F+G4       40530.088    21  81102.176    81102.207    81276.596
222  TNe           41415.827    17  82865.654    82865.674    83006.851
223  TNe+I         41412.450    18  82860.900    82860.922    83010.402
224  TNe+G4        41414.460    18  82864.920    82864.943    83014.423
235  HKY+F         40534.009    19  81106.018    81106.043    81263.826
236  HKY+F+I       40530.605    20  81101.209    81101.237    81267.324
237  HKY+F+G4      40532.649    20  81105.298    81105.326    81271.412
248  K2P           41418.295    16  82868.590    82868.609    83001.482
249  K2P+I         41414.864    17  82863.727    82863.748    83004.925
250  K2P+G4        41416.933    17  82867.866    82867.887    83009.063
261  F81+F         40540.866    18  81117.733    81117.756    81267.236
262  F81+F+I       40537.441    19  81112.882    81112.907    81270.690
263  F81+F+G4      40539.515    19  81117.031    81117.056    81274.839
274  JC            41424.550    15  82879.100    82879.116    83003.685
275  JC+I          41421.113    16  82874.226    82874.244    83007.117
276  JC+G4         41423.198    16  82878.396    82878.415    83011.288
Akaike Information Criterion:           TIM+F+I
Corrected Akaike Information Criterion: TIM+F+I
Bayesian Information Criterion:         HKY+F
Best-fit model: HKY+F chosen according to BIC

All model information printed to Choi-pt-1_LSD_CollapseDefault.model.gz
CPU time for ModelFinder: 0.079 seconds (0h:0m:0s)
Wall-clock time for ModelFinder: 0.097 seconds (0h:0m:0s)
Generating 1000 samples for ultrafast bootstrap (seed: 46799)...

NOTE: 0 MB RAM (0 GB) is required!
Estimate model parameters (epsilon = 0.100)
1. Initial log-likelihood: -40534.009
Optimal log-likelihood: -40534.002
Rate parameters:  A-C: 1.00000  A-G: 3.98878  A-T: 1.00000  C-G: 1.00000  C-T: 3.98878  G-T: 1.00000
Base frequencies:  A: 0.299  C: 0.184  G: 0.196  T: 0.321
Parameters optimization took 1 rounds (0.000 sec)
Computing ML distances based on estimated model parameters...
Computing ML distances took 0.000403 sec (of wall-clock time) 0.000299 sec(of CPU time)
Computing RapidNJ tree took 0.000048 sec (of wall-clock time) 0.000030 sec (of CPU time)
Log-likelihood of RapidNJ tree: -40534.035
--------------------------------------------------------------------
|             INITIALIZING CANDIDATE TREE SET                      |
--------------------------------------------------------------------
Generating 98 parsimony trees... 0.021 second
Computing log-likelihood of 86 initial trees ... 0.010 seconds
Current best score: -40534.002

Do NNI search on 20 best initial trees
Estimate model parameters (epsilon = 0.100)
BETTER TREE FOUND at iteration 1: -40533.999
Iteration 10 / LogL: -40536.571 / Time: 0h:0m:0s
Iteration 20 / LogL: -40533.999 / Time: 0h:0m:0s
Finish initializing candidate tree set (1)
Current best tree score: -40533.999 / CPU time: 0.061
Number of iterations: 20
--------------------------------------------------------------------
|               OPTIMIZING CANDIDATE TREE SET                      |
--------------------------------------------------------------------
UPDATE BEST LOG-LIKELIHOOD: -40533.999
UPDATE BEST LOG-LIKELIHOOD: -40533.999
Iteration 30 / LogL: -40534.078 / Time: 0h:0m:0s (0h:0m:0s left)
UPDATE BEST LOG-LIKELIHOOD: -40533.999
UPDATE BEST LOG-LIKELIHOOD: -40533.999
Iteration 40 / LogL: -40533.999 / Time: 0h:0m:0s (0h:0m:0s left)
Iteration 50 / LogL: -40536.634 / Time: 0h:0m:0s (0h:0m:0s left)
Log-likelihood cutoff on original alignment: -40600.388
Iteration 60 / LogL: -40533.999 / Time: 0h:0m:0s (0h:0m:0s left)
Iteration 70 / LogL: -40534.116 / Time: 0h:0m:0s (0h:0m:0s left)
Iteration 80 / LogL: -40534.152 / Time: 0h:0m:0s (0h:0m:0s left)
UPDATE BEST LOG-LIKELIHOOD: -40533.999
Iteration 90 / LogL: -40533.999 / Time: 0h:0m:0s (0h:0m:0s left)
Iteration 100 / LogL: -40534.148 / Time: 0h:0m:0s (0h:0m:0s left)
Log-likelihood cutoff on original alignment: -40600.388
NOTE: Bootstrap correlation coefficient of split occurrence frequencies: 0.999
UPDATE BEST LOG-LIKELIHOOD: -40533.999
TREE SEARCH COMPLETED AFTER 102 ITERATIONS / Time: 0h:0m:0s

--------------------------------------------------------------------
|                    FINALIZING TREE SEARCH                        |
--------------------------------------------------------------------
Performs final model parameters optimization
Estimate model parameters (epsilon = 0.010)
1. Initial log-likelihood: -40533.999
Optimal log-likelihood: -40533.998
Rate parameters:  A-C: 1.00000  A-G: 3.90071  A-T: 1.00000  C-G: 1.00000  C-T: 3.90071  G-T: 1.00000
Base frequencies:  A: 0.299  C: 0.184  G: 0.196  T: 0.321
Parameters optimization took 1 rounds (0.000 sec)
BEST SCORE FOUND : -40533.998
Creating bootstrap support values...
Split supports printed to NEXUS file Choi-pt-1_LSD_CollapseDefault.splits.nex
Total tree length: 0.001

Total number of iterations: 102
CPU time used for tree search: 0.568 sec (0h:0m:0s)
Wall-clock time used for tree search: 0.404 sec (0h:0m:0s)
Total CPU time used: 0.598 sec (0h:0m:0s)
Total wall-clock time used: 0.439 sec (0h:0m:0s)

Computing bootstrap consensus tree...
Reading input file Choi-pt-1_LSD_CollapseDefault.splits.nex...
9 taxa and 37 splits.
Consensus tree written to Choi-pt-1_LSD_CollapseDefault.contree
Reading input trees file Choi-pt-1_LSD_CollapseDefault.contree
Log-likelihood of consensus tree: -40534.206

Analysis results written to: 
  IQ-TREE report:                Choi-pt-1_LSD_CollapseDefault.iqtree
  Maximum-likelihood tree:       Choi-pt-1_LSD_CollapseDefault.treefile
  Likelihood distances:          Choi-pt-1_LSD_CollapseDefault.mldist

Ultrafast bootstrap approximation results written to:
  Split support values:          Choi-pt-1_LSD_CollapseDefault.splits.nex
  Consensus tree:                Choi-pt-1_LSD_CollapseDefault.contree
  Screen log file:               Choi-pt-1_LSD_CollapseDefault.log

--- Start phylogenetic dating ---
Extracting date from node names...
9 dates extracted
Building time tree by least-square dating (LSD) with command:
lsd -i Choi-pt-1_LSD_CollapseDefault.timetree.subst -s 29903 -o Choi-pt-1_LSD_CollapseDefault.timetree -f 100 -r a -d Choi-pt-1_LSD_CollapseDefault.timetree.date 

TREE 1
*PROCESSING:
Reading the tree ... 
Collapse 1 (over 6) internal branches having branch length <= 1.67e-05
 (settable via option -l)
Parameter to adjust variances was set to 0.000334 (settable via option -b)
Minimum branch length of time scaled tree (settable via option -u and -U): 0
Estimating the root position on all branches using fast method ...
Computing confidence intervals using sequence length 29903 and a lognormal
 relaxed clock with mean 1, standard deviation 0.2 (settable via option -q)
*WARNINGS:
- 16.6667% internal branches were collapsed.
*RESULTS:
- Dating results:
 rate 0.000776507, tMRCA 2020-02-26 , objective function 1.18059e-05
- Results with confidence intervals:
 rate 0.000776507 [8.81697e-05; 0.00131467], tMRCA 2020-02-26 [2017-11-23; 2020-04-23], objective function 1.18059e-05

TOTAL ELAPSED TIME: 0.00365 seconds
LSD results written to:
  LSD report:                  Choi-pt-1_LSD_CollapseDefault.timetree.lsd
  Time tree in nexus format:   Choi-pt-1_LSD_CollapseDefault.timetree.nex
  Time tree in newick format:  Choi-pt-1_LSD_CollapseDefault.timetree.nwk

--- End phylogenetic dating ---
Date and Time: Tue May  2 16:06:52 2023
