IQ-TREE multicore version 2.1.2 COVID-edition for Mac OS X 64-bit built Oct 22 2020
Developed by Bui Quang Minh, James Barbetti, Nguyen Lam Tung,
Olga Chernomor, Heiko Schmidt, Dominik Schrempf, Michael Woodhams.

Host:    dlmp133362.w-staff.shh.mpg.de (AVX512, FMA3, 16 GB RAM)
Command: /Users/oeversti/iqtree-2.1.2-MacOSX/bin/iqtree2 -s Harari-pt-5_maskedRefRemMafft.fasta -m MFP
Seed:    549258 (Using SPRNG - Scalable Parallel Random Number Generator)
Time:    Thu Mar 30 16:39:56 2023
Kernel:  AVX+FMA - 1 threads (8 CPU cores detected)

HINT: Use -nt option to specify number of threads because your CPU has 8 cores!
HINT: -nt AUTO will automatically determine the best number of threads to use.

Reading alignment file Harari-pt-5_maskedRefRemMafft.fasta ... Fasta format detected
Alignment most likely contains DNA/RNA sequences
WARNING: 265 sites contain only gaps or ambiguous characters.
Alignment has 9 sequences with 29903 columns, 31 distinct patterns
10 parsimony-informative, 8 singleton sites, 29885 constant sites
                        Gap/Ambiguity  Composition  p-value
   1  Harari-pt-5|2020-10-06    0.89%    passed    100.00%
   2  Harari-pt-5|2020-10-18    0.89%    passed    100.00%
   3  Harari-pt-5|2020-10-26    0.89%    passed    100.00%
   4  Harari-pt-5|2020-11-02    4.51%    passed     99.61%
   5  Harari-pt-5|2020-11-05    0.89%    passed     99.99%
   6  Harari-pt-5|2020-11-15    0.89%    passed    100.00%
   7  Harari-pt-5|2020-11-19    0.92%    passed     99.99%
   8  Harari-pt-5|2020-12-13    0.90%    passed    100.00%
   9  Harari-pt-5|2020-12-20    0.90%    passed    100.00%
****  TOTAL                     1.30%  0 sequences failed composition chi2 test (p-value<5%; df=3)


Create initial parsimony tree by phylogenetic likelihood library (PLL)... 0.001 seconds
Perform fast likelihood tree search using GTR+I+G model...
Estimate model parameters (epsilon = 5.000)
Perform nearest neighbor interchange...
Estimate model parameters (epsilon = 1.000)
1. Initial log-likelihood: -40389.498
Optimal log-likelihood: -40389.012
Rate parameters:  A-C: 0.65963  A-G: 0.59867  A-T: 0.54456  C-G: 0.51616  C-T: 2.91613  G-T: 1.00000
Base frequencies:  A: 0.299  C: 0.184  G: 0.196  T: 0.322
Proportion of invariable sites: 0.500
Gamma shape alpha: 998.448
Parameters optimization took 1 rounds (0.001 sec)
Time for fast ML tree search: 0.007 seconds

NOTE: ModelFinder requires 0 MB RAM!
ModelFinder will test up to 286 DNA models (sample size: 29903) ...
 No. Model         -LnL         df  AIC          AICc         BIC
  1  GTR+F         40388.826    23  80823.653    80823.690    81014.684
  2  GTR+F+I       40388.531    24  80825.062    80825.102    81024.399
  3  GTR+F+G4      40388.531    24  80825.062    80825.102    81024.399
  4  GTR+F+I+G4    40388.536    25  80827.072    80827.115    81034.714
  5  GTR+F+R2      40388.527    25  80827.053    80827.097    81034.696
  6  GTR+F+R3      40388.528    27  80831.055    80831.106    81055.309
 14  SYM           41276.125    20  82592.249    82592.277    82758.363
 15  SYM+I         41276.125    21  82594.250    82594.281    82768.670
 16  SYM+G4        41276.125    21  82594.250    82594.281    82768.670
 27  TVM+F         40391.312    22  80826.624    80826.657    81009.349
 28  TVM+F+I       40391.216    23  80828.432    80828.469    81019.464
 29  TVM+F+G4      40391.216    23  80828.432    80828.469    81019.464
 40  TVMe          41279.081    19  82596.161    82596.187    82753.970
 41  TVMe+I        41279.081    20  82598.162    82598.190    82764.276
 42  TVMe+G4       41279.081    20  82598.161    82598.190    82764.276
 53  TIM3+F        40388.183    21  80818.366    80818.397    80992.786
 54  TIM3+F+I      40388.130    22  80820.260    80820.294    81002.985
 55  TIM3+F+G4     40388.130    22  80820.260    80820.294    81002.985
 66  TIM3e         41276.010    18  82588.020    82588.043    82737.523
 67  TIM3e+I       41276.010    19  82590.020    82590.046    82747.829
 68  TIM3e+G4      41276.010    19  82590.020    82590.046    82747.829
 79  TIM2+F        40388.305    21  80818.610    80818.641    80993.030
 80  TIM2+F+I      40388.305    22  80820.610    80820.644    81003.336
 81  TIM2+F+G4     40388.305    22  80820.610    80820.644    81003.336
 92  TIM2e         41276.038    18  82588.077    82588.099    82737.579
 93  TIM2e+I       41276.038    19  82590.077    82590.102    82747.885
 94  TIM2e+G4      41276.038    19  82590.077    82590.102    82747.885
105  TIM+F         40388.271    21  80818.542    80818.573    80992.962
106  TIM+F+I       40388.271    22  80820.542    80820.576    81003.268
107  TIM+F+G4      40388.271    22  80820.542    80820.576    81003.268
118  TIMe          41276.023    18  82588.046    82588.069    82737.549
119  TIMe+I        41276.023    19  82590.046    82590.071    82747.855
120  TIMe+G4       41276.023    19  82590.046    82590.071    82747.855
131  TPM3u+F       40390.864    20  80821.729    80821.757    80987.843
132  TPM3u+F+I     40390.826    21  80823.653    80823.684    80998.073
133  TPM3u+F+G4    40390.826    21  80823.653    80823.684    80998.073
144  TPM3+F        40390.826    20  80821.653    80821.681    80987.767
145  TPM3+F+I      40390.803    21  80823.606    80823.637    80998.026
146  TPM3+F+G4     40390.803    21  80823.606    80823.637    80998.026
157  TPM2u+F       40391.023    20  80822.046    80822.074    80988.161
158  TPM2u+F+I     40391.023    21  80824.047    80824.078    80998.467
159  TPM2u+F+G4    40391.023    21  80824.047    80824.078    80998.467
170  TPM2+F        40391.023    20  80822.046    80822.074    80988.161
171  TPM2+F+I      40391.023    21  80824.047    80824.078    80998.467
172  TPM2+F+G4     40391.023    21  80824.047    80824.078    80998.467
183  K3Pu+F        40390.981    20  80821.962    80821.990    80988.076
184  K3Pu+F+I      40390.981    21  80823.962    80823.992    80998.382
185  K3Pu+F+G4     40390.981    21  80823.962    80823.993    80998.382
196  K3P           41278.757    17  82591.514    82591.534    82732.711
197  K3P+I         41278.757    18  82593.514    82593.537    82743.017
198  K3P+G4        41278.757    18  82593.514    82593.537    82743.017
209  TN+F          40388.173    20  80816.346    80816.374    80982.460
210  TN+F+I        40388.156    21  80818.312    80818.343    80992.732
211  TN+F+G4       40388.156    21  80818.312    80818.343    80992.732
222  TNe           41275.943    17  82585.886    82585.906    82727.083
223  TNe+I         41275.943    18  82587.886    82587.909    82737.389
224  TNe+G4        41275.943    18  82587.886    82587.909    82737.389
235  HKY+F         40391.005    19  80820.010    80820.035    80977.818
236  HKY+F+I       40390.987    20  80821.974    80822.002    80988.088
237  HKY+F+G4      40390.987    20  80821.974    80822.002    80988.088
248  K2P           41278.746    16  82589.492    82589.510    82722.384
249  K2P+I         41278.746    17  82591.492    82591.513    82732.689
250  K2P+G4        41278.746    17  82591.492    82591.513    82732.689
261  F81+F         40395.500    18  80827.000    80827.023    80976.503
262  F81+F+I       40395.500    19  80829.000    80829.025    80986.809
263  F81+F+G4      40395.500    19  80829.000    80829.025    80986.809
274  JC            41282.900    15  82595.800    82595.816    82720.386
275  JC+I          41282.900    16  82597.800    82597.818    82730.691
276  JC+G4         41282.900    16  82597.800    82597.818    82730.691
Akaike Information Criterion:           TN+F
Corrected Akaike Information Criterion: TN+F
Bayesian Information Criterion:         F81+F
Best-fit model: F81+F chosen according to BIC

All model information printed to Harari-pt-5_maskedRefRemMafft.fasta.model.gz
CPU time for ModelFinder: 0.065 seconds (0h:0m:0s)
Wall-clock time for ModelFinder: 0.083 seconds (0h:0m:0s)

NOTE: 0 MB RAM (0 GB) is required!
Estimate model parameters (epsilon = 0.100)
1. Initial log-likelihood: -40395.500
Optimal log-likelihood: -40395.500
Rate parameters:  A-C: 1.00000  A-G: 1.00000  A-T: 1.00000  C-G: 1.00000  C-T: 1.00000  G-T: 1.00000
Base frequencies:  A: 0.299  C: 0.184  G: 0.196  T: 0.322
Parameters optimization took 1 rounds (0.000 sec)
Computing ML distances based on estimated model parameters...
Computing ML distances took 0.000723 sec (of wall-clock time) 0.000658 sec(of CPU time)
Computing RapidNJ tree took 0.000043 sec (of wall-clock time) 0.000031 sec (of CPU time)
Log-likelihood of RapidNJ tree: -40395.792
--------------------------------------------------------------------
|             INITIALIZING CANDIDATE TREE SET                      |
--------------------------------------------------------------------
Generating 98 parsimony trees... 0.021 second
Computing log-likelihood of 90 initial trees ... 0.010 seconds
Current best score: -40395.500

Do NNI search on 20 best initial trees
Estimate model parameters (epsilon = 0.100)
BETTER TREE FOUND at iteration 1: -40395.500
Estimate model parameters (epsilon = 0.100)
UPDATE BEST LOG-LIKELIHOOD: -40395.485
UPDATE BEST LOG-LIKELIHOOD: -40395.485
Iteration 10 / LogL: -40395.500 / Time: 0h:0m:0s
Iteration 20 / LogL: -40395.485 / Time: 0h:0m:0s
Finish initializing candidate tree set (1)
Current best tree score: -40395.485 / CPU time: 0.045
Number of iterations: 20
--------------------------------------------------------------------
|               OPTIMIZING CANDIDATE TREE SET                      |
--------------------------------------------------------------------
Iteration 30 / LogL: -40395.492 / Time: 0h:0m:0s (0h:0m:0s left)
Iteration 40 / LogL: -40395.485 / Time: 0h:0m:0s (0h:0m:0s left)
Iteration 50 / LogL: -40395.492 / Time: 0h:0m:0s (0h:0m:0s left)
Iteration 60 / LogL: -40395.485 / Time: 0h:0m:0s (0h:0m:0s left)
Iteration 70 / LogL: -40395.576 / Time: 0h:0m:0s (0h:0m:0s left)
UPDATE BEST LOG-LIKELIHOOD: -40395.485
UPDATE BEST LOG-LIKELIHOOD: -40395.485
Iteration 80 / LogL: -40395.485 / Time: 0h:0m:0s (0h:0m:0s left)
UPDATE BEST LOG-LIKELIHOOD: -40395.485
UPDATE BEST LOG-LIKELIHOOD: -40395.485
Iteration 90 / LogL: -40395.635 / Time: 0h:0m:0s (0h:0m:0s left)
Iteration 100 / LogL: -40395.485 / Time: 0h:0m:0s (0h:0m:0s left)
TREE SEARCH COMPLETED AFTER 102 ITERATIONS / Time: 0h:0m:0s

--------------------------------------------------------------------
|                    FINALIZING TREE SEARCH                        |
--------------------------------------------------------------------
Performs final model parameters optimization
Estimate model parameters (epsilon = 0.010)
1. Initial log-likelihood: -40395.485
Optimal log-likelihood: -40395.485
Rate parameters:  A-C: 1.00000  A-G: 1.00000  A-T: 1.00000  C-G: 1.00000  C-T: 1.00000  G-T: 1.00000
Base frequencies:  A: 0.299  C: 0.184  G: 0.196  T: 0.322
Parameters optimization took 1 rounds (0.000 sec)
BEST SCORE FOUND : -40395.485
Total tree length: 0.001

Total number of iterations: 102
CPU time used for tree search: 0.221 sec (0h:0m:0s)
Wall-clock time used for tree search: 0.119 sec (0h:0m:0s)
Total CPU time used: 0.229 sec (0h:0m:0s)
Total wall-clock time used: 0.128 sec (0h:0m:0s)

Analysis results written to: 
  IQ-TREE report:                Harari-pt-5_maskedRefRemMafft.fasta.iqtree
  Maximum-likelihood tree:       Harari-pt-5_maskedRefRemMafft.fasta.treefile
  Likelihood distances:          Harari-pt-5_maskedRefRemMafft.fasta.mldist
  Screen log file:               Harari-pt-5_maskedRefRemMafft.fasta.log

Date and Time: Thu Mar 30 16:39:56 2023
