IQ-TREE multicore version 2.1.2 COVID-edition for Mac OS X 64-bit built Oct 22 2020
Developed by Bui Quang Minh, James Barbetti, Nguyen Lam Tung,
Olga Chernomor, Heiko Schmidt, Dominik Schrempf, Michael Woodhams.

Host:    dlmp133362.w-staff.shh.mpg.de (AVX512, FMA3, 16 GB RAM)
Command: /Users/oeversti/iqtree-2.1.2-MacOSX/bin/iqtree2 -s Khatamzas-pt-1_maskedRefRemMafft.fasta --prefix Khatamzas-pt-1_LSD_Collapse-1 -m MFP -B 1000 --date TAXNAME --date-ci 100 --date-options -l -1 -redo
Seed:    842283 (Using SPRNG - Scalable Parallel Random Number Generator)
Time:    Wed May  3 13:57:28 2023
Kernel:  AVX+FMA - 1 threads (8 CPU cores detected)

HINT: Use -nt option to specify number of threads because your CPU has 8 cores!
HINT: -nt AUTO will automatically determine the best number of threads to use.

Reading alignment file Khatamzas-pt-1_maskedRefRemMafft.fasta ... Fasta format detected
Alignment most likely contains DNA/RNA sequences
WARNING: 265 sites contain only gaps or ambiguous characters.
Alignment has 21 sequences with 29903 columns, 180 distinct patterns
18 parsimony-informative, 16 singleton sites, 29869 constant sites
                               Gap/Ambiguity  Composition  p-value
   1  Khatamzas-pt-1_0|2020-05-11      1.36%    passed     99.92%
   2  Khatamzas-pt-1_112|2020-08-31    1.86%    passed     99.99%
   3  Khatamzas-pt-1_122|2020-09-10    3.89%    passed     99.56%
   4  Khatamzas-pt-1_129|2020-09-17    2.32%    passed     99.59%
   5  Khatamzas-pt-1_136|2020-09-24    2.65%    passed     99.89%
   6  Khatamzas-pt-1_147|2020-10-05    2.14%    passed     99.10%
   7  Khatamzas-pt-1_149|2020-10-07    0.91%    passed     99.99%
   8  Khatamzas-pt-1_15|2020-05-26     0.89%    passed    100.00%
   9  Khatamzas-pt-1_22|2020-06-02     0.89%    passed    100.00%
  10  Khatamzas-pt-1_28|2020-06-08     0.89%    passed     99.98%
  11  Khatamzas-pt-1_36|2020-06-16     0.89%    passed     99.99%
  12  Khatamzas-pt-1_45|2020-06-23     0.89%    passed    100.00%
  13  Khatamzas-pt-1_49|2020-06-29     0.89%    passed     99.99%
  14  Khatamzas-pt-1_56|2020-07-06     1.97%    passed     99.95%
  15  Khatamzas-pt-1_57|2020-07-07     0.90%    passed    100.00%
  16  Khatamzas-pt-1_59|2020-07-09     1.86%    passed     99.94%
  17  Khatamzas-pt-1_63|2020-07-13     2.43%    passed     99.89%
  18  Khatamzas-pt-1_66|2020-07-16     1.84%    passed     99.92%
  19  Khatamzas-pt-1_73|2020-07-23     2.66%    passed     99.84%
  20  Khatamzas-pt-1_78|2020-07-28     0.94%    passed     99.98%
  21  Khatamzas-pt-1_92|2020-08-11     0.91%    passed     99.99%
****  TOTAL                            1.62%  0 sequences failed composition chi2 test (p-value<5%; df=3)


Create initial parsimony tree by phylogenetic likelihood library (PLL)... 0.001 seconds
Perform fast likelihood tree search using GTR+I+G model...
Estimate model parameters (epsilon = 5.000)
Perform nearest neighbor interchange...
Estimate model parameters (epsilon = 1.000)
1. Initial log-likelihood: -40609.638
Optimal log-likelihood: -40609.619
Rate parameters:  A-C: 0.31072  A-G: 1.14206  A-T: 0.31736  C-G: 0.00010  C-T: 2.68044  G-T: 1.00000
Base frequencies:  A: 0.299  C: 0.184  G: 0.196  T: 0.321
Proportion of invariable sites: 0.500
Gamma shape alpha: 0.020
Parameters optimization took 1 rounds (0.005 sec)
Time for fast ML tree search: 0.035 seconds

NOTE: ModelFinder requires 1 MB RAM!
ModelFinder will test up to 286 DNA models (sample size: 29903) ...
 No. Model         -LnL         df  AIC          AICc         BIC
  1  GTR+F         40617.420    47  81328.841    81328.992    81719.209
  2  GTR+F+I       40600.525    48  81297.050    81297.208    81695.725
  3  GTR+F+G4      40611.873    48  81319.745    81319.903    81718.420
  4  GTR+F+I+G4    40609.188    49  81316.376    81316.540    81723.356
  5  GTR+F+R2      40615.791    49  81329.583    81329.747    81736.563
  6  GTR+F+R3      40614.300    51  81330.600    81330.778    81754.192
 15  SYM+I         41485.830    45  83061.660    83061.799    83435.417
 28  TVM+F+I       40602.582    47  81299.165    81299.316    81689.533
 41  TVMe+I        41488.013    44  83064.027    83064.159    83429.478
 54  TIM3+F+I      40602.365    46  81296.730    81296.875    81678.793
 67  TIM3e+I       41487.450    43  83060.899    83061.026    83418.045
 80  TIM2+F+I      40602.939    46  81297.878    81298.023    81679.941
 93  TIM2e+I       41488.933    43  83063.867    83063.993    83421.012
106  TIM+F+I       40602.387    46  81296.775    81296.920    81678.838
119  TIMe+I        41488.485    43  83062.971    83063.097    83420.116
132  TPM3u+F+I     40604.440    45  81298.881    81299.020    81672.638
145  TPM3+F+I      40604.430    45  81298.860    81298.999    81672.617
158  TPM2u+F+I     40605.083    45  81300.166    81300.304    81673.923
171  TPM2+F+I      40605.083    45  81300.166    81300.304    81673.923
184  K3Pu+F+I      40604.544    45  81299.088    81299.227    81672.845
197  K3P+I         41490.676    42  83065.352    83065.473    83414.192
210  TN+F+I        40603.089    45  81296.178    81296.317    81669.935
223  TNe+I         41488.938    42  83061.877    83061.998    83410.717
236  HKY+F+I       40605.214    44  81298.428    81298.560    81663.879
249  K2P+I         41491.119    41  83064.238    83064.353    83404.772
262  F81+F+I       40618.893    43  81323.786    81323.913    81680.932
275  JC+I          41504.070    40  83088.141    83088.251    83420.369
Akaike Information Criterion:           TN+F+I
Corrected Akaike Information Criterion: TN+F+I
Bayesian Information Criterion:         HKY+F+I
Best-fit model: HKY+F+I chosen according to BIC

All model information printed to Khatamzas-pt-1_LSD_Collapse-1.model.gz
CPU time for ModelFinder: 0.145 seconds (0h:0m:0s)
Wall-clock time for ModelFinder: 0.166 seconds (0h:0m:0s)
Generating 1000 samples for ultrafast bootstrap (seed: 842283)...

NOTE: 0 MB RAM (0 GB) is required!
Estimate model parameters (epsilon = 0.100)
1. Initial log-likelihood: -40605.214
Optimal log-likelihood: -40605.212
Rate parameters:  A-C: 1.00000  A-G: 5.80183  A-T: 1.00000  C-G: 1.00000  C-T: 5.80183  G-T: 1.00000
Base frequencies:  A: 0.299  C: 0.184  G: 0.196  T: 0.321
Proportion of invariable sites: 0.994
Parameters optimization took 1 rounds (0.001 sec)
Computing ML distances based on estimated model parameters...
Computing ML distances took 0.003251 sec (of wall-clock time) 0.002844 sec(of CPU time)
WARNING: Some pairwise ML distances are too long (saturated)
Computing RapidNJ tree took 0.000064 sec (of wall-clock time) 0.000058 sec (of CPU time)
Log-likelihood of RapidNJ tree: -41058.526
--------------------------------------------------------------------
|             INITIALIZING CANDIDATE TREE SET                      |
--------------------------------------------------------------------
Generating 98 parsimony trees... 0.042 second
Computing log-likelihood of 98 initial trees ... 0.039 seconds
Current best score: -40605.212

Do NNI search on 20 best initial trees
Estimate model parameters (epsilon = 0.100)
BETTER TREE FOUND at iteration 1: -40605.210
BETTER TREE FOUND at iteration 3: -40605.206
Estimate model parameters (epsilon = 0.100)
BETTER TREE FOUND at iteration 4: -40605.183
Iteration 10 / LogL: -40605.237 / Time: 0h:0m:0s
Iteration 20 / LogL: -40605.242 / Time: 0h:0m:0s
Finish initializing candidate tree set (15)
Current best tree score: -40605.183 / CPU time: 0.258
Number of iterations: 20
--------------------------------------------------------------------
|               OPTIMIZING CANDIDATE TREE SET                      |
--------------------------------------------------------------------
Iteration 30 / LogL: -40605.225 / Time: 0h:0m:0s (0h:0m:1s left)
Iteration 40 / LogL: -40605.222 / Time: 0h:0m:0s (0h:0m:0s left)
Iteration 50 / LogL: -40605.214 / Time: 0h:0m:0s (0h:0m:0s left)
Log-likelihood cutoff on original alignment: -40623.191
Iteration 60 / LogL: -40605.228 / Time: 0h:0m:0s (0h:0m:0s left)
Iteration 70 / LogL: -40605.289 / Time: 0h:0m:0s (0h:0m:0s left)
UPDATE BEST LOG-LIKELIHOOD: -40605.182
Iteration 80 / LogL: -40616.053 / Time: 0h:0m:1s (0h:0m:0s left)
Iteration 90 / LogL: -40605.240 / Time: 0h:0m:1s (0h:0m:0s left)
Iteration 100 / LogL: -40605.213 / Time: 0h:0m:1s (0h:0m:0s left)
Log-likelihood cutoff on original alignment: -40623.004
NOTE: Bootstrap correlation coefficient of split occurrence frequencies: 0.990
NOTE: UFBoot does not converge, continue at least 100 more iterations
Iteration 110 / LogL: -40605.235 / Time: 0h:0m:1s (0h:0m:1s left)
Iteration 120 / LogL: -40605.306 / Time: 0h:0m:1s (0h:0m:1s left)
Iteration 130 / LogL: -40605.285 / Time: 0h:0m:1s (0h:0m:0s left)
Iteration 140 / LogL: -40605.361 / Time: 0h:0m:1s (0h:0m:0s left)
Iteration 150 / LogL: -40605.202 / Time: 0h:0m:2s (0h:0m:0s left)
Log-likelihood cutoff on original alignment: -40625.666
Iteration 160 / LogL: -40605.274 / Time: 0h:0m:2s (0h:0m:0s left)
Iteration 170 / LogL: -40605.308 / Time: 0h:0m:2s (0h:0m:0s left)
Iteration 180 / LogL: -40605.236 / Time: 0h:0m:2s (0h:0m:0s left)
BETTER TREE FOUND at iteration 186: -40605.182
Estimate model parameters (epsilon = 0.100)
BETTER TREE FOUND at iteration 187: -40605.167
Iteration 190 / LogL: -40605.177 / Time: 0h:0m:2s (0h:0m:1s left)
Iteration 200 / LogL: -40605.177 / Time: 0h:0m:2s (0h:0m:1s left)
Log-likelihood cutoff on original alignment: -40627.354
NOTE: Bootstrap correlation coefficient of split occurrence frequencies: 0.992
Iteration 210 / LogL: -40605.305 / Time: 0h:0m:2s (0h:0m:1s left)
Iteration 220 / LogL: -40605.203 / Time: 0h:0m:3s (0h:0m:1s left)
Iteration 230 / LogL: -40605.236 / Time: 0h:0m:3s (0h:0m:0s left)
Iteration 240 / LogL: -40605.235 / Time: 0h:0m:3s (0h:0m:0s left)
Iteration 250 / LogL: -40605.286 / Time: 0h:0m:3s (0h:0m:0s left)
Log-likelihood cutoff on original alignment: -40627.613
Iteration 260 / LogL: -40616.062 / Time: 0h:0m:3s (0h:0m:0s left)
Iteration 270 / LogL: -40605.370 / Time: 0h:0m:3s (0h:0m:0s left)
Iteration 280 / LogL: -40615.444 / Time: 0h:0m:4s (0h:0m:0s left)
WARNING: bootstrap analysis did not converge. You should rerun with higher number of iterations (-nm option)
TREE SEARCH COMPLETED AFTER 288 ITERATIONS / Time: 0h:0m:4s

--------------------------------------------------------------------
|                    FINALIZING TREE SEARCH                        |
--------------------------------------------------------------------
Performs final model parameters optimization
Estimate model parameters (epsilon = 0.010)
1. Initial log-likelihood: -40605.167
Optimal log-likelihood: -40605.167
Rate parameters:  A-C: 1.00000  A-G: 5.91581  A-T: 1.00000  C-G: 1.00000  C-T: 5.91581  G-T: 1.00000
Base frequencies:  A: 0.299  C: 0.184  G: 0.196  T: 0.321
Proportion of invariable sites: 0.994
Parameters optimization took 1 rounds (0.001 sec)
BEST SCORE FOUND : -40605.167
Creating bootstrap support values...
Split supports printed to NEXUS file Khatamzas-pt-1_LSD_Collapse-1.splits.nex
Total tree length: 0.001

Total number of iterations: 288
CPU time used for tree search: 4.170 sec (0h:0m:4s)
Wall-clock time used for tree search: 4.127 sec (0h:0m:4s)
Total CPU time used: 4.260 sec (0h:0m:4s)
Total wall-clock time used: 4.222 sec (0h:0m:4s)

Computing bootstrap consensus tree...
Reading input file Khatamzas-pt-1_LSD_Collapse-1.splits.nex...
21 taxa and 269 splits.
Consensus tree written to Khatamzas-pt-1_LSD_Collapse-1.contree
Reading input trees file Khatamzas-pt-1_LSD_Collapse-1.contree
Log-likelihood of consensus tree: -40605.605

Analysis results written to: 
  IQ-TREE report:                Khatamzas-pt-1_LSD_Collapse-1.iqtree
  Maximum-likelihood tree:       Khatamzas-pt-1_LSD_Collapse-1.treefile
  Likelihood distances:          Khatamzas-pt-1_LSD_Collapse-1.mldist

Ultrafast bootstrap approximation results written to:
  Split support values:          Khatamzas-pt-1_LSD_Collapse-1.splits.nex
  Consensus tree:                Khatamzas-pt-1_LSD_Collapse-1.contree
  Screen log file:               Khatamzas-pt-1_LSD_Collapse-1.log

--- Start phylogenetic dating ---
Extracting date from node names...
21 dates extracted
Building time tree by least-square dating (LSD) with command:
lsd -i Khatamzas-pt-1_LSD_Collapse-1.timetree.subst -s 29903 -o Khatamzas-pt-1_LSD_Collapse-1.timetree -f 100 -r a -d Khatamzas-pt-1_LSD_Collapse-1.timetree.date -l -1 

TREE 1
*PROCESSING:
Reading the tree ... 
Collapse 0 (over 18) internal branches having branch length <= -1
 (settable via option -l)
Parameter to adjust variances was set to 0.000334 (settable via option -b)
Minimum branch length of time scaled tree (settable via option -u and -U): 0
Estimating the root position on all branches using fast method ...
Computing confidence intervals using sequence length 29903 and a lognormal
 relaxed clock with mean 1, standard deviation 0.2 (settable via option -q)
*RESULTS:
- Dating results:
 rate 0.0010941, tMRCA 2020-04-17 , objective function 9.73979e-05
- Results with confidence intervals:
 rate 0.0010941 [0.000626165; 0.00165357], tMRCA 2020-04-17 [2020-03-04; 2020-05-10], objective function 9.73979e-05

TOTAL ELAPSED TIME: 0.0166 seconds
LSD results written to:
  LSD report:                  Khatamzas-pt-1_LSD_Collapse-1.timetree.lsd
  Time tree in nexus format:   Khatamzas-pt-1_LSD_Collapse-1.timetree.nex
  Time tree in newick format:  Khatamzas-pt-1_LSD_Collapse-1.timetree.nwk

--- End phylogenetic dating ---
Date and Time: Wed May  3 13:57:33 2023
