IQ-TREE multicore version 2.1.2 COVID-edition for Mac OS X 64-bit built Oct 22 2020
Developed by Bui Quang Minh, James Barbetti, Nguyen Lam Tung,
Olga Chernomor, Heiko Schmidt, Dominik Schrempf, Michael Woodhams.

Host:    dlmp133362.w-staff.shh.mpg.de (AVX512, FMA3, 16 GB RAM)
Command: /Users/oeversti/iqtree-2.1.2-MacOSX/bin/iqtree2 -s Khatamzas-pt-1_maskedRefRemMafft.fasta --prefix Khatamzas-pt-1_LSD_CollapseDefault -m MFP -B 1000 --date TAXNAME --date-ci 100
Seed:    419232 (Using SPRNG - Scalable Parallel Random Number Generator)
Time:    Wed May  3 13:58:55 2023
Kernel:  AVX+FMA - 1 threads (8 CPU cores detected)

HINT: Use -nt option to specify number of threads because your CPU has 8 cores!
HINT: -nt AUTO will automatically determine the best number of threads to use.

Reading alignment file Khatamzas-pt-1_maskedRefRemMafft.fasta ... Fasta format detected
Alignment most likely contains DNA/RNA sequences
WARNING: 265 sites contain only gaps or ambiguous characters.
Alignment has 21 sequences with 29903 columns, 180 distinct patterns
18 parsimony-informative, 16 singleton sites, 29869 constant sites
                               Gap/Ambiguity  Composition  p-value
   1  Khatamzas-pt-1_0|2020-05-11      1.36%    passed     99.92%
   2  Khatamzas-pt-1_112|2020-08-31    1.86%    passed     99.99%
   3  Khatamzas-pt-1_122|2020-09-10    3.89%    passed     99.56%
   4  Khatamzas-pt-1_129|2020-09-17    2.32%    passed     99.59%
   5  Khatamzas-pt-1_136|2020-09-24    2.65%    passed     99.89%
   6  Khatamzas-pt-1_147|2020-10-05    2.14%    passed     99.10%
   7  Khatamzas-pt-1_149|2020-10-07    0.91%    passed     99.99%
   8  Khatamzas-pt-1_15|2020-05-26     0.89%    passed    100.00%
   9  Khatamzas-pt-1_22|2020-06-02     0.89%    passed    100.00%
  10  Khatamzas-pt-1_28|2020-06-08     0.89%    passed     99.98%
  11  Khatamzas-pt-1_36|2020-06-16     0.89%    passed     99.99%
  12  Khatamzas-pt-1_45|2020-06-23     0.89%    passed    100.00%
  13  Khatamzas-pt-1_49|2020-06-29     0.89%    passed     99.99%
  14  Khatamzas-pt-1_56|2020-07-06     1.97%    passed     99.95%
  15  Khatamzas-pt-1_57|2020-07-07     0.90%    passed    100.00%
  16  Khatamzas-pt-1_59|2020-07-09     1.86%    passed     99.94%
  17  Khatamzas-pt-1_63|2020-07-13     2.43%    passed     99.89%
  18  Khatamzas-pt-1_66|2020-07-16     1.84%    passed     99.92%
  19  Khatamzas-pt-1_73|2020-07-23     2.66%    passed     99.84%
  20  Khatamzas-pt-1_78|2020-07-28     0.94%    passed     99.98%
  21  Khatamzas-pt-1_92|2020-08-11     0.91%    passed     99.99%
****  TOTAL                            1.62%  0 sequences failed composition chi2 test (p-value<5%; df=3)


Create initial parsimony tree by phylogenetic likelihood library (PLL)... 0.001 seconds
Perform fast likelihood tree search using GTR+I+G model...
Estimate model parameters (epsilon = 5.000)
Perform nearest neighbor interchange...
Estimate model parameters (epsilon = 1.000)
1. Initial log-likelihood: -40609.653
Optimal log-likelihood: -40609.631
Rate parameters:  A-C: 0.31542  A-G: 1.15433  A-T: 0.31416  C-G: 0.00010  C-T: 2.72118  G-T: 1.00000
Base frequencies:  A: 0.299  C: 0.184  G: 0.196  T: 0.321
Proportion of invariable sites: 0.500
Gamma shape alpha: 0.020
Parameters optimization took 1 rounds (0.011 sec)
Time for fast ML tree search: 0.045 seconds

NOTE: ModelFinder requires 1 MB RAM!
ModelFinder will test up to 286 DNA models (sample size: 29903) ...
 No. Model         -LnL         df  AIC          AICc         BIC
  1  GTR+F         40617.768    47  81329.536    81329.687    81719.904
  2  GTR+F+I       40600.797    48  81297.594    81297.752    81696.269
  3  GTR+F+G4      40612.132    48  81320.264    81320.421    81718.938
  4  GTR+F+I+G4    40609.442    49  81316.885    81317.049    81723.865
  5  GTR+F+R2      40616.040    49  81330.079    81330.243    81737.059
  6  GTR+F+R3      40614.538    51  81331.075    81331.253    81754.667
 15  SYM+I         41485.975    45  83061.950    83062.089    83435.707
 28  TVM+F+I       40602.774    47  81299.547    81299.698    81689.916
 41  TVMe+I        41488.127    44  83064.253    83064.386    83429.705
 54  TIM3+F+I      40602.580    46  81297.160    81297.305    81679.223
 67  TIM3e+I       41487.519    43  83061.037    83061.164    83418.183
 80  TIM2+F+I      40602.995    46  81297.990    81298.135    81680.053
 93  TIM2e+I       41489.001    43  83064.002    83064.128    83421.147
106  TIM+F+I       40602.387    46  81296.774    81296.919    81678.837
119  TIMe+I        41488.405    43  83062.811    83062.937    83419.956
132  TPM3u+F+I     40605.049    45  81300.097    81300.236    81673.854
145  TPM3+F+I      40605.002    45  81300.005    81300.143    81673.762
158  TPM2u+F+I     40605.721    45  81301.441    81301.580    81675.198
171  TPM2+F+I      40605.721    45  81301.441    81301.580    81675.198
184  K3Pu+F+I      40605.602    45  81301.205    81301.343    81674.962
197  K3P+I         41491.520    42  83067.039    83067.160    83415.879
210  TN+F+I        40603.387    45  81296.774    81296.913    81670.531
223  TNe+I         41489.229    42  83062.457    83062.578    83411.297
236  HKY+F+I       40605.435    44  81298.870    81299.003    81664.321
249  K2P+I         41491.370    41  83064.741    83064.856    83405.275
262  F81+F+I       40618.944    43  81323.887    81324.014    81681.033
275  JC+I          41504.121    40  83088.242    83088.351    83420.470
Akaike Information Criterion:           TN+F+I
Corrected Akaike Information Criterion: TN+F+I
Bayesian Information Criterion:         HKY+F+I
Best-fit model: HKY+F+I chosen according to BIC

All model information printed to Khatamzas-pt-1_LSD_CollapseDefault.model.gz
CPU time for ModelFinder: 0.168 seconds (0h:0m:0s)
Wall-clock time for ModelFinder: 0.257 seconds (0h:0m:0s)
Generating 1000 samples for ultrafast bootstrap (seed: 419232)...

NOTE: 0 MB RAM (0 GB) is required!
Estimate model parameters (epsilon = 0.100)
1. Initial log-likelihood: -40605.435
Optimal log-likelihood: -40605.395
Rate parameters:  A-C: 1.00000  A-G: 7.27844  A-T: 1.00000  C-G: 1.00000  C-T: 7.27844  G-T: 1.00000
Base frequencies:  A: 0.299  C: 0.184  G: 0.196  T: 0.321
Proportion of invariable sites: 0.994
Parameters optimization took 1 rounds (0.001 sec)
Computing ML distances based on estimated model parameters...
Computing ML distances took 0.003460 sec (of wall-clock time) 0.003065 sec(of CPU time)
WARNING: Some pairwise ML distances are too long (saturated)
Computing RapidNJ tree took 0.000065 sec (of wall-clock time) 0.000057 sec (of CPU time)
Log-likelihood of RapidNJ tree: -40990.705
--------------------------------------------------------------------
|             INITIALIZING CANDIDATE TREE SET                      |
--------------------------------------------------------------------
Generating 98 parsimony trees... 0.043 second
Computing log-likelihood of 98 initial trees ... 0.039 seconds
Current best score: -40605.395

Do NNI search on 20 best initial trees
Estimate model parameters (epsilon = 0.100)
BETTER TREE FOUND at iteration 1: -40605.361
Estimate model parameters (epsilon = 0.100)
BETTER TREE FOUND at iteration 2: -40605.262
Estimate model parameters (epsilon = 0.100)
BETTER TREE FOUND at iteration 3: -40605.221
Iteration 10 / LogL: -40605.262 / Time: 0h:0m:0s
Iteration 20 / LogL: -40605.298 / Time: 0h:0m:0s
Finish initializing candidate tree set (15)
Current best tree score: -40605.221 / CPU time: 0.274
Number of iterations: 20
--------------------------------------------------------------------
|               OPTIMIZING CANDIDATE TREE SET                      |
--------------------------------------------------------------------
UPDATE BEST LOG-LIKELIHOOD: -40605.220
Iteration 30 / LogL: -40605.220 / Time: 0h:0m:0s (0h:0m:1s left)
Iteration 40 / LogL: -40605.241 / Time: 0h:0m:0s (0h:0m:0s left)
Iteration 50 / LogL: -40605.422 / Time: 0h:0m:0s (0h:0m:0s left)
Log-likelihood cutoff on original alignment: -40621.270
Iteration 60 / LogL: -40605.229 / Time: 0h:0m:0s (0h:0m:0s left)
Iteration 70 / LogL: -40605.404 / Time: 0h:0m:0s (0h:0m:0s left)
UPDATE BEST LOG-LIKELIHOOD: -40605.220
Iteration 80 / LogL: -40605.247 / Time: 0h:0m:1s (0h:0m:0s left)
Iteration 90 / LogL: -40605.413 / Time: 0h:0m:1s (0h:0m:0s left)
Iteration 100 / LogL: -40605.264 / Time: 0h:0m:1s (0h:0m:0s left)
Log-likelihood cutoff on original alignment: -40624.310
NOTE: Bootstrap correlation coefficient of split occurrence frequencies: 0.993
TREE SEARCH COMPLETED AFTER 104 ITERATIONS / Time: 0h:0m:1s

--------------------------------------------------------------------
|                    FINALIZING TREE SEARCH                        |
--------------------------------------------------------------------
Performs final model parameters optimization
Estimate model parameters (epsilon = 0.010)
1. Initial log-likelihood: -40605.220
2. Current log-likelihood: -40605.204
3. Current log-likelihood: -40605.193
Optimal log-likelihood: -40605.184
Rate parameters:  A-C: 1.00000  A-G: 6.44075  A-T: 1.00000  C-G: 1.00000  C-T: 6.44075  G-T: 1.00000
Base frequencies:  A: 0.299  C: 0.184  G: 0.196  T: 0.321
Proportion of invariable sites: 0.994
Parameters optimization took 3 rounds (0.003 sec)
BEST SCORE FOUND : -40605.184
Creating bootstrap support values...
Split supports printed to NEXUS file Khatamzas-pt-1_LSD_CollapseDefault.splits.nex
Total tree length: 0.001

Total number of iterations: 104
CPU time used for tree search: 1.538 sec (0h:0m:1s)
Wall-clock time used for tree search: 1.420 sec (0h:0m:1s)
Total CPU time used: 1.630 sec (0h:0m:1s)
Total wall-clock time used: 1.518 sec (0h:0m:1s)

Computing bootstrap consensus tree...
Reading input file Khatamzas-pt-1_LSD_CollapseDefault.splits.nex...
21 taxa and 231 splits.
Consensus tree written to Khatamzas-pt-1_LSD_CollapseDefault.contree
Reading input trees file Khatamzas-pt-1_LSD_CollapseDefault.contree
Log-likelihood of consensus tree: -40605.622

Analysis results written to: 
  IQ-TREE report:                Khatamzas-pt-1_LSD_CollapseDefault.iqtree
  Maximum-likelihood tree:       Khatamzas-pt-1_LSD_CollapseDefault.treefile
  Likelihood distances:          Khatamzas-pt-1_LSD_CollapseDefault.mldist

Ultrafast bootstrap approximation results written to:
  Split support values:          Khatamzas-pt-1_LSD_CollapseDefault.splits.nex
  Consensus tree:                Khatamzas-pt-1_LSD_CollapseDefault.contree
  Screen log file:               Khatamzas-pt-1_LSD_CollapseDefault.log

--- Start phylogenetic dating ---
Extracting date from node names...
21 dates extracted
Building time tree by least-square dating (LSD) with command:
lsd -i Khatamzas-pt-1_LSD_CollapseDefault.timetree.subst -s 29903 -o Khatamzas-pt-1_LSD_CollapseDefault.timetree -f 100 -r a -d Khatamzas-pt-1_LSD_CollapseDefault.timetree.date 

TREE 1
*PROCESSING:
Reading the tree ... 
Collapse 7 (over 18) internal branches having branch length <= 1.67e-05
 (settable via option -l)
Parameter to adjust variances was set to 0.000334 (settable via option -b)
Minimum branch length of time scaled tree (settable via option -u and -U): 0
Estimating the root position on all branches using fast method ...
Computing confidence intervals using sequence length 29903 and a lognormal
 relaxed clock with mean 1, standard deviation 0.2 (settable via option -q)
*WARNINGS:
- 38.8889% internal branches were collapsed.
*RESULTS:
- Dating results:
 rate 0.00095509, tMRCA 2020-04-12 , objective function 9.61636e-05
- Results with confidence intervals:
 rate 0.00095509 [0.000466276; 0.00134723], tMRCA 2020-04-12 [2019-12-18; 2020-05-10], objective function 9.61636e-05

TOTAL ELAPSED TIME: 0.00997 seconds
LSD results written to:
  LSD report:                  Khatamzas-pt-1_LSD_CollapseDefault.timetree.lsd
  Time tree in nexus format:   Khatamzas-pt-1_LSD_CollapseDefault.timetree.nex
  Time tree in newick format:  Khatamzas-pt-1_LSD_CollapseDefault.timetree.nwk

--- End phylogenetic dating ---
Date and Time: Wed May  3 13:58:57 2023
