IQ-TREE multicore version 2.1.2 COVID-edition for Mac OS X 64-bit built Oct 22 2020
Developed by Bui Quang Minh, James Barbetti, Nguyen Lam Tung,
Olga Chernomor, Heiko Schmidt, Dominik Schrempf, Michael Woodhams.

Host:    dlmp133362.w-staff.shh.mpg.de (AVX512, FMA3, 16 GB RAM)
Command: /Users/oeversti/iqtree-2.1.2-MacOSX/bin/iqtree2 -s Rockett-pt-2_maskedRefRemMafft.fasta --prefix Rockett-pt-2_LSD_Collapse-1 -m MFP -B 1000 --date TAXNAME --date-ci 100 --date-options -l -1 -redo
Seed:    307297 (Using SPRNG - Scalable Parallel Random Number Generator)
Time:    Wed May  3 18:01:50 2023
Kernel:  AVX+FMA - 1 threads (8 CPU cores detected)

HINT: Use -nt option to specify number of threads because your CPU has 8 cores!
HINT: -nt AUTO will automatically determine the best number of threads to use.

Reading alignment file Rockett-pt-2_maskedRefRemMafft.fasta ... Fasta format detected
Alignment most likely contains DNA/RNA sequences
WARNING: 631 sites contain only gaps or ambiguous characters.
Alignment has 8 sequences with 29903 columns, 30 distinct patterns
2 parsimony-informative, 7 singleton sites, 29894 constant sites
                            Gap/Ambiguity  Composition  p-value
   1  Rockett-pt-2_11|2021-10-18    2.35%    passed     99.95%
   2  Rockett-pt-2_0|2021-10-07     2.11%    passed    100.00%
   3  Rockett-pt-2_4|2021-10-11     3.12%    passed    100.00%
   4  Rockett-pt-2_7|2021-10-14     2.11%    passed    100.00%
   5  Rockett-pt-2_20|2021-10-27    5.58%    passed     99.84%
   6  Rockett-pt-2_26|2021-11-02    2.11%    passed    100.00%
   7  Rockett-pt-2_30|2021-11-06    2.11%    passed    100.00%
   8  Rockett-pt-2_31|2021-11-07    2.11%    passed    100.00%
****  TOTAL                         2.70%  0 sequences failed composition chi2 test (p-value<5%; df=3)
NOTE: Rockett-pt-2_30|2021-11-06 is identical to Rockett-pt-2_26|2021-11-02 but kept for subsequent analysis
NOTE: 1 identical sequences (see below) will be ignored for subsequent analysis
NOTE: Rockett-pt-2_31|2021-11-07 (identical to Rockett-pt-2_26|2021-11-02) is ignored but added at the end
Alignment was printed to Rockett-pt-2_LSD_Collapse-1.uniqueseq.phy

For your convenience alignment with unique sequences printed to Rockett-pt-2_LSD_Collapse-1.uniqueseq.phy


Create initial parsimony tree by phylogenetic likelihood library (PLL)... 0.001 seconds
Perform fast likelihood tree search using GTR+I+G model...
Estimate model parameters (epsilon = 5.000)
Perform nearest neighbor interchange...
Estimate model parameters (epsilon = 1.000)
1. Initial log-likelihood: -39787.222
Optimal log-likelihood: -39786.340
Rate parameters:  A-C: 2.20152  A-G: 0.69060  A-T: 0.56061  C-G: 0.00010  C-T: 2.64316  G-T: 1.00000
Base frequencies:  A: 0.299  C: 0.183  G: 0.196  T: 0.322
Proportion of invariable sites: 0.500
Gamma shape alpha: 998.448
Parameters optimization took 1 rounds (0.000 sec)
Time for fast ML tree search: 0.006 seconds

NOTE: ModelFinder requires 0 MB RAM!
ModelFinder will test up to 286 DNA models (sample size: 29903) ...
 No. Model         -LnL         df  AIC          AICc         BIC
  1  GTR+F         39786.278    19  79610.556    79610.581    79768.364
  2  GTR+F+I       39786.212    20  79612.424    79612.452    79778.539
  3  GTR+F+G4      39786.212    20  79612.425    79612.453    79778.539
  4  GTR+F+I+G4    39786.213    21  79614.427    79614.458    79788.847
  5  GTR+F+R2      39786.209    21  79614.418    79614.449    79788.838
  6  GTR+F+R3      39786.209    23  79618.418    79618.455    79809.450
 14  SYM           40679.728    16  81391.455    81391.473    81524.347
 27  TVM+F         39787.125    18  79610.250    79610.273    79759.753
 40  TVMe          40680.579    15  81391.158    81391.174    81515.744
 53  TIM3+F        39787.342    17  79608.685    79608.705    79749.882
 66  TIM3e         40681.231    14  81390.463    81390.477    81506.742
 79  TIM2+F        39787.542    17  79609.084    79609.105    79750.281
 92  TIM2e         40680.945    14  81389.890    81389.904    81506.170
105  TIM+F         39787.530    17  79609.061    79609.081    79750.258
118  TIMe          40681.344    14  81390.688    81390.702    81506.968
131  TPM3u+F       39788.178    16  79608.357    79608.375    79741.248
144  TPM3+F        39788.124    16  79608.248    79608.266    79741.139
157  TPM2u+F       39788.192    16  79608.384    79608.403    79741.276
170  TPM2+F        39788.192    16  79608.384    79608.403    79741.276
183  K3Pu+F        39788.481    16  79608.962    79608.980    79741.854
196  K3P           40682.313    13  81390.626    81390.638    81498.600
209  TN+F          39788.191    16  79608.383    79608.401    79741.274
222  TNe           40681.868    13  81389.737    81389.749    81497.711
235  HKY+F         39789.100    15  79608.200    79608.216    79732.786
248  K2P           40682.765    12  81389.529    81389.540    81489.198
261  F81+F         39790.152    14  79608.303    79608.317    79724.583
274  JC            40683.697    11  81389.393    81389.402    81480.756
Akaike Information Criterion:           HKY+F
Corrected Akaike Information Criterion: HKY+F
Bayesian Information Criterion:         F81+F
Best-fit model: F81+F chosen according to BIC

All model information printed to Rockett-pt-2_LSD_Collapse-1.model.gz
CPU time for ModelFinder: 0.027 seconds (0h:0m:0s)
Wall-clock time for ModelFinder: 0.043 seconds (0h:0m:0s)
Generating 1000 samples for ultrafast bootstrap (seed: 307297)...

NOTE: 0 MB RAM (0 GB) is required!
Estimate model parameters (epsilon = 0.100)
1. Initial log-likelihood: -39790.152
Optimal log-likelihood: -39790.152
Rate parameters:  A-C: 1.00000  A-G: 1.00000  A-T: 1.00000  C-G: 1.00000  C-T: 1.00000  G-T: 1.00000
Base frequencies:  A: 0.299  C: 0.183  G: 0.196  T: 0.322
Parameters optimization took 1 rounds (0.000 sec)
Computing ML distances based on estimated model parameters...
Computing ML distances took 0.000616 sec (of wall-clock time) 0.000390 sec(of CPU time)
Computing RapidNJ tree took 0.000024 sec (of wall-clock time) 0.000019 sec (of CPU time)
Log-likelihood of RapidNJ tree: -39813.758
--------------------------------------------------------------------
|             INITIALIZING CANDIDATE TREE SET                      |
--------------------------------------------------------------------
Generating 98 parsimony trees... 0.013 second
Computing log-likelihood of 75 initial trees ... 0.007 seconds
Current best score: -39790.152

Do NNI search on 20 best initial trees
Estimate model parameters (epsilon = 0.100)
BETTER TREE FOUND at iteration 1: -39790.152
Iteration 10 / LogL: -39790.166 / Time: 0h:0m:0s
UPDATE BEST LOG-LIKELIHOOD: -39790.152
UPDATE BEST LOG-LIKELIHOOD: -39790.152
UPDATE BEST LOG-LIKELIHOOD: -39790.152
Iteration 20 / LogL: -39790.152 / Time: 0h:0m:0s
Finish initializing candidate tree set (9)
Current best tree score: -39790.152 / CPU time: 0.036
Number of iterations: 20
--------------------------------------------------------------------
|               OPTIMIZING CANDIDATE TREE SET                      |
--------------------------------------------------------------------
UPDATE BEST LOG-LIKELIHOOD: -39790.151
Iteration 30 / LogL: -39790.152 / Time: 0h:0m:0s (0h:0m:0s left)
Iteration 40 / LogL: -39790.166 / Time: 0h:0m:0s (0h:0m:0s left)
Iteration 50 / LogL: -39790.151 / Time: 0h:0m:0s (0h:0m:0s left)
Log-likelihood cutoff on original alignment: -39817.371
Iteration 60 / LogL: -39790.166 / Time: 0h:0m:0s (0h:0m:0s left)
Iteration 70 / LogL: -39790.151 / Time: 0h:0m:0s (0h:0m:0s left)
Iteration 80 / LogL: -39790.166 / Time: 0h:0m:0s (0h:0m:0s left)
Iteration 90 / LogL: -39790.152 / Time: 0h:0m:0s (0h:0m:0s left)
Iteration 100 / LogL: -39790.151 / Time: 0h:0m:0s (0h:0m:0s left)
Log-likelihood cutoff on original alignment: -39817.371
NOTE: Bootstrap correlation coefficient of split occurrence frequencies: 0.962
NOTE: UFBoot does not converge, continue at least 100 more iterations
Iteration 110 / LogL: -39790.152 / Time: 0h:0m:0s (0h:0m:0s left)
Iteration 120 / LogL: -39790.151 / Time: 0h:0m:0s (0h:0m:0s left)
Iteration 130 / LogL: -39790.151 / Time: 0h:0m:0s (0h:0m:0s left)
Iteration 140 / LogL: -39790.167 / Time: 0h:0m:0s (0h:0m:0s left)
Iteration 150 / LogL: -39790.152 / Time: 0h:0m:0s (0h:0m:0s left)
Log-likelihood cutoff on original alignment: -39817.371
Iteration 160 / LogL: -39790.152 / Time: 0h:0m:0s (0h:0m:0s left)
Iteration 170 / LogL: -39790.152 / Time: 0h:0m:0s (0h:0m:0s left)
Iteration 180 / LogL: -39790.152 / Time: 0h:0m:0s (0h:0m:0s left)
Iteration 190 / LogL: -39790.151 / Time: 0h:0m:0s (0h:0m:0s left)
Iteration 200 / LogL: -39790.152 / Time: 0h:0m:0s (0h:0m:0s left)
Log-likelihood cutoff on original alignment: -39817.371
NOTE: Bootstrap correlation coefficient of split occurrence frequencies: 0.934
NOTE: UFBoot does not converge, continue at least 100 more iterations
Iteration 210 / LogL: -39790.152 / Time: 0h:0m:0s (0h:0m:0s left)
Iteration 220 / LogL: -39790.152 / Time: 0h:0m:0s (0h:0m:0s left)
Iteration 230 / LogL: -39790.152 / Time: 0h:0m:0s (0h:0m:0s left)
Iteration 240 / LogL: -39790.151 / Time: 0h:0m:0s (0h:0m:0s left)
Iteration 250 / LogL: -39790.151 / Time: 0h:0m:0s (0h:0m:0s left)
Log-likelihood cutoff on original alignment: -39817.371
Iteration 260 / LogL: -39790.151 / Time: 0h:0m:0s (0h:0m:0s left)
Iteration 270 / LogL: -39790.166 / Time: 0h:0m:0s (0h:0m:0s left)
Iteration 280 / LogL: -39790.152 / Time: 0h:0m:1s (0h:0m:0s left)
Iteration 290 / LogL: -39790.152 / Time: 0h:0m:1s (0h:0m:0s left)
Iteration 300 / LogL: -39790.166 / Time: 0h:0m:1s (0h:0m:0s left)
Log-likelihood cutoff on original alignment: -39817.371
NOTE: Bootstrap correlation coefficient of split occurrence frequencies: 0.955
NOTE: UFBoot does not converge, continue at least 100 more iterations
Iteration 310 / LogL: -39790.152 / Time: 0h:0m:1s (0h:0m:0s left)
Iteration 320 / LogL: -39790.152 / Time: 0h:0m:1s (0h:0m:0s left)
Iteration 330 / LogL: -39790.151 / Time: 0h:0m:1s (0h:0m:0s left)
Iteration 340 / LogL: -39790.152 / Time: 0h:0m:1s (0h:0m:0s left)
Iteration 350 / LogL: -39790.152 / Time: 0h:0m:1s (0h:0m:0s left)
Log-likelihood cutoff on original alignment: -39817.371
Iteration 360 / LogL: -39790.152 / Time: 0h:0m:1s (0h:0m:0s left)
Iteration 370 / LogL: -39790.151 / Time: 0h:0m:1s (0h:0m:0s left)
Iteration 380 / LogL: -39790.152 / Time: 0h:0m:1s (0h:0m:0s left)
Iteration 390 / LogL: -39790.151 / Time: 0h:0m:1s (0h:0m:0s left)
Iteration 400 / LogL: -39790.166 / Time: 0h:0m:1s (0h:0m:0s left)
Log-likelihood cutoff on original alignment: -39817.371
NOTE: Bootstrap correlation coefficient of split occurrence frequencies: 0.951
NOTE: UFBoot does not converge, continue at least 100 more iterations
Iteration 410 / LogL: -39790.152 / Time: 0h:0m:1s (0h:0m:0s left)
Iteration 420 / LogL: -39790.152 / Time: 0h:0m:1s (0h:0m:0s left)
Iteration 430 / LogL: -39790.167 / Time: 0h:0m:1s (0h:0m:0s left)
Iteration 440 / LogL: -39790.151 / Time: 0h:0m:1s (0h:0m:0s left)
Iteration 450 / LogL: -39790.152 / Time: 0h:0m:1s (0h:0m:0s left)
Log-likelihood cutoff on original alignment: -39817.371
Iteration 460 / LogL: -39790.151 / Time: 0h:0m:1s (0h:0m:0s left)
Iteration 470 / LogL: -39790.151 / Time: 0h:0m:1s (0h:0m:0s left)
Iteration 480 / LogL: -39790.152 / Time: 0h:0m:1s (0h:0m:0s left)
Iteration 490 / LogL: -39790.151 / Time: 0h:0m:1s (0h:0m:0s left)
Iteration 500 / LogL: -39790.151 / Time: 0h:0m:1s (0h:0m:0s left)
Log-likelihood cutoff on original alignment: -39817.371
NOTE: Bootstrap correlation coefficient of split occurrence frequencies: 0.956
NOTE: UFBoot does not converge, continue at least 100 more iterations
Iteration 510 / LogL: -39790.151 / Time: 0h:0m:1s (0h:0m:0s left)
Iteration 520 / LogL: -39790.151 / Time: 0h:0m:1s (0h:0m:0s left)
Iteration 530 / LogL: -39790.197 / Time: 0h:0m:2s (0h:0m:0s left)
Iteration 540 / LogL: -39790.152 / Time: 0h:0m:2s (0h:0m:0s left)
Iteration 550 / LogL: -39790.166 / Time: 0h:0m:2s (0h:0m:0s left)
Log-likelihood cutoff on original alignment: -39817.371
Iteration 560 / LogL: -39790.151 / Time: 0h:0m:2s (0h:0m:0s left)
Iteration 570 / LogL: -39790.152 / Time: 0h:0m:2s (0h:0m:0s left)
Iteration 580 / LogL: -39790.151 / Time: 0h:0m:2s (0h:0m:0s left)
Iteration 590 / LogL: -39790.151 / Time: 0h:0m:2s (0h:0m:0s left)
Iteration 600 / LogL: -39790.151 / Time: 0h:0m:2s (0h:0m:0s left)
Log-likelihood cutoff on original alignment: -39817.371
NOTE: Bootstrap correlation coefficient of split occurrence frequencies: 0.960
NOTE: UFBoot does not converge, continue at least 100 more iterations
Iteration 610 / LogL: -39790.152 / Time: 0h:0m:2s (0h:0m:0s left)
Iteration 620 / LogL: -39790.151 / Time: 0h:0m:2s (0h:0m:0s left)
Iteration 630 / LogL: -39790.152 / Time: 0h:0m:2s (0h:0m:0s left)
Iteration 640 / LogL: -39790.151 / Time: 0h:0m:2s (0h:0m:0s left)
Iteration 650 / LogL: -39790.167 / Time: 0h:0m:2s (0h:0m:0s left)
Log-likelihood cutoff on original alignment: -39817.371
Iteration 660 / LogL: -39790.166 / Time: 0h:0m:2s (0h:0m:0s left)
Iteration 670 / LogL: -39790.151 / Time: 0h:0m:2s (0h:0m:0s left)
Iteration 680 / LogL: -39790.152 / Time: 0h:0m:2s (0h:0m:0s left)
Iteration 690 / LogL: -39790.152 / Time: 0h:0m:2s (0h:0m:0s left)
Iteration 700 / LogL: -39790.151 / Time: 0h:0m:2s (0h:0m:0s left)
Log-likelihood cutoff on original alignment: -39817.371
NOTE: Bootstrap correlation coefficient of split occurrence frequencies: 0.983
NOTE: UFBoot does not converge, continue at least 100 more iterations
Iteration 710 / LogL: -39790.151 / Time: 0h:0m:2s (0h:0m:0s left)
Iteration 720 / LogL: -39790.152 / Time: 0h:0m:2s (0h:0m:0s left)
Iteration 730 / LogL: -39790.151 / Time: 0h:0m:2s (0h:0m:0s left)
Iteration 740 / LogL: -39790.151 / Time: 0h:0m:2s (0h:0m:0s left)
Iteration 750 / LogL: -39790.151 / Time: 0h:0m:2s (0h:0m:0s left)
Log-likelihood cutoff on original alignment: -39817.371
Iteration 760 / LogL: -39790.151 / Time: 0h:0m:3s (0h:0m:0s left)
Iteration 770 / LogL: -39790.151 / Time: 0h:0m:3s (0h:0m:0s left)
Iteration 780 / LogL: -39790.151 / Time: 0h:0m:3s (0h:0m:0s left)
Iteration 790 / LogL: -39790.167 / Time: 0h:0m:3s (0h:0m:0s left)
Iteration 800 / LogL: -39790.152 / Time: 0h:0m:3s (0h:0m:0s left)
Log-likelihood cutoff on original alignment: -39817.371
NOTE: Bootstrap correlation coefficient of split occurrence frequencies: 0.962
NOTE: UFBoot does not converge, continue at least 100 more iterations
Iteration 810 / LogL: -39790.255 / Time: 0h:0m:3s (0h:0m:0s left)
Iteration 820 / LogL: -39790.152 / Time: 0h:0m:3s (0h:0m:0s left)
Iteration 830 / LogL: -39790.151 / Time: 0h:0m:3s (0h:0m:0s left)
Iteration 840 / LogL: -39790.167 / Time: 0h:0m:3s (0h:0m:0s left)
Iteration 850 / LogL: -39790.197 / Time: 0h:0m:3s (0h:0m:0s left)
Log-likelihood cutoff on original alignment: -39817.371
Iteration 860 / LogL: -39790.151 / Time: 0h:0m:3s (0h:0m:0s left)
Iteration 870 / LogL: -39790.167 / Time: 0h:0m:3s (0h:0m:0s left)
Iteration 880 / LogL: -39790.152 / Time: 0h:0m:3s (0h:0m:0s left)
Iteration 890 / LogL: -39790.152 / Time: 0h:0m:3s (0h:0m:0s left)
Iteration 900 / LogL: -39790.152 / Time: 0h:0m:3s (0h:0m:0s left)
Log-likelihood cutoff on original alignment: -39817.371
NOTE: Bootstrap correlation coefficient of split occurrence frequencies: 0.980
NOTE: UFBoot does not converge, continue at least 100 more iterations
Iteration 910 / LogL: -39790.152 / Time: 0h:0m:3s (0h:0m:0s left)
Iteration 920 / LogL: -39790.152 / Time: 0h:0m:3s (0h:0m:0s left)
Iteration 930 / LogL: -39790.151 / Time: 0h:0m:3s (0h:0m:0s left)
Iteration 940 / LogL: -39790.254 / Time: 0h:0m:3s (0h:0m:0s left)
Iteration 950 / LogL: -39790.151 / Time: 0h:0m:3s (0h:0m:0s left)
Log-likelihood cutoff on original alignment: -39817.371
Iteration 960 / LogL: -39790.151 / Time: 0h:0m:3s (0h:0m:0s left)
Iteration 970 / LogL: -39790.151 / Time: 0h:0m:3s (0h:0m:0s left)
Iteration 980 / LogL: -39790.151 / Time: 0h:0m:4s (0h:0m:0s left)
Iteration 990 / LogL: -39790.151 / Time: 0h:0m:4s (0h:0m:0s left)
Iteration 1000 / LogL: -39790.167 / Time: 0h:0m:4s (0h:0m:0s left)
Log-likelihood cutoff on original alignment: -39817.371
NOTE: Bootstrap correlation coefficient of split occurrence frequencies: 0.981
NOTE: UFBoot does not converge, continue at least 100 more iterations
WARNING: bootstrap analysis did not converge. You should rerun with higher number of iterations (-nm option)
TREE SEARCH COMPLETED AFTER 1001 ITERATIONS / Time: 0h:0m:4s

--------------------------------------------------------------------
|                    FINALIZING TREE SEARCH                        |
--------------------------------------------------------------------
Performs final model parameters optimization
Estimate model parameters (epsilon = 0.010)
1. Initial log-likelihood: -39790.151
Optimal log-likelihood: -39790.151
Rate parameters:  A-C: 1.00000  A-G: 1.00000  A-T: 1.00000  C-G: 1.00000  C-T: 1.00000  G-T: 1.00000
Base frequencies:  A: 0.299  C: 0.183  G: 0.196  T: 0.322
Parameters optimization took 1 rounds (0.000 sec)
BEST SCORE FOUND : -39790.151
Creating bootstrap support values...
Split supports printed to NEXUS file Rockett-pt-2_LSD_Collapse-1.splits.nex
Total tree length: 0.000

Total number of iterations: 1001
CPU time used for tree search: 4.123 sec (0h:0m:4s)
Wall-clock time used for tree search: 4.126 sec (0h:0m:4s)
Total CPU time used: 4.154 sec (0h:0m:4s)
Total wall-clock time used: 4.161 sec (0h:0m:4s)

Computing bootstrap consensus tree...
Reading input file Rockett-pt-2_LSD_Collapse-1.splits.nex...
7 taxa and 43 splits.
Consensus tree written to Rockett-pt-2_LSD_Collapse-1.contree
Reading input trees file Rockett-pt-2_LSD_Collapse-1.contree
Log-likelihood of consensus tree: -39790.330

Analysis results written to: 
  IQ-TREE report:                Rockett-pt-2_LSD_Collapse-1.iqtree
  Maximum-likelihood tree:       Rockett-pt-2_LSD_Collapse-1.treefile
  Likelihood distances:          Rockett-pt-2_LSD_Collapse-1.mldist

Ultrafast bootstrap approximation results written to:
  Split support values:          Rockett-pt-2_LSD_Collapse-1.splits.nex
  Consensus tree:                Rockett-pt-2_LSD_Collapse-1.contree
  Screen log file:               Rockett-pt-2_LSD_Collapse-1.log

--- Start phylogenetic dating ---
Extracting date from node names...
8 dates extracted
Building time tree by least-square dating (LSD) with command:
lsd -i Rockett-pt-2_LSD_Collapse-1.timetree.subst -s 29903 -o Rockett-pt-2_LSD_Collapse-1.timetree -f 100 -r a -d Rockett-pt-2_LSD_Collapse-1.timetree.date -l -1 

TREE 1
*PROCESSING:
Reading the tree ... 
Collapse 0 (over 5) internal branches having branch length <= -1
 (settable via option -l)
Parameter to adjust variances was set to 0.000334 (settable via option -b)
Minimum branch length of time scaled tree (settable via option -u and -U): 0
Estimating the root position on all branches using fast method ...
Computing confidence intervals using sequence length 29903 and a lognormal
 relaxed clock with mean 1, standard deviation 0.2 (settable via option -q)
*RESULTS:
- Dating results:
 rate 0.00103184, tMRCA 2021-09-19 , objective function 4.19173e-06
- Results with confidence intervals:
 rate 0.00103184 [6.5407e-05; 0.00232837], tMRCA 2021-09-19 [2021-02-23; 2021-10-07], objective function 4.19173e-06

TOTAL ELAPSED TIME: 0.0031 seconds
LSD results written to:
  LSD report:                  Rockett-pt-2_LSD_Collapse-1.timetree.lsd
  Time tree in nexus format:   Rockett-pt-2_LSD_Collapse-1.timetree.nex
  Time tree in newick format:  Rockett-pt-2_LSD_Collapse-1.timetree.nwk

--- End phylogenetic dating ---
Date and Time: Wed May  3 18:01:54 2023
