IQ-TREE multicore version 2.1.2 COVID-edition for Mac OS X 64-bit built Oct 22 2020
Developed by Bui Quang Minh, James Barbetti, Nguyen Lam Tung,
Olga Chernomor, Heiko Schmidt, Dominik Schrempf, Michael Woodhams.

Host:    dlmp133362.w-staff.shh.mpg.de (AVX512, FMA3, 16 GB RAM)
Command: /Users/oeversti/iqtree-2.1.2-MacOSX/bin/iqtree2 -s Rockett-pt-2_maskedRefRemMafft.fasta --prefix Rockett-pt-2_LSD_CollapseDefault -m MFP -B 1000 --date TAXNAME --date-ci 100 --redo
Seed:    597098 (Using SPRNG - Scalable Parallel Random Number Generator)
Time:    Wed May  3 18:03:16 2023
Kernel:  AVX+FMA - 1 threads (8 CPU cores detected)

HINT: Use -nt option to specify number of threads because your CPU has 8 cores!
HINT: -nt AUTO will automatically determine the best number of threads to use.

Reading alignment file Rockett-pt-2_maskedRefRemMafft.fasta ... Fasta format detected
Alignment most likely contains DNA/RNA sequences
WARNING: 631 sites contain only gaps or ambiguous characters.
Alignment has 8 sequences with 29903 columns, 30 distinct patterns
2 parsimony-informative, 7 singleton sites, 29894 constant sites
                            Gap/Ambiguity  Composition  p-value
   1  Rockett-pt-2_11|2021-10-18    2.35%    passed     99.95%
   2  Rockett-pt-2_0|2021-10-07     2.11%    passed    100.00%
   3  Rockett-pt-2_4|2021-10-11     3.12%    passed    100.00%
   4  Rockett-pt-2_7|2021-10-14     2.11%    passed    100.00%
   5  Rockett-pt-2_20|2021-10-27    5.58%    passed     99.84%
   6  Rockett-pt-2_26|2021-11-02    2.11%    passed    100.00%
   7  Rockett-pt-2_30|2021-11-06    2.11%    passed    100.00%
   8  Rockett-pt-2_31|2021-11-07    2.11%    passed    100.00%
****  TOTAL                         2.70%  0 sequences failed composition chi2 test (p-value<5%; df=3)
NOTE: Rockett-pt-2_30|2021-11-06 is identical to Rockett-pt-2_26|2021-11-02 but kept for subsequent analysis
NOTE: 1 identical sequences (see below) will be ignored for subsequent analysis
NOTE: Rockett-pt-2_31|2021-11-07 (identical to Rockett-pt-2_26|2021-11-02) is ignored but added at the end
Alignment was printed to Rockett-pt-2_LSD_CollapseDefault.uniqueseq.phy

For your convenience alignment with unique sequences printed to Rockett-pt-2_LSD_CollapseDefault.uniqueseq.phy


Create initial parsimony tree by phylogenetic likelihood library (PLL)... 0.002 seconds
Perform fast likelihood tree search using GTR+I+G model...
Estimate model parameters (epsilon = 5.000)
Perform nearest neighbor interchange...
Estimate model parameters (epsilon = 1.000)
1. Initial log-likelihood: -39787.237
Optimal log-likelihood: -39786.355
Rate parameters:  A-C: 2.20152  A-G: 0.69061  A-T: 0.56068  C-G: 0.00010  C-T: 2.64316  G-T: 1.00000
Base frequencies:  A: 0.299  C: 0.183  G: 0.196  T: 0.322
Proportion of invariable sites: 0.500
Gamma shape alpha: 998.448
Parameters optimization took 1 rounds (0.001 sec)
Time for fast ML tree search: 0.007 seconds

NOTE: ModelFinder requires 0 MB RAM!
ModelFinder will test up to 286 DNA models (sample size: 29903) ...
 No. Model         -LnL         df  AIC          AICc         BIC
  1  GTR+F         39786.293    19  79610.586    79610.611    79768.394
  2  GTR+F+I       39786.227    20  79612.453    79612.481    79778.568
  3  GTR+F+G4      39786.226    20  79612.453    79612.481    79778.567
  4  GTR+F+I+G4    39786.228    21  79614.456    79614.487    79788.876
  5  GTR+F+R2      39786.223    21  79614.447    79614.477    79788.867
  6  GTR+F+R3      39786.223    23  79618.447    79618.484    79809.478
 14  SYM           40679.743    16  81391.486    81391.504    81524.378
 27  TVM+F         39787.140    18  79610.281    79610.303    79759.783
 40  TVMe          40680.594    15  81391.189    81391.205    81515.775
 53  TIM3+F        39787.357    17  79608.715    79608.735    79749.912
 66  TIM3e         40681.246    14  81390.492    81390.506    81506.772
 79  TIM2+F        39787.557    17  79609.114    79609.135    79750.311
 92  TIM2e         40680.961    14  81389.921    81389.935    81506.201
105  TIM+F         39787.545    17  79609.090    79609.111    79750.288
118  TIMe          40681.359    14  81390.718    81390.732    81506.998
131  TPM3u+F       39788.193    16  79608.387    79608.405    79741.278
144  TPM3+F        39788.139    16  79608.278    79608.296    79741.169
157  TPM2u+F       39788.207    16  79608.414    79608.432    79741.306
170  TPM2+F        39788.207    16  79608.414    79608.432    79741.306
183  K3Pu+F        39788.496    16  79608.992    79609.010    79741.883
196  K3P           40682.328    13  81390.656    81390.668    81498.630
209  TN+F          39788.206    16  79608.413    79608.431    79741.304
222  TNe           40681.884    13  81389.767    81389.780    81497.742
235  HKY+F         39789.115    15  79608.230    79608.246    79732.816
248  K2P           40682.780    12  81389.559    81389.570    81489.228
261  F81+F         39790.167    14  79608.333    79608.347    79724.613
274  JC            40683.712    11  81389.423    81389.432    81480.786
Akaike Information Criterion:           HKY+F
Corrected Akaike Information Criterion: HKY+F
Bayesian Information Criterion:         F81+F
Best-fit model: F81+F chosen according to BIC

All model information printed to Rockett-pt-2_LSD_CollapseDefault.model.gz
CPU time for ModelFinder: 0.028 seconds (0h:0m:0s)
Wall-clock time for ModelFinder: 0.045 seconds (0h:0m:0s)
Generating 1000 samples for ultrafast bootstrap (seed: 597098)...

NOTE: 0 MB RAM (0 GB) is required!
Estimate model parameters (epsilon = 0.100)
1. Initial log-likelihood: -39790.167
Optimal log-likelihood: -39790.167
Rate parameters:  A-C: 1.00000  A-G: 1.00000  A-T: 1.00000  C-G: 1.00000  C-T: 1.00000  G-T: 1.00000
Base frequencies:  A: 0.299  C: 0.183  G: 0.196  T: 0.322
Parameters optimization took 1 rounds (0.000 sec)
Computing ML distances based on estimated model parameters...
Computing ML distances took 0.000796 sec (of wall-clock time) 0.000586 sec(of CPU time)
Computing RapidNJ tree took 0.000032 sec (of wall-clock time) 0.000025 sec (of CPU time)
Log-likelihood of RapidNJ tree: -39813.758
--------------------------------------------------------------------
|             INITIALIZING CANDIDATE TREE SET                      |
--------------------------------------------------------------------
Generating 98 parsimony trees... 0.013 second
Computing log-likelihood of 82 initial trees ... 0.007 seconds
Current best score: -39790.166

Do NNI search on 20 best initial trees
Estimate model parameters (epsilon = 0.100)
BETTER TREE FOUND at iteration 1: -39790.152
BETTER TREE FOUND at iteration 4: -39790.152
UPDATE BEST LOG-LIKELIHOOD: -39790.152
Iteration 10 / LogL: -39790.152 / Time: 0h:0m:0s
UPDATE BEST LOG-LIKELIHOOD: -39790.152
UPDATE BEST LOG-LIKELIHOOD: -39790.152
Iteration 20 / LogL: -39790.152 / Time: 0h:0m:0s
Finish initializing candidate tree set (8)
Current best tree score: -39790.152 / CPU time: 0.040
Number of iterations: 20
--------------------------------------------------------------------
|               OPTIMIZING CANDIDATE TREE SET                      |
--------------------------------------------------------------------
Iteration 30 / LogL: -39790.152 / Time: 0h:0m:0s (0h:0m:0s left)
UPDATE BEST LOG-LIKELIHOOD: -39790.151
UPDATE BEST LOG-LIKELIHOOD: -39790.151
Iteration 40 / LogL: -39790.151 / Time: 0h:0m:0s (0h:0m:0s left)
Iteration 50 / LogL: -39790.152 / Time: 0h:0m:0s (0h:0m:0s left)
Log-likelihood cutoff on original alignment: -39820.006
Iteration 60 / LogL: -39790.253 / Time: 0h:0m:0s (0h:0m:0s left)
Iteration 70 / LogL: -39790.152 / Time: 0h:0m:0s (0h:0m:0s left)
Iteration 80 / LogL: -39790.152 / Time: 0h:0m:0s (0h:0m:0s left)
Iteration 90 / LogL: -39790.152 / Time: 0h:0m:0s (0h:0m:0s left)
Iteration 100 / LogL: -39790.152 / Time: 0h:0m:0s (0h:0m:0s left)
Log-likelihood cutoff on original alignment: -39817.371
NOTE: Bootstrap correlation coefficient of split occurrence frequencies: 0.849
NOTE: UFBoot does not converge, continue at least 100 more iterations
UPDATE BEST LOG-LIKELIHOOD: -39790.151
Iteration 110 / LogL: -39790.151 / Time: 0h:0m:0s (0h:0m:0s left)
Iteration 120 / LogL: -39790.166 / Time: 0h:0m:0s (0h:0m:0s left)
UPDATE BEST LOG-LIKELIHOOD: -39790.151
Iteration 130 / LogL: -39790.152 / Time: 0h:0m:0s (0h:0m:0s left)
Iteration 140 / LogL: -39790.152 / Time: 0h:0m:0s (0h:0m:0s left)
Iteration 150 / LogL: -39790.152 / Time: 0h:0m:0s (0h:0m:0s left)
Log-likelihood cutoff on original alignment: -39817.371
Iteration 160 / LogL: -39790.152 / Time: 0h:0m:0s (0h:0m:0s left)
Iteration 170 / LogL: -39790.151 / Time: 0h:0m:0s (0h:0m:0s left)
Iteration 180 / LogL: -39790.167 / Time: 0h:0m:0s (0h:0m:0s left)
UPDATE BEST LOG-LIKELIHOOD: -39790.151
Iteration 190 / LogL: -39790.152 / Time: 0h:0m:0s (0h:0m:0s left)
Iteration 200 / LogL: -39790.179 / Time: 0h:0m:0s (0h:0m:0s left)
Log-likelihood cutoff on original alignment: -39817.371
NOTE: Bootstrap correlation coefficient of split occurrence frequencies: 0.962
NOTE: UFBoot does not converge, continue at least 100 more iterations
Iteration 210 / LogL: -39790.152 / Time: 0h:0m:0s (0h:0m:0s left)
Iteration 220 / LogL: -39790.179 / Time: 0h:0m:0s (0h:0m:0s left)
Iteration 230 / LogL: -39790.151 / Time: 0h:0m:0s (0h:0m:0s left)
Iteration 240 / LogL: -39790.167 / Time: 0h:0m:0s (0h:0m:0s left)
Iteration 250 / LogL: -39790.152 / Time: 0h:0m:0s (0h:0m:0s left)
Log-likelihood cutoff on original alignment: -39817.371
Iteration 260 / LogL: -39790.151 / Time: 0h:0m:1s (0h:0m:0s left)
Iteration 270 / LogL: -39790.166 / Time: 0h:0m:1s (0h:0m:0s left)
Iteration 280 / LogL: -39790.152 / Time: 0h:0m:1s (0h:0m:0s left)
Iteration 290 / LogL: -39790.152 / Time: 0h:0m:1s (0h:0m:0s left)
Iteration 300 / LogL: -39790.167 / Time: 0h:0m:1s (0h:0m:0s left)
Log-likelihood cutoff on original alignment: -39817.371
NOTE: Bootstrap correlation coefficient of split occurrence frequencies: 0.967
NOTE: UFBoot does not converge, continue at least 100 more iterations
Iteration 310 / LogL: -39790.152 / Time: 0h:0m:1s (0h:0m:0s left)
Iteration 320 / LogL: -39790.152 / Time: 0h:0m:1s (0h:0m:0s left)
Iteration 330 / LogL: -39790.152 / Time: 0h:0m:1s (0h:0m:0s left)
Iteration 340 / LogL: -39790.151 / Time: 0h:0m:1s (0h:0m:0s left)
Iteration 350 / LogL: -39790.151 / Time: 0h:0m:1s (0h:0m:0s left)
Log-likelihood cutoff on original alignment: -39817.371
Iteration 360 / LogL: -39790.152 / Time: 0h:0m:1s (0h:0m:0s left)
Iteration 370 / LogL: -39790.151 / Time: 0h:0m:1s (0h:0m:0s left)
Iteration 380 / LogL: -39790.152 / Time: 0h:0m:1s (0h:0m:0s left)
Iteration 390 / LogL: -39790.151 / Time: 0h:0m:1s (0h:0m:0s left)
Iteration 400 / LogL: -39790.152 / Time: 0h:0m:1s (0h:0m:0s left)
Log-likelihood cutoff on original alignment: -39817.371
NOTE: Bootstrap correlation coefficient of split occurrence frequencies: 0.986
NOTE: UFBoot does not converge, continue at least 100 more iterations
Iteration 410 / LogL: -39790.151 / Time: 0h:0m:1s (0h:0m:0s left)
Iteration 420 / LogL: -39790.151 / Time: 0h:0m:1s (0h:0m:0s left)
Iteration 430 / LogL: -39790.151 / Time: 0h:0m:1s (0h:0m:0s left)
Iteration 440 / LogL: -39790.151 / Time: 0h:0m:1s (0h:0m:0s left)
Iteration 450 / LogL: -39790.151 / Time: 0h:0m:1s (0h:0m:0s left)
Log-likelihood cutoff on original alignment: -39817.371
Iteration 460 / LogL: -39790.151 / Time: 0h:0m:1s (0h:0m:0s left)
Iteration 470 / LogL: -39790.152 / Time: 0h:0m:1s (0h:0m:0s left)
Iteration 480 / LogL: -39790.151 / Time: 0h:0m:1s (0h:0m:0s left)
Iteration 490 / LogL: -39790.151 / Time: 0h:0m:1s (0h:0m:0s left)
Iteration 500 / LogL: -39790.167 / Time: 0h:0m:2s (0h:0m:0s left)
Log-likelihood cutoff on original alignment: -39817.371
NOTE: Bootstrap correlation coefficient of split occurrence frequencies: 0.933
NOTE: UFBoot does not converge, continue at least 100 more iterations
Iteration 510 / LogL: -39790.151 / Time: 0h:0m:2s (0h:0m:0s left)
Iteration 520 / LogL: -39790.151 / Time: 0h:0m:2s (0h:0m:0s left)
Iteration 530 / LogL: -39790.166 / Time: 0h:0m:2s (0h:0m:0s left)
Iteration 540 / LogL: -39790.151 / Time: 0h:0m:2s (0h:0m:0s left)
Iteration 550 / LogL: -39790.166 / Time: 0h:0m:2s (0h:0m:0s left)
Log-likelihood cutoff on original alignment: -39817.371
Iteration 560 / LogL: -39790.151 / Time: 0h:0m:2s (0h:0m:0s left)
Iteration 570 / LogL: -39790.152 / Time: 0h:0m:2s (0h:0m:0s left)
Iteration 580 / LogL: -39790.151 / Time: 0h:0m:2s (0h:0m:0s left)
Iteration 590 / LogL: -39790.151 / Time: 0h:0m:2s (0h:0m:0s left)
Iteration 600 / LogL: -39790.152 / Time: 0h:0m:2s (0h:0m:0s left)
Log-likelihood cutoff on original alignment: -39817.371
NOTE: Bootstrap correlation coefficient of split occurrence frequencies: 0.974
NOTE: UFBoot does not converge, continue at least 100 more iterations
Iteration 610 / LogL: -39790.152 / Time: 0h:0m:2s (0h:0m:0s left)
Iteration 620 / LogL: -39790.152 / Time: 0h:0m:2s (0h:0m:0s left)
Iteration 630 / LogL: -39790.151 / Time: 0h:0m:2s (0h:0m:0s left)
Iteration 640 / LogL: -39790.197 / Time: 0h:0m:2s (0h:0m:0s left)
Iteration 650 / LogL: -39790.167 / Time: 0h:0m:2s (0h:0m:0s left)
Log-likelihood cutoff on original alignment: -39817.371
Iteration 660 / LogL: -39790.151 / Time: 0h:0m:2s (0h:0m:0s left)
Iteration 670 / LogL: -39790.167 / Time: 0h:0m:2s (0h:0m:0s left)
Iteration 680 / LogL: -39790.152 / Time: 0h:0m:2s (0h:0m:0s left)
Iteration 690 / LogL: -39790.151 / Time: 0h:0m:2s (0h:0m:0s left)
Iteration 700 / LogL: -39790.151 / Time: 0h:0m:2s (0h:0m:0s left)
Log-likelihood cutoff on original alignment: -39817.371
NOTE: Bootstrap correlation coefficient of split occurrence frequencies: 0.993
TREE SEARCH COMPLETED AFTER 700 ITERATIONS / Time: 0h:0m:2s

--------------------------------------------------------------------
|                    FINALIZING TREE SEARCH                        |
--------------------------------------------------------------------
Performs final model parameters optimization
Estimate model parameters (epsilon = 0.010)
1. Initial log-likelihood: -39790.151
Optimal log-likelihood: -39790.151
Rate parameters:  A-C: 1.00000  A-G: 1.00000  A-T: 1.00000  C-G: 1.00000  C-T: 1.00000  G-T: 1.00000
Base frequencies:  A: 0.299  C: 0.183  G: 0.196  T: 0.322
Parameters optimization took 1 rounds (0.000 sec)
BEST SCORE FOUND : -39790.151
Creating bootstrap support values...
Split supports printed to NEXUS file Rockett-pt-2_LSD_CollapseDefault.splits.nex
Total tree length: 0.000

Total number of iterations: 700
CPU time used for tree search: 2.838 sec (0h:0m:2s)
Wall-clock time used for tree search: 2.864 sec (0h:0m:2s)
Total CPU time used: 2.869 sec (0h:0m:2s)
Total wall-clock time used: 2.899 sec (0h:0m:2s)

Computing bootstrap consensus tree...
Reading input file Rockett-pt-2_LSD_CollapseDefault.splits.nex...
7 taxa and 43 splits.
Consensus tree written to Rockett-pt-2_LSD_CollapseDefault.contree
Reading input trees file Rockett-pt-2_LSD_CollapseDefault.contree
Log-likelihood of consensus tree: -39790.330

Analysis results written to: 
  IQ-TREE report:                Rockett-pt-2_LSD_CollapseDefault.iqtree
  Maximum-likelihood tree:       Rockett-pt-2_LSD_CollapseDefault.treefile
  Likelihood distances:          Rockett-pt-2_LSD_CollapseDefault.mldist

Ultrafast bootstrap approximation results written to:
  Split support values:          Rockett-pt-2_LSD_CollapseDefault.splits.nex
  Consensus tree:                Rockett-pt-2_LSD_CollapseDefault.contree
  Screen log file:               Rockett-pt-2_LSD_CollapseDefault.log

--- Start phylogenetic dating ---
Extracting date from node names...
8 dates extracted
Building time tree by least-square dating (LSD) with command:
lsd -i Rockett-pt-2_LSD_CollapseDefault.timetree.subst -s 29903 -o Rockett-pt-2_LSD_CollapseDefault.timetree -f 100 -r a -d Rockett-pt-2_LSD_CollapseDefault.timetree.date 

TREE 1
*PROCESSING:
Reading the tree ... 
Collapse 4 (over 5) internal branches having branch length <= 1.67e-05
 (settable via option -l)
Parameter to adjust variances was set to 0.000334 (settable via option -b)
Minimum branch length of time scaled tree (settable via option -u and -U): 0
Estimating the root position on all branches using fast method ...
Computing confidence intervals using sequence length 29903 and a lognormal
 relaxed clock with mean 1, standard deviation 0.2 (settable via option -q)
*WARNINGS:
- 80% internal branches were collapsed.
*RESULTS:
- Dating results:
 rate 0.0009034, tMRCA 2021-09-19 , objective function 6.27598e-06
- Results with confidence intervals:
 rate 0.0009034 [1e-10; 0.00242819], tMRCA 2021-09-19 [-800189-03-24; 2021-10-07], objective function 6.27598e-06

TOTAL ELAPSED TIME: 0.00201 seconds
LSD results written to:
  LSD report:                  Rockett-pt-2_LSD_CollapseDefault.timetree.lsd
  Time tree in nexus format:   Rockett-pt-2_LSD_CollapseDefault.timetree.nex
  Time tree in newick format:  Rockett-pt-2_LSD_CollapseDefault.timetree.nwk

--- End phylogenetic dating ---
Date and Time: Wed May  3 18:03:19 2023
