IQ-TREE multicore version 2.1.2 COVID-edition for Mac OS X 64-bit built Oct 22 2020
Developed by Bui Quang Minh, James Barbetti, Nguyen Lam Tung,
Olga Chernomor, Heiko Schmidt, Dominik Schrempf, Michael Woodhams.

Host:    dlmp133362.dlce.shh.mpg.de (AVX512, FMA3, 16 GB RAM)
Command: /Users/oeversti/iqtree-2.1.2-MacOSX/bin/iqtree2 -s Kemp-pt-1_maskedRefRemMafft.fasta --prefix Kemp-pt-1_LSD_CollapseDefault -m MFP -B 1000 --date TAXNAME --date-ci 100 --redo
Seed:    596176 (Using SPRNG - Scalable Parallel Random Number Generator)
Time:    Mon May 22 12:19:17 2023
Kernel:  AVX+FMA - 1 threads (8 CPU cores detected)

HINT: Use -nt option to specify number of threads because your CPU has 8 cores!
HINT: -nt AUTO will automatically determine the best number of threads to use.

Reading alignment file Kemp-pt-1_maskedRefRemMafft.fasta ... Fasta format detected
Alignment most likely contains DNA/RNA sequences
WARNING: 265 sites contain only gaps or ambiguous characters.
Alignment has 16 sequences with 29903 columns, 37 distinct patterns
25 parsimony-informative, 9 singleton sites, 29869 constant sites
                      Gap/Ambiguity  Composition  p-value
   1  Kemp-pt-1|2020-01-01    0.89%    passed    100.00%
   2  Kemp-pt-1|2020-04-10    0.91%    passed    100.00%
   3  Kemp-pt-1|2020-02-06    0.89%    passed    100.00%
   4  Kemp-pt-1|2020-02-10    0.89%    passed    100.00%
   5  Kemp-pt-1|2020-02-14    0.89%    passed    100.00%
   6  Kemp-pt-1|2020-02-19    0.89%    passed    100.00%
   7  Kemp-pt-1|2020-02-23    0.89%    passed    100.00%
   8  Kemp-pt-1|2020-03-06    0.89%    passed    100.00%
   9  Kemp-pt-1|2020-03-22    0.91%    passed    100.00%
  10  Kemp-pt-1|2020-03-26    0.89%    passed    100.00%
  11  Kemp-pt-1|2020-03-29    1.08%    passed     99.95%
  12  Kemp-pt-1|2020-04-02    0.89%    passed    100.00%
  13  Kemp-pt-1|2020-04-04    0.89%    passed    100.00%
  14  Kemp-pt-1|2020-04-07    0.91%    passed    100.00%
  15  Kemp-pt-1|2020-04-08    0.91%    passed    100.00%
  16  Kemp-pt-1|2020-04-09    0.91%    passed    100.00%
****  TOTAL                   0.90%  0 sequences failed composition chi2 test (p-value<5%; df=3)
NOTE: Kemp-pt-1|2020-02-10 is identical to Kemp-pt-1|2020-01-01 but kept for subsequent analysis
NOTE: Kemp-pt-1|2020-04-07 is identical to Kemp-pt-1|2020-04-10 but kept for subsequent analysis
NOTE: Kemp-pt-1|2020-02-14 is identical to Kemp-pt-1|2020-02-06 but kept for subsequent analysis
NOTE: 1 identical sequences (see below) will be ignored for subsequent analysis
NOTE: Kemp-pt-1|2020-02-23 (identical to Kemp-pt-1|2020-01-01) is ignored but added at the end
Alignment was printed to Kemp-pt-1_LSD_CollapseDefault.uniqueseq.phy

For your convenience alignment with unique sequences printed to Kemp-pt-1_LSD_CollapseDefault.uniqueseq.phy


Create initial parsimony tree by phylogenetic likelihood library (PLL)... 0.001 seconds
Perform fast likelihood tree search using GTR+I+G model...
Estimate model parameters (epsilon = 5.000)
Perform nearest neighbor interchange...
Estimate model parameters (epsilon = 1.000)
1. Initial log-likelihood: -40578.450
Optimal log-likelihood: -40578.392
Rate parameters:  A-C: 2.00152  A-G: 19.88347  A-T: 0.00010  C-G: 6.57013  C-T: 36.31418  G-T: 1.00000
Base frequencies:  A: 0.299  C: 0.184  G: 0.196  T: 0.321
Proportion of invariable sites: 0.500
Gamma shape alpha: 0.020
Parameters optimization took 1 rounds (0.001 sec)
Time for fast ML tree search: 0.011 seconds

NOTE: ModelFinder requires 0 MB RAM!
ModelFinder will test up to 286 DNA models (sample size: 29903) ...
 No. Model         -LnL         df  AIC          AICc         BIC
  1  GTR+F         40582.397    35  81234.795    81234.879    81525.495
  2  GTR+F+I       40574.524    36  81221.049    81221.138    81520.054
  3  GTR+F+G4      40579.454    36  81230.907    81230.996    81529.913
  4  GTR+F+I+G4    40578.125    37  81230.250    81230.344    81537.561
  5  GTR+F+R2      40581.406    37  81236.811    81236.905    81544.123
  6  GTR+F+R3      40580.584    39  81239.168    81239.272    81563.091
 14  SYM           41467.091    32  82998.183    82998.253    83263.966
 15  SYM+I         41459.242    33  82984.484    82984.559    83258.573
 16  SYM+G4        41464.357    33  82994.714    82994.789    83268.803
 27  TVM+F         40572.449    34  81212.898    81212.978    81495.292
 28  TVM+F+I       40565.093    35  81200.187    81200.271    81490.887
 29  TVM+F+G4      40569.702    35  81209.404    81209.489    81500.104
 40  TVMe          41456.862    31  82975.723    82975.790    83233.200
 41  TVMe+I        41449.375    32  82962.749    82962.820    83228.532
 42  TVMe+G4       41454.109    32  82972.219    82972.289    83238.001
 53  TIM3+F        40577.647    33  81221.294    81221.369    81495.382
 54  TIM3+F+I      40570.322    34  81208.645    81208.725    81491.039
 55  TIM3+F+G4     40574.928    34  81217.855    81217.935    81500.249
 66  TIM3e         41460.925    30  82981.850    82981.913    83231.022
 67  TIM3e+I       41453.542    31  82969.084    82969.150    83226.561
 68  TIM3e+G4      41458.200    31  82978.399    82978.466    83235.876
 79  TIM2+F        40573.427    33  81212.853    81212.928    81486.942
 80  TIM2+F+I      40566.120    34  81200.241    81200.320    81482.635
 81  TIM2+F+G4     40570.670    34  81209.340    81209.420    81491.734
 92  TIM2e         41458.112    30  82976.223    82976.285    83225.395
 93  TIM2e+I       41450.701    31  82963.402    82963.468    83220.879
 94  TIM2e+G4      41455.378    31  82972.755    82972.822    83230.232
105  TIM+F         40575.799    33  81217.598    81217.673    81491.686
106  TIM+F+I       40568.278    34  81204.557    81204.637    81486.951
107  TIM+F+G4      40573.082    34  81214.164    81214.244    81496.559
118  TIMe          41460.222    30  82980.443    82980.506    83229.615
119  TIMe+I        41452.536    31  82967.072    82967.138    83224.549
120  TIMe+G4       41457.427    31  82976.855    82976.921    83234.332
131  TPM3u+F       40579.124    32  81222.249    81222.319    81488.031
132  TPM3u+F+I     40571.632    33  81209.264    81209.339    81483.353
133  TPM3u+F+G4    40576.401    33  81218.802    81218.878    81492.891
144  TPM3+F        40579.124    32  81222.249    81222.319    81488.031
145  TPM3+F+I      40571.632    33  81209.264    81209.339    81483.353
146  TPM3+F+G4     40576.401    33  81218.802    81218.878    81492.891
157  TPM2u+F       40574.714    32  81213.428    81213.499    81479.211
158  TPM2u+F+I     40567.304    33  81200.609    81200.684    81474.697
159  TPM2u+F+G4    40571.986    33  81209.972    81210.047    81484.060
170  TPM2+F        40574.710    32  81213.420    81213.491    81479.203
171  TPM2+F+I      40567.291    33  81200.581    81200.656    81474.670
172  TPM2+F+G4     40571.970    33  81209.940    81210.015    81484.029
183  K3Pu+F        40577.046    32  81218.092    81218.163    81483.875
184  K3Pu+F+I      40569.495    33  81204.991    81205.066    81479.079
185  K3Pu+F+G4     40574.328    33  81214.656    81214.731    81488.745
196  K3P           41461.407    29  82980.814    82980.872    83221.680
197  K3P+I         41453.616    30  82967.231    82967.293    83216.403
198  K3P+G4        41458.618    30  82977.235    82977.298    83226.407
209  TN+F          40577.873    32  81219.745    81219.816    81485.528
210  TN+F+I        40570.477    33  81206.953    81207.028    81481.042
211  TN+F+G4       40575.153    33  81216.306    81216.381    81490.395
222  TNe           41461.775    29  82981.551    82981.609    83222.416
223  TNe+I         41454.224    30  82968.447    82968.510    83217.619
224  TNe+G4        41459.052    30  82978.103    82978.166    83227.275
235  HKY+F         40579.308    31  81220.616    81220.682    81478.093
236  HKY+F+I       40571.827    32  81207.653    81207.724    81473.436
237  HKY+F+G4      40576.584    32  81217.168    81217.238    81482.951
248  K2P           41463.172    28  82982.345    82982.399    83214.905
249  K2P+I         41455.512    29  82969.024    82969.082    83209.889
250  K2P+G4        41460.439    29  82978.878    82978.936    83219.744
261  F81+F         40593.296    30  81246.592    81246.654    81495.763
262  F81+F+I       40585.673    31  81233.345    81233.412    81490.822
263  F81+F+G4      40590.570    31  81243.139    81243.206    81500.616
274  JC            41476.218    27  83006.437    83006.488    83230.691
275  JC+I          41468.510    28  82993.021    82993.075    83225.581
276  JC+G4         41473.490    28  83002.980    83003.035    83235.540
Akaike Information Criterion:           TVM+F+I
Corrected Akaike Information Criterion: TVM+F+I
Bayesian Information Criterion:         HKY+F+I
Best-fit model: HKY+F+I chosen according to BIC

All model information printed to Kemp-pt-1_LSD_CollapseDefault.model.gz
CPU time for ModelFinder: 0.173 seconds (0h:0m:0s)
Wall-clock time for ModelFinder: 0.261 seconds (0h:0m:0s)
Generating 1000 samples for ultrafast bootstrap (seed: 596176)...

NOTE: 0 MB RAM (0 GB) is required!
Estimate model parameters (epsilon = 0.100)
1. Initial log-likelihood: -40571.827
Optimal log-likelihood: -40571.826
Rate parameters:  A-C: 1.00000  A-G: 6.57595  A-T: 1.00000  C-G: 1.00000  C-T: 6.57595  G-T: 1.00000
Base frequencies:  A: 0.299  C: 0.184  G: 0.196  T: 0.321
Proportion of invariable sites: 0.991
Parameters optimization took 1 rounds (0.001 sec)
Computing ML distances based on estimated model parameters...
Computing ML distances took 0.002394 sec (of wall-clock time) 0.002108 sec(of CPU time)
WARNING: Some pairwise ML distances are too long (saturated)
Computing RapidNJ tree took 0.000051 sec (of wall-clock time) 0.000043 sec (of CPU time)
Log-likelihood of RapidNJ tree: -40648.695
--------------------------------------------------------------------
|             INITIALIZING CANDIDATE TREE SET                      |
--------------------------------------------------------------------
Generating 98 parsimony trees... 0.026 second
Computing log-likelihood of 98 initial trees ... 0.017 seconds
Current best score: -40570.882

Do NNI search on 20 best initial trees
Estimate model parameters (epsilon = 0.100)
BETTER TREE FOUND at iteration 1: -40570.864
Iteration 10 / LogL: -40570.866 / Time: 0h:0m:0s
UPDATE BEST LOG-LIKELIHOOD: -40570.864
Iteration 20 / LogL: -40570.864 / Time: 0h:0m:0s
Finish initializing candidate tree set (7)
Current best tree score: -40570.864 / CPU time: 0.087
Number of iterations: 20
--------------------------------------------------------------------
|               OPTIMIZING CANDIDATE TREE SET                      |
--------------------------------------------------------------------
Iteration 30 / LogL: -40570.964 / Time: 0h:0m:0s (0h:0m:0s left)
Iteration 40 / LogL: -40570.948 / Time: 0h:0m:0s (0h:0m:0s left)
Iteration 50 / LogL: -40571.080 / Time: 0h:0m:0s (0h:0m:0s left)
Log-likelihood cutoff on original alignment: -40589.315
Iteration 60 / LogL: -40570.941 / Time: 0h:0m:0s (0h:0m:0s left)
Iteration 70 / LogL: -40570.990 / Time: 0h:0m:0s (0h:0m:0s left)
Iteration 80 / LogL: -40571.086 / Time: 0h:0m:0s (0h:0m:0s left)
Iteration 90 / LogL: -40570.965 / Time: 0h:0m:0s (0h:0m:0s left)
Iteration 100 / LogL: -40570.962 / Time: 0h:0m:0s (0h:0m:0s left)
Log-likelihood cutoff on original alignment: -40590.147
NOTE: Bootstrap correlation coefficient of split occurrence frequencies: 0.993
TREE SEARCH COMPLETED AFTER 102 ITERATIONS / Time: 0h:0m:0s

--------------------------------------------------------------------
|                    FINALIZING TREE SEARCH                        |
--------------------------------------------------------------------
Performs final model parameters optimization
Estimate model parameters (epsilon = 0.010)
1. Initial log-likelihood: -40570.864
2. Current log-likelihood: -40570.852
Optimal log-likelihood: -40570.844
Rate parameters:  A-C: 1.00000  A-G: 6.92078  A-T: 1.00000  C-G: 1.00000  C-T: 6.92078  G-T: 1.00000
Base frequencies:  A: 0.299  C: 0.184  G: 0.196  T: 0.321
Proportion of invariable sites: 0.991
Parameters optimization took 2 rounds (0.001 sec)
BEST SCORE FOUND : -40570.844
Creating bootstrap support values...
Split supports printed to NEXUS file Kemp-pt-1_LSD_CollapseDefault.splits.nex
Total tree length: 0.001

Total number of iterations: 102
CPU time used for tree search: 0.782 sec (0h:0m:0s)
Wall-clock time used for tree search: 0.620 sec (0h:0m:0s)
Total CPU time used: 0.831 sec (0h:0m:0s)
Total wall-clock time used: 0.674 sec (0h:0m:0s)

Computing bootstrap consensus tree...
Reading input file Kemp-pt-1_LSD_CollapseDefault.splits.nex...
15 taxa and 126 splits.
Consensus tree written to Kemp-pt-1_LSD_CollapseDefault.contree
Reading input trees file Kemp-pt-1_LSD_CollapseDefault.contree
Log-likelihood of consensus tree: -40571.260

Analysis results written to: 
  IQ-TREE report:                Kemp-pt-1_LSD_CollapseDefault.iqtree
  Maximum-likelihood tree:       Kemp-pt-1_LSD_CollapseDefault.treefile
  Likelihood distances:          Kemp-pt-1_LSD_CollapseDefault.mldist

Ultrafast bootstrap approximation results written to:
  Split support values:          Kemp-pt-1_LSD_CollapseDefault.splits.nex
  Consensus tree:                Kemp-pt-1_LSD_CollapseDefault.contree
  Screen log file:               Kemp-pt-1_LSD_CollapseDefault.log

--- Start phylogenetic dating ---
Extracting date from node names...
16 dates extracted
Building time tree by least-square dating (LSD) with command:
lsd -i Kemp-pt-1_LSD_CollapseDefault.timetree.subst -s 29903 -o Kemp-pt-1_LSD_CollapseDefault.timetree -f 100 -r a -d Kemp-pt-1_LSD_CollapseDefault.timetree.date 

TREE 1
*PROCESSING:
Reading the tree ... 
Collapse 6 (over 13) internal branches having branch length <= 1.67e-05
 (settable via option -l)
Parameter to adjust variances was set to 0.000334 (settable via option -b)
Minimum branch length of time scaled tree (settable via option -u and -U): 0
Estimating the root position on all branches using fast method ...
Computing confidence intervals using sequence length 29903 and a lognormal
 relaxed clock with mean 1, standard deviation 0.2 (settable via option -q)
*WARNINGS:
- 46.1538% internal branches were collapsed.
*RESULTS:
- Dating results:
 rate 0.00038485, tMRCA 2019-05-20 , objective function 7.56011e-05
- Results with confidence intervals:
 rate 0.00038485 [0.000118177; 0.000612373], tMRCA 2019-05-20 [2016-07-03; 2019-10-02], objective function 7.56011e-05

TOTAL ELAPSED TIME: 0.00526 seconds
LSD results written to:
  LSD report:                  Kemp-pt-1_LSD_CollapseDefault.timetree.lsd
  Time tree in nexus format:   Kemp-pt-1_LSD_CollapseDefault.timetree.nex
  Time tree in newick format:  Kemp-pt-1_LSD_CollapseDefault.timetree.nwk

--- End phylogenetic dating ---
Date and Time: Mon May 22 12:19:18 2023
