IQ-TREE multicore version 2.1.2 COVID-edition for Mac OS X 64-bit built Oct 22 2020
Developed by Bui Quang Minh, James Barbetti, Nguyen Lam Tung,
Olga Chernomor, Heiko Schmidt, Dominik Schrempf, Michael Woodhams.

Host:    dlmp133362.w-staff.shh.mpg.de (AVX512, FMA3, 16 GB RAM)
Command: /Users/oeversti/iqtree-2.1.2-MacOSX/bin/iqtree2 -s Chaguza-pt-1_maskedRefRemMafft.fasta --prefix Chaguza-pt-1_LSD_Collapse-1 -m MFP -B 1000 --date TAXNAME --date-ci 100 --date-options -l -1
Seed:    22763 (Using SPRNG - Scalable Parallel Random Number Generator)
Time:    Tue May  2 15:30:07 2023
Kernel:  AVX+FMA - 1 threads (8 CPU cores detected)

HINT: Use -nt option to specify number of threads because your CPU has 8 cores!
HINT: -nt AUTO will automatically determine the best number of threads to use.

Reading alignment file Chaguza-pt-1_maskedRefRemMafft.fasta ... Fasta format detected
Alignment most likely contains DNA/RNA sequences
WARNING: 265 sites contain only gaps or ambiguous characters.
Alignment has 30 sequences with 29903 columns, 178 distinct patterns
72 parsimony-informative, 27 singleton sites, 29804 constant sites
                         Gap/Ambiguity  Composition  p-value
   1  Chaguza-pt-1|2021-09-13    0.96%    passed     99.98%
   2  Chaguza-pt-1|2021-09-27    0.93%    passed    100.00%
   3  Chaguza-pt-1|2021-02-08    0.89%    passed    100.00%
   4  Chaguza-pt-1|2021-02-18    0.89%    passed    100.00%
   5  Chaguza-pt-1|2021-02-26    0.97%    passed     99.95%
   6  Chaguza-pt-1|2021-03-05    0.91%    passed    100.00%
   7  Chaguza-pt-1|2021-04-05    0.93%    passed     99.99%
   8  Chaguza-pt-1|2021-05-03    0.91%    passed    100.00%
   9  Chaguza-pt-1|2021-05-24    0.91%    passed     99.99%
  10  Chaguza-pt-1|2021-06-28    0.89%    passed     99.99%
  11  Chaguza-pt-1|2022-02-10    2.51%    passed     99.65%
  12  Chaguza-pt-1|2022-02-23    1.51%    passed     99.93%
  13  Chaguza-pt-1|2022-03-07    1.72%    passed     99.84%
  14  Chaguza-pt-1|2021-04-19    1.95%    passed     99.81%
  15  Chaguza-pt-1|2021-06-01    0.89%    passed    100.00%
  16  Chaguza-pt-1|2021-06-14    0.89%    passed    100.00%
  17  Chaguza-pt-1|2021-06-21    0.90%    passed     99.99%
  18  Chaguza-pt-1|2021-07-12    0.89%    passed     99.99%
  19  Chaguza-pt-1|2021-07-25    2.04%    passed     99.93%
  20  Chaguza-pt-1|2021-08-29    1.93%    passed     99.87%
  21  Chaguza-pt-1|2021-09-08    1.88%    passed     99.90%
  22  Chaguza-pt-1|2021-10-04    0.89%    passed     99.99%
  23  Chaguza-pt-1|2021-10-12    0.97%    passed     99.98%
  24  Chaguza-pt-1|2021-10-19    0.95%    passed     99.99%
  25  Chaguza-pt-1|2021-11-03    1.63%    passed     99.62%
  26  Chaguza-pt-1|2021-11-09    5.11%    passed     98.05%
  27  Chaguza-pt-1|2021-11-16    0.90%    passed     99.98%
  28  Chaguza-pt-1|2021-12-27    2.15%    passed     99.90%
  29  Chaguza-pt-1|2021-12-20    4.55%    passed     99.79%
  30  Chaguza-pt-1|2021-12-07    2.16%    passed     99.94%
****  TOTAL                      1.52%  0 sequences failed composition chi2 test (p-value<5%; df=3)
NOTE: Chaguza-pt-1|2021-02-18 is identical to Chaguza-pt-1|2021-02-08 but kept for subsequent analysis


Create initial parsimony tree by phylogenetic likelihood library (PLL)... 0.001 seconds
Perform fast likelihood tree search using GTR+I+G model...
Estimate model parameters (epsilon = 5.000)
Perform nearest neighbor interchange...
Estimate model parameters (epsilon = 1.000)
1. Initial log-likelihood: -41267.922
Optimal log-likelihood: -41267.891
Rate parameters:  A-C: 1.00301  A-G: 2.48732  A-T: 0.13278  C-G: 1.13767  C-T: 7.68051  G-T: 1.00000
Base frequencies:  A: 0.299  C: 0.184  G: 0.196  T: 0.322
Proportion of invariable sites: 0.499
Gamma shape alpha: 0.020
Parameters optimization took 1 rounds (0.008 sec)
Time for fast ML tree search: 0.065 seconds

NOTE: ModelFinder requires 2 MB RAM!
ModelFinder will test up to 286 DNA models (sample size: 29903) ...
 No. Model         -LnL         df  AIC          AICc         BIC
  1  GTR+F         41291.361    65  82712.721    82713.009    83252.593
  2  GTR+F+I       41255.353    66  82642.706    82643.002    83190.883
  3  GTR+F+G4      41275.262    66  82682.523    82682.819    83230.700
  4  GTR+F+I+G4    41267.795    67  82669.589    82669.895    83226.072
  5  GTR+F+R2      41286.398    67  82706.797    82707.102    83263.279
  6  GTR+F+R3      41281.983    69  82701.967    82702.290    83275.061
 15  SYM+I         42152.145    63  84430.290    84430.560    84953.550
 28  TVM+F+I       41264.369    65  82658.737    82659.025    83198.609
 41  TVMe+I        42161.519    62  84447.038    84447.300    84961.992
 54  TIM3+F+I      41259.521    64  82647.041    82647.320    83178.607
 67  TIM3e+I       42155.242    61  84432.484    84432.737    84939.132
 80  TIM2+F+I      41259.203    64  82646.407    82646.685    83177.972
 93  TIM2e+I       42154.720    61  84431.440    84431.694    84938.089
106  TIM+F+I       41258.651    64  82645.302    82645.581    83176.868
119  TIMe+I        42153.909    61  84429.818    84430.071    84936.466
132  TPM3u+F+I     41268.493    63  82662.985    82663.256    83186.245
145  TPM3+F+I      41268.493    63  82662.985    82663.256    83186.245
158  TPM2u+F+I     41268.049    63  82662.098    82662.369    83185.358
171  TPM2+F+I      41268.049    63  82662.098    82662.369    83185.358
184  K3Pu+F+I      41267.138    63  82660.277    82660.547    83183.537
197  K3P+I         42162.792    60  84445.584    84445.829    84943.927
210  TN+F+I        41260.841    63  82647.682    82647.953    83170.942
223  TNe+I         42155.694    60  84431.389    84431.634    84929.732
236  HKY+F+I       41269.587    62  82663.173    82663.435    83178.127
249  K2P+I         42164.749    59  84447.498    84447.735    84937.535
262  F81+F+I       41319.142    61  82760.283    82760.537    83266.932
275  JC+I          42212.473    58  84540.945    84541.174    85022.677
Akaike Information Criterion:           GTR+F+I
Corrected Akaike Information Criterion: GTR+F+I
Bayesian Information Criterion:         TN+F+I
Best-fit model: TN+F+I chosen according to BIC

All model information printed to Chaguza-pt-1_LSD_Collapse-1.model.gz
CPU time for ModelFinder: 0.240 seconds (0h:0m:0s)
Wall-clock time for ModelFinder: 0.266 seconds (0h:0m:0s)
Generating 1000 samples for ultrafast bootstrap (seed: 22763)...

NOTE: 0 MB RAM (0 GB) is required!
Estimate model parameters (epsilon = 0.100)
1. Initial log-likelihood: -41260.841
Optimal log-likelihood: -41260.794
Rate parameters:  A-C: 1.00000  A-G: 4.53771  A-T: 1.00000  C-G: 1.00000  C-T: 13.58176  G-T: 1.00000
Base frequencies:  A: 0.299  C: 0.184  G: 0.196  T: 0.322
Proportion of invariable sites: 0.980
Parameters optimization took 1 rounds (0.002 sec)
Computing ML distances based on estimated model parameters...
Computing ML distances took 0.005003 sec (of wall-clock time) 0.004442 sec(of CPU time)
Computing RapidNJ tree took 0.000113 sec (of wall-clock time) 0.000108 sec (of CPU time)
Log-likelihood of RapidNJ tree: -41279.487
--------------------------------------------------------------------
|             INITIALIZING CANDIDATE TREE SET                      |
--------------------------------------------------------------------
Generating 98 parsimony trees... 0.064 second
Computing log-likelihood of 98 initial trees ... 0.056 seconds
Current best score: -41260.794

Do NNI search on 20 best initial trees
Estimate model parameters (epsilon = 0.100)
BETTER TREE FOUND at iteration 1: -41260.750
Estimate model parameters (epsilon = 0.100)
BETTER TREE FOUND at iteration 2: -41260.640
Estimate model parameters (epsilon = 0.100)
BETTER TREE FOUND at iteration 3: -41260.531
Iteration 10 / LogL: -41262.949 / Time: 0h:0m:0s
Iteration 20 / LogL: -41262.914 / Time: 0h:0m:0s
Finish initializing candidate tree set (13)
Current best tree score: -41260.531 / CPU time: 0.444
Number of iterations: 20
--------------------------------------------------------------------
|               OPTIMIZING CANDIDATE TREE SET                      |
--------------------------------------------------------------------
Iteration 30 / LogL: -41260.892 / Time: 0h:0m:0s (0h:0m:1s left)
Iteration 40 / LogL: -41260.607 / Time: 0h:0m:0s (0h:0m:1s left)
Iteration 50 / LogL: -41260.828 / Time: 0h:0m:0s (0h:0m:1s left)
Log-likelihood cutoff on original alignment: -41285.579
Iteration 60 / LogL: -41260.776 / Time: 0h:0m:1s (0h:0m:0s left)
Iteration 70 / LogL: -41262.169 / Time: 0h:0m:1s (0h:0m:0s left)
Iteration 80 / LogL: -41260.649 / Time: 0h:0m:1s (0h:0m:0s left)
Iteration 90 / LogL: -41260.678 / Time: 0h:0m:1s (0h:0m:0s left)
Iteration 100 / LogL: -41260.708 / Time: 0h:0m:1s (0h:0m:0s left)
Log-likelihood cutoff on original alignment: -41285.628
NOTE: Bootstrap correlation coefficient of split occurrence frequencies: 0.996
TREE SEARCH COMPLETED AFTER 104 ITERATIONS / Time: 0h:0m:2s

--------------------------------------------------------------------
|                    FINALIZING TREE SEARCH                        |
--------------------------------------------------------------------
Performs final model parameters optimization
Estimate model parameters (epsilon = 0.010)
1. Initial log-likelihood: -41260.531
2. Current log-likelihood: -41260.505
3. Current log-likelihood: -41260.483
4. Current log-likelihood: -41260.465
5. Current log-likelihood: -41260.449
6. Current log-likelihood: -41260.437
7. Current log-likelihood: -41260.426
Optimal log-likelihood: -41260.417
Rate parameters:  A-C: 1.00000  A-G: 4.16554  A-T: 1.00000  C-G: 1.00000  C-T: 12.18012  G-T: 1.00000
Base frequencies:  A: 0.299  C: 0.184  G: 0.196  T: 0.322
Proportion of invariable sites: 0.981
Parameters optimization took 7 rounds (0.008 sec)
BEST SCORE FOUND : -41260.417
Creating bootstrap support values...
Split supports printed to NEXUS file Chaguza-pt-1_LSD_Collapse-1.splits.nex
Total tree length: 0.004

Total number of iterations: 104
CPU time used for tree search: 2.119 sec (0h:0m:2s)
Wall-clock time used for tree search: 1.995 sec (0h:0m:1s)
Total CPU time used: 2.238 sec (0h:0m:2s)
Total wall-clock time used: 2.122 sec (0h:0m:2s)

Computing bootstrap consensus tree...
Reading input file Chaguza-pt-1_LSD_Collapse-1.splits.nex...
30 taxa and 220 splits.
Consensus tree written to Chaguza-pt-1_LSD_Collapse-1.contree
Reading input trees file Chaguza-pt-1_LSD_Collapse-1.contree
Log-likelihood of consensus tree: -41261.234

Analysis results written to: 
  IQ-TREE report:                Chaguza-pt-1_LSD_Collapse-1.iqtree
  Maximum-likelihood tree:       Chaguza-pt-1_LSD_Collapse-1.treefile
  Likelihood distances:          Chaguza-pt-1_LSD_Collapse-1.mldist

Ultrafast bootstrap approximation results written to:
  Split support values:          Chaguza-pt-1_LSD_Collapse-1.splits.nex
  Consensus tree:                Chaguza-pt-1_LSD_Collapse-1.contree
  Screen log file:               Chaguza-pt-1_LSD_Collapse-1.log

--- Start phylogenetic dating ---
Extracting date from node names...
30 dates extracted
Building time tree by least-square dating (LSD) with command:
lsd -i Chaguza-pt-1_LSD_Collapse-1.timetree.subst -s 29903 -o Chaguza-pt-1_LSD_Collapse-1.timetree -f 100 -r a -d Chaguza-pt-1_LSD_Collapse-1.timetree.date -l -1 

TREE 1
*PROCESSING:
Reading the tree ... 
Collapse 0 (over 27) internal branches having branch length <= -1
 (settable via option -l)
Parameter to adjust variances was set to 0.000334 (settable via option -b)
Minimum branch length of time scaled tree (settable via option -u and -U): 0
Estimating the root position on all branches using fast method ...
Computing confidence intervals using sequence length 29903 and a lognormal
 relaxed clock with mean 1, standard deviation 0.2 (settable via option -q)
*RESULTS:
- Dating results:
 rate 0.000558094, tMRCA 2020-09-29 , objective function 0.000447432
- Results with confidence intervals:
 rate 0.000558094 [0.000358528; 0.00071754], tMRCA 2020-09-29 [2020-04-11; 2020-12-24], objective function 0.000447432

TOTAL ELAPSED TIME: 0.0187 seconds
LSD results written to:
  LSD report:                  Chaguza-pt-1_LSD_Collapse-1.timetree.lsd
  Time tree in nexus format:   Chaguza-pt-1_LSD_Collapse-1.timetree.nex
  Time tree in newick format:  Chaguza-pt-1_LSD_Collapse-1.timetree.nwk

--- End phylogenetic dating ---
Date and Time: Tue May  2 15:30:09 2023
