IQ-TREE multicore version 2.1.2 COVID-edition for Mac OS X 64-bit built Oct 22 2020
Developed by Bui Quang Minh, James Barbetti, Nguyen Lam Tung,
Olga Chernomor, Heiko Schmidt, Dominik Schrempf, Michael Woodhams.

Host:    dlmp133362.w-staff.shh.mpg.de (AVX512, FMA3, 16 GB RAM)
Command: /Users/oeversti/iqtree-2.1.2-MacOSX/bin/iqtree2 -s Li-pt-1_maskedRefRemMafft.fasta --prefix Li-pt-1_LSD_CollapseDefault -m MFP -B 1000 --date TAXNAME --date-ci 100 --redo
Seed:    667804 (Using SPRNG - Scalable Parallel Random Number Generator)
Time:    Wed May  3 15:44:19 2023
Kernel:  AVX+FMA - 1 threads (8 CPU cores detected)

HINT: Use -nt option to specify number of threads because your CPU has 8 cores!
HINT: -nt AUTO will automatically determine the best number of threads to use.

Reading alignment file Li-pt-1_maskedRefRemMafft.fasta ... Fasta format detected
Alignment most likely contains DNA/RNA sequences
WARNING: 265 sites contain only gaps or ambiguous characters.
Alignment has 11 sequences with 29903 columns, 48 distinct patterns
19 parsimony-informative, 28 singleton sites, 29856 constant sites
                        Gap/Ambiguity  Composition  p-value
   1  Li-pt-1_0|2020-02-12      0.89%    passed    100.00%
   2  Li-pt-1_101|2020-05-24    0.89%    passed    100.00%
   3  Li-pt-1_102|2020-05-25    0.89%    passed    100.00%
   4  Li-pt-1_103|2020-05-26    0.89%    passed    100.00%
   5  Li-pt-1_106|2020-05-29    0.89%    passed    100.00%
   6  Li-pt-1_108|2020-05-31    0.89%    passed    100.00%
   7  Li-pt-1_120|2020-06-12    0.89%    passed    100.00%
   8  Li-pt-1_125|2020-06-17    0.89%    passed    100.00%
   9  Li-pt-1_140|2020-07-02    0.89%    passed    100.00%
  10  Li-pt-1_95|2020-05-17     0.89%    passed    100.00%
  11  Li-pt-1_97|2020-05-20     0.89%    passed    100.00%
****  TOTAL                     0.89%  0 sequences failed composition chi2 test (p-value<5%; df=3)
NOTE: Li-pt-1_106|2020-05-29 is identical to Li-pt-1_103|2020-05-26 but kept for subsequent analysis


Create initial parsimony tree by phylogenetic likelihood library (PLL)... 0.001 seconds
Perform fast likelihood tree search using GTR+I+G model...
Estimate model parameters (epsilon = 5.000)
Perform nearest neighbor interchange...
Estimate model parameters (epsilon = 1.000)
1. Initial log-likelihood: -40789.603
Optimal log-likelihood: -40789.389
Rate parameters:  A-C: 0.60995  A-G: 1.37182  A-T: 0.58653  C-G: 0.49075  C-T: 1.80458  G-T: 1.00000
Base frequencies:  A: 0.299  C: 0.184  G: 0.196  T: 0.321
Proportion of invariable sites: 0.500
Gamma shape alpha: 0.020
Parameters optimization took 1 rounds (0.001 sec)
Time for fast ML tree search: 0.011 seconds

NOTE: ModelFinder requires 0 MB RAM!
ModelFinder will test up to 286 DNA models (sample size: 29903) ...
 No. Model         -LnL         df  AIC          AICc         BIC
  1  GTR+F         40807.567    27  81669.134    81669.184    81893.388
  2  GTR+F+I       40766.647    28  81589.295    81589.349    81821.855
  3  GTR+F+G4      40794.928    28  81645.855    81645.910    81878.415
  4  GTR+F+I+G4    40788.807    29  81635.615    81635.673    81876.480
  5  GTR+F+R2      40803.290    29  81664.581    81664.639    81905.446
  6  GTR+F+R3      40799.581    31  81661.162    81661.229    81918.640
 15  SYM+I         41648.398    25  83346.797    83346.840    83554.440
 28  TVM+F+I       40767.009    27  81588.017    81588.068    81812.272
 41  TVMe+I        41648.764    24  83345.528    83345.568    83544.865
 54  TIM3+F+I      40766.555    26  81585.110    81585.157    81801.059
 67  TIM3e+I       41648.414    23  83342.829    83342.866    83533.860
 80  TIM2+F+I      40766.507    26  81585.014    81585.061    81800.963
 93  TIM2e+I       41649.069    23  83344.138    83344.175    83535.170
106  TIM+F+I       40766.493    26  81584.985    81585.032    81800.934
119  TIMe+I        41648.962    23  83343.924    83343.960    83534.955
132  TPM3u+F+I     40766.979    25  81583.959    81584.002    81791.602
145  TPM3+F+I      40766.963    25  81583.926    81583.969    81791.569
158  TPM2u+F+I     40766.958    25  81583.916    81583.959    81791.558
171  TPM2+F+I      40766.953    25  81583.905    81583.949    81791.548
184  K3Pu+F+I      40766.930    25  81583.859    81583.903    81791.502
197  K3P+I         41649.374    22  83342.749    83342.782    83525.474
210  TN+F+I        40766.546    25  81583.092    81583.135    81790.735
223  TNe+I         41648.947    22  83341.894    83341.928    83524.620
236  HKY+F+I       40766.984    24  81581.967    81582.007    81781.304
249  K2P+I         41649.367    21  83340.733    83340.764    83515.153
262  F81+F+I       40775.610    23  81597.221    81597.258    81788.252
275  JC+I          41657.232    20  83354.465    83354.493    83520.579
Akaike Information Criterion:           HKY+F+I
Corrected Akaike Information Criterion: HKY+F+I
Bayesian Information Criterion:         HKY+F+I
Best-fit model: HKY+F+I chosen according to BIC

All model information printed to Li-pt-1_LSD_CollapseDefault.model.gz
CPU time for ModelFinder: 0.050 seconds (0h:0m:0s)
Wall-clock time for ModelFinder: 0.074 seconds (0h:0m:0s)
Generating 1000 samples for ultrafast bootstrap (seed: 667804)...

NOTE: 0 MB RAM (0 GB) is required!
Estimate model parameters (epsilon = 0.100)
1. Initial log-likelihood: -40766.984
Optimal log-likelihood: -40766.983
Rate parameters:  A-C: 1.00000  A-G: 3.14721  A-T: 1.00000  C-G: 1.00000  C-T: 3.14721  G-T: 1.00000
Base frequencies:  A: 0.299  C: 0.184  G: 0.196  T: 0.321
Proportion of invariable sites: 0.995
Parameters optimization took 1 rounds (0.001 sec)
Computing ML distances based on estimated model parameters...
Computing ML distances took 0.003047 sec (of wall-clock time) 0.001261 sec(of CPU time)
WARNING: Some pairwise ML distances are too long (saturated)
Computing RapidNJ tree took 0.000059 sec (of wall-clock time) 0.000043 sec (of CPU time)
Log-likelihood of RapidNJ tree: -40820.078
--------------------------------------------------------------------
|             INITIALIZING CANDIDATE TREE SET                      |
--------------------------------------------------------------------
Generating 98 parsimony trees... 0.031 second
Computing log-likelihood of 94 initial trees ... 0.016 seconds
Current best score: -40766.983

Do NNI search on 20 best initial trees
Estimate model parameters (epsilon = 0.100)
BETTER TREE FOUND at iteration 1: -40766.983
Iteration 10 / LogL: -40766.984 / Time: 0h:0m:0s
Iteration 20 / LogL: -40766.984 / Time: 0h:0m:0s
Finish initializing candidate tree set (1)
Current best tree score: -40766.983 / CPU time: 0.085
Number of iterations: 20
--------------------------------------------------------------------
|               OPTIMIZING CANDIDATE TREE SET                      |
--------------------------------------------------------------------
UPDATE BEST LOG-LIKELIHOOD: -40766.983
Iteration 30 / LogL: -40767.005 / Time: 0h:0m:0s (0h:0m:0s left)
Iteration 40 / LogL: -40767.004 / Time: 0h:0m:0s (0h:0m:0s left)
UPDATE BEST LOG-LIKELIHOOD: -40766.983
Iteration 50 / LogL: -40766.986 / Time: 0h:0m:0s (0h:0m:0s left)
Log-likelihood cutoff on original alignment: -40789.317
Iteration 60 / LogL: -40766.988 / Time: 0h:0m:0s (0h:0m:0s left)
Iteration 70 / LogL: -40766.989 / Time: 0h:0m:0s (0h:0m:0s left)
Iteration 80 / LogL: -40766.983 / Time: 0h:0m:0s (0h:0m:0s left)
Iteration 90 / LogL: -40766.983 / Time: 0h:0m:0s (0h:0m:0s left)
Iteration 100 / LogL: -40766.985 / Time: 0h:0m:0s (0h:0m:0s left)
Log-likelihood cutoff on original alignment: -40790.777
NOTE: Bootstrap correlation coefficient of split occurrence frequencies: 0.999
TREE SEARCH COMPLETED AFTER 102 ITERATIONS / Time: 0h:0m:0s

--------------------------------------------------------------------
|                    FINALIZING TREE SEARCH                        |
--------------------------------------------------------------------
Performs final model parameters optimization
Estimate model parameters (epsilon = 0.010)
1. Initial log-likelihood: -40766.983
Optimal log-likelihood: -40766.983
Rate parameters:  A-C: 1.00000  A-G: 3.13888  A-T: 1.00000  C-G: 1.00000  C-T: 3.13888  G-T: 1.00000
Base frequencies:  A: 0.299  C: 0.184  G: 0.196  T: 0.321
Proportion of invariable sites: 0.995
Parameters optimization took 1 rounds (0.000 sec)
BEST SCORE FOUND : -40766.983
Creating bootstrap support values...
Split supports printed to NEXUS file Li-pt-1_LSD_CollapseDefault.splits.nex
Total tree length: 0.002

Total number of iterations: 102
CPU time used for tree search: 0.669 sec (0h:0m:0s)
Wall-clock time used for tree search: 0.523 sec (0h:0m:0s)
Total CPU time used: 0.708 sec (0h:0m:0s)
Total wall-clock time used: 0.568 sec (0h:0m:0s)

Computing bootstrap consensus tree...
Reading input file Li-pt-1_LSD_CollapseDefault.splits.nex...
11 taxa and 69 splits.
Consensus tree written to Li-pt-1_LSD_CollapseDefault.contree
Reading input trees file Li-pt-1_LSD_CollapseDefault.contree
Log-likelihood of consensus tree: -40767.044

Analysis results written to: 
  IQ-TREE report:                Li-pt-1_LSD_CollapseDefault.iqtree
  Maximum-likelihood tree:       Li-pt-1_LSD_CollapseDefault.treefile
  Likelihood distances:          Li-pt-1_LSD_CollapseDefault.mldist

Ultrafast bootstrap approximation results written to:
  Split support values:          Li-pt-1_LSD_CollapseDefault.splits.nex
  Consensus tree:                Li-pt-1_LSD_CollapseDefault.contree
  Screen log file:               Li-pt-1_LSD_CollapseDefault.log

--- Start phylogenetic dating ---
Extracting date from node names...
11 dates extracted
Building time tree by least-square dating (LSD) with command:
lsd -i Li-pt-1_LSD_CollapseDefault.timetree.subst -s 29903 -o Li-pt-1_LSD_CollapseDefault.timetree -f 100 -r a -d Li-pt-1_LSD_CollapseDefault.timetree.date 

TREE 1
*PROCESSING:
Reading the tree ... 
Collapse 0 (over 8) internal branches having branch length <= 1.67e-05
 (settable via option -l)
Parameter to adjust variances was set to 0.000334 (settable via option -b)
Minimum branch length of time scaled tree (settable via option -u and -U): 0
Estimating the root position on all branches using fast method ...
Computing confidence intervals using sequence length 29903 and a lognormal
 relaxed clock with mean 1, standard deviation 0.2 (settable via option -q)
*RESULTS:
- Dating results:
 rate 0.000524583, tMRCA 2019-10-09 , objective function 8.60293e-05
- Results with confidence intervals:
 rate 0.000524583 [1.94765e-05; 0.000878563], tMRCA 2019-10-09 [2004-09-23; 2020-01-07], objective function 8.60293e-05

TOTAL ELAPSED TIME: 0.00435 seconds
LSD results written to:
  LSD report:                  Li-pt-1_LSD_CollapseDefault.timetree.lsd
  Time tree in nexus format:   Li-pt-1_LSD_CollapseDefault.timetree.nex
  Time tree in newick format:  Li-pt-1_LSD_CollapseDefault.timetree.nwk

--- End phylogenetic dating ---
Date and Time: Wed May  3 15:44:20 2023
