IQ-TREE multicore version 2.1.2 COVID-edition for Mac OS X 64-bit built Oct 22 2020
Developed by Bui Quang Minh, James Barbetti, Nguyen Lam Tung,
Olga Chernomor, Heiko Schmidt, Dominik Schrempf, Michael Woodhams.

Host:    dlmp133362.w-staff.shh.mpg.de (AVX512, FMA3, 16 GB RAM)
Command: /Users/oeversti/iqtree-2.1.2-MacOSX/bin/iqtree2 -s Riddell-pt-3_maskedRefRemMafft.fasta -m MFP
Seed:    885775 (Using SPRNG - Scalable Parallel Random Number Generator)
Time:    Thu Apr 13 16:31:55 2023
Kernel:  AVX+FMA - 1 threads (8 CPU cores detected)

HINT: Use -nt option to specify number of threads because your CPU has 8 cores!
HINT: -nt AUTO will automatically determine the best number of threads to use.

Reading alignment file Riddell-pt-3_maskedRefRemMafft.fasta ... Fasta format detected
Alignment most likely contains DNA/RNA sequences
WARNING: 278 sites contain only gaps or ambiguous characters.
Alignment has 15 sequences with 29903 columns, 155 distinct patterns
10 parsimony-informative, 15 singleton sites, 29878 constant sites
                         Gap/Ambiguity  Composition  p-value
   1  Riddell-pt-3|2021-03-07    4.51%    passed     99.36%
   2  Riddell-pt-3|2021-01-11    1.44%    passed     99.98%
   3  Riddell-pt-3|2021-03-31    1.70%    passed     99.87%
   4  Riddell-pt-3|2021-04-26    4.60%    passed     96.32%
   5  Riddell-pt-3|2021-05-03    1.68%    passed     99.96%
   6  Riddell-pt-3|2021-05-10    1.00%    passed     99.98%
   7  Riddell-pt-3|2021-07-03    1.88%    passed     99.98%
   8  Riddell-pt-3|2021-07-30    1.99%    passed     99.99%
   9  Riddell-pt-3|2021-04-13    3.28%    passed     96.41%
  10  Riddell-pt-3|2021-05-28    1.21%    passed     99.99%
  11  Riddell-pt-3|2021-06-25    1.74%    passed     99.90%
  12  Riddell-pt-3|2021-08-17    0.97%    passed     99.95%
  13  Riddell-pt-3|2021-08-28    1.93%    passed     99.93%
  14  Riddell-pt-3|2021-09-13    1.02%    passed     99.97%
  15  Riddell-pt-3|2021-09-23    1.00%    passed     99.98%
****  TOTAL                      2.00%  0 sequences failed composition chi2 test (p-value<5%; df=3)


Create initial parsimony tree by phylogenetic likelihood library (PLL)... 0.000 seconds
Perform fast likelihood tree search using GTR+I+G model...
Estimate model parameters (epsilon = 5.000)
Perform nearest neighbor interchange...
Estimate model parameters (epsilon = 1.000)
1. Initial log-likelihood: -40462.519
Optimal log-likelihood: -40462.156
Rate parameters:  A-C: 0.26566  A-G: 1.61943  A-T: 0.30325  C-G: 0.00010  C-T: 2.90113  G-T: 1.00000
Base frequencies:  A: 0.299  C: 0.184  G: 0.196  T: 0.321
Proportion of invariable sites: 0.500
Gamma shape alpha: 0.020
Parameters optimization took 1 rounds (0.003 sec)
Time for fast ML tree search: 0.013 seconds

NOTE: ModelFinder requires 0 MB RAM!
ModelFinder will test up to 286 DNA models (sample size: 29903) ...
 No. Model         -LnL         df  AIC          AICc         BIC
  1  GTR+F         40466.246    35  81002.493    81002.577    81293.193
  2  GTR+F+I       40457.535    36  80987.070    80987.160    81286.076
  3  GTR+F+G4      40463.490    36  80998.981    80999.070    81297.986
  4  GTR+F+I+G4    40462.143    37  80998.286    80998.380    81305.597
  5  GTR+F+R2      40465.459    37  81004.919    81005.013    81312.230
  6  GTR+F+R3      40464.725    39  81007.450    81007.554    81331.373
 14  SYM           41354.441    32  82772.882    82772.953    83038.665
 15  SYM+I         41345.328    33  82756.656    82756.732    83030.745
 27  TVM+F         40467.135    34  81002.269    81002.349    81284.664
 28  TVM+F+I       40458.168    35  80986.336    80986.420    81277.036
 40  TVMe          41355.290    31  82772.580    82772.646    83030.057
 41  TVMe+I        41346.029    32  82756.057    82756.128    83021.840
 53  TIM3+F        40468.347    33  81002.695    81002.770    81276.783
 54  TIM3+F+I      40459.240    34  80986.481    80986.560    81268.875
 66  TIM3e         41355.730    30  82771.461    82771.523    83020.632
 67  TIM3e+I       41346.699    31  82755.398    82755.464    83012.875
 79  TIM2+F        40468.650    33  81003.300    81003.375    81277.389
 80  TIM2+F+I      40459.981    34  80987.963    80988.042    81270.357
 92  TIM2e         41356.834    30  82773.669    82773.731    83022.840
 93  TIM2e+I       41348.169    31  82758.338    82758.404    83015.815
105  TIM+F         40468.335    33  81002.669    81002.745    81276.758
106  TIM+F+I       40459.710    34  80987.420    80987.500    81269.814
118  TIMe          41356.941    30  82773.882    82773.944    83023.054
119  TIMe+I        41348.064    31  82758.128    82758.194    83015.605
131  TPM3u+F       40468.576    32  81001.153    81001.224    81266.936
132  TPM3u+F+I     40459.620    33  80985.240    80985.316    81259.329
144  TPM3+F        40468.582    32  81001.164    81001.235    81266.947
145  TPM3+F+I      40459.599    33  80985.198    80985.273    81259.287
157  TPM2u+F       40469.165    32  81002.330    81002.401    81268.113
158  TPM2u+F+I     40460.375    33  80986.749    80986.824    81260.838
170  TPM2+F        40469.165    32  81002.330    81002.401    81268.113
171  TPM2+F+I      40460.375    33  80986.749    80986.824    81260.838
183  K3Pu+F        40468.864    32  81001.728    81001.799    81267.511
184  K3Pu+F+I      40460.112    33  80986.225    80986.300    81260.313
196  K3P           41357.451    29  82772.902    82772.960    83013.768
197  K3P+I         41348.470    30  82756.939    82757.002    83006.111
209  TN+F          40468.521    32  81001.042    81001.112    81266.824
210  TN+F+I        40459.992    33  80985.985    80986.060    81260.073
222  TNe           41356.960    29  82771.921    82771.979    83012.787
223  TNe+I         41348.147    30  82756.295    82756.357    83005.466
235  HKY+F         40469.347    31  81000.694    81000.760    81258.171
236  HKY+F+I       40460.585    32  80985.169    80985.240    81250.952
248  K2P           41357.758    28  82771.516    82771.570    83004.076
249  K2P+I         41348.762    29  82755.524    82755.582    82996.390
261  F81+F         40479.387    30  81018.773    81018.835    81267.944
262  F81+F+I       40470.610    31  81003.220    81003.287    81260.697
274  JC            41367.107    27  82788.214    82788.264    83012.468
275  JC+I          41358.231    28  82772.462    82772.516    83005.022
Akaike Information Criterion:           HKY+F+I
Corrected Akaike Information Criterion: HKY+F+I
Bayesian Information Criterion:         HKY+F+I
Best-fit model: HKY+F+I chosen according to BIC

All model information printed to Riddell-pt-3_maskedRefRemMafft.fasta.model.gz
CPU time for ModelFinder: 0.112 seconds (0h:0m:0s)
Wall-clock time for ModelFinder: 0.119 seconds (0h:0m:0s)

NOTE: 0 MB RAM (0 GB) is required!
Estimate model parameters (epsilon = 0.100)
1. Initial log-likelihood: -40460.585
Optimal log-likelihood: -40460.585
Rate parameters:  A-C: 1.00000  A-G: 6.17493  A-T: 1.00000  C-G: 1.00000  C-T: 6.17493  G-T: 1.00000
Base frequencies:  A: 0.299  C: 0.184  G: 0.196  T: 0.321
Proportion of invariable sites: 0.995
Parameters optimization took 1 rounds (0.001 sec)
Computing ML distances based on estimated model parameters...
Computing ML distances took 0.001363 sec (of wall-clock time) 0.001348 sec(of CPU time)
Computing RapidNJ tree took 0.000076 sec (of wall-clock time) 0.000040 sec (of CPU time)
Log-likelihood of RapidNJ tree: -40466.712
--------------------------------------------------------------------
|             INITIALIZING CANDIDATE TREE SET                      |
--------------------------------------------------------------------
Generating 98 parsimony trees... 0.026 second
Computing log-likelihood of 98 initial trees ... 0.026 seconds
Current best score: -40459.302

Do NNI search on 20 best initial trees
Estimate model parameters (epsilon = 0.100)
BETTER TREE FOUND at iteration 1: -40459.202
UPDATE BEST LOG-LIKELIHOOD: -40459.202
Iteration 10 / LogL: -40459.202 / Time: 0h:0m:0s
UPDATE BEST LOG-LIKELIHOOD: -40459.202
UPDATE BEST LOG-LIKELIHOOD: -40459.202
Iteration 20 / LogL: -40459.230 / Time: 0h:0m:0s
Finish initializing candidate tree set (7)
Current best tree score: -40459.202 / CPU time: 0.090
Number of iterations: 20
--------------------------------------------------------------------
|               OPTIMIZING CANDIDATE TREE SET                      |
--------------------------------------------------------------------
Iteration 30 / LogL: -40460.549 / Time: 0h:0m:0s (0h:0m:0s left)
UPDATE BEST LOG-LIKELIHOOD: -40459.202
Iteration 40 / LogL: -40459.226 / Time: 0h:0m:0s (0h:0m:0s left)
Iteration 50 / LogL: -40459.209 / Time: 0h:0m:0s (0h:0m:0s left)
Iteration 60 / LogL: -40459.243 / Time: 0h:0m:0s (0h:0m:0s left)
Iteration 70 / LogL: -40459.219 / Time: 0h:0m:0s (0h:0m:0s left)
Iteration 80 / LogL: -40459.210 / Time: 0h:0m:0s (0h:0m:0s left)
Iteration 90 / LogL: -40459.314 / Time: 0h:0m:0s (0h:0m:0s left)
UPDATE BEST LOG-LIKELIHOOD: -40459.202
Iteration 100 / LogL: -40459.278 / Time: 0h:0m:0s (0h:0m:0s left)
UPDATE BEST LOG-LIKELIHOOD: -40459.201
TREE SEARCH COMPLETED AFTER 102 ITERATIONS / Time: 0h:0m:0s

--------------------------------------------------------------------
|                    FINALIZING TREE SEARCH                        |
--------------------------------------------------------------------
Performs final model parameters optimization
Estimate model parameters (epsilon = 0.010)
1. Initial log-likelihood: -40459.201
2. Current log-likelihood: -40459.182
3. Current log-likelihood: -40459.167
4. Current log-likelihood: -40459.156
Optimal log-likelihood: -40459.148
Rate parameters:  A-C: 1.00000  A-G: 6.81798  A-T: 1.00000  C-G: 1.00000  C-T: 6.81798  G-T: 1.00000
Base frequencies:  A: 0.299  C: 0.184  G: 0.196  T: 0.321
Proportion of invariable sites: 0.995
Parameters optimization took 4 rounds (0.003 sec)
BEST SCORE FOUND : -40459.148
Total tree length: 0.001

Total number of iterations: 102
CPU time used for tree search: 0.505 sec (0h:0m:0s)
Wall-clock time used for tree search: 0.323 sec (0h:0m:0s)
Total CPU time used: 0.517 sec (0h:0m:0s)
Total wall-clock time used: 0.337 sec (0h:0m:0s)

Analysis results written to: 
  IQ-TREE report:                Riddell-pt-3_maskedRefRemMafft.fasta.iqtree
  Maximum-likelihood tree:       Riddell-pt-3_maskedRefRemMafft.fasta.treefile
  Likelihood distances:          Riddell-pt-3_maskedRefRemMafft.fasta.mldist
  Screen log file:               Riddell-pt-3_maskedRefRemMafft.fasta.log

Date and Time: Thu Apr 13 16:31:56 2023
