IQ-TREE multicore version 2.1.2 COVID-edition for Mac OS X 64-bit built Oct 22 2020
Developed by Bui Quang Minh, James Barbetti, Nguyen Lam Tung,
Olga Chernomor, Heiko Schmidt, Dominik Schrempf, Michael Woodhams.

Host:    dlmp133362.w-staff.shh.mpg.de (AVX512, FMA3, 16 GB RAM)
Command: /Users/oeversti/iqtree-2.1.2-MacOSX/bin/iqtree2 -s Caccuri-pt-1_maskedRefRemMafft.fasta --prefix Caccuri-pt-1_LSD_Collapse-1 -m MFP -B 1000 --date TAXNAME --date-ci 100 --date-options -l -1 -redo
Seed:    942850 (Using SPRNG - Scalable Parallel Random Number Generator)
Time:    Mon Jun 19 09:52:09 2023
Kernel:  AVX+FMA - 1 threads (8 CPU cores detected)

HINT: Use -nt option to specify number of threads because your CPU has 8 cores!
HINT: -nt AUTO will automatically determine the best number of threads to use.

Reading alignment file Caccuri-pt-1_maskedRefRemMafft.fasta ... Fasta format detected
Alignment most likely contains DNA/RNA sequences
WARNING: 265 sites contain only gaps or ambiguous characters.
Alignment has 12 sequences with 29903 columns, 23 distinct patterns
8 parsimony-informative, 6 singleton sites, 29889 constant sites
                         Gap/Ambiguity  Composition  p-value
   1  Caccuri-pt-1|2020-08-05    0.90%    passed    100.00%
   2  Caccuri-pt-1|2020-04-02    0.89%    passed    100.00%
   3  Caccuri-pt-1|2020-04-09    0.90%    passed    100.00%
   4  Caccuri-pt-1|2020-04-22    0.89%    passed    100.00%
   5  Caccuri-pt-1|2020-04-28    0.90%    passed    100.00%
   6  Caccuri-pt-1|2020-05-06    0.90%    passed    100.00%
   7  Caccuri-pt-1|2020-05-13    0.90%    passed    100.00%
   8  Caccuri-pt-1|2020-05-20    0.90%    passed    100.00%
   9  Caccuri-pt-1|2020-07-27    0.90%    passed    100.00%
  10  Caccuri-pt-1|2020-08-26    0.90%    passed    100.00%
  11  Caccuri-pt-1|2020-09-07    1.06%    passed     99.96%
  12  Caccuri-pt-1|2020-11-10    0.90%    passed    100.00%
****  TOTAL                      0.91%  0 sequences failed composition chi2 test (p-value<5%; df=3)
NOTE: Caccuri-pt-1|2020-07-27 is identical to Caccuri-pt-1|2020-08-05 but kept for subsequent analysis
NOTE: Caccuri-pt-1|2020-04-22 is identical to Caccuri-pt-1|2020-04-02 but kept for subsequent analysis
NOTE: Caccuri-pt-1|2020-05-06 is identical to Caccuri-pt-1|2020-04-28 but kept for subsequent analysis
NOTE: 2 identical sequences (see below) will be ignored for subsequent analysis
NOTE: Caccuri-pt-1|2020-05-13 (identical to Caccuri-pt-1|2020-04-28) is ignored but added at the end
NOTE: Caccuri-pt-1|2020-05-20 (identical to Caccuri-pt-1|2020-04-28) is ignored but added at the end
Alignment was printed to Caccuri-pt-1_LSD_Collapse-1.uniqueseq.phy

For your convenience alignment with unique sequences printed to Caccuri-pt-1_LSD_Collapse-1.uniqueseq.phy


Create initial parsimony tree by phylogenetic likelihood library (PLL)... 0.000 seconds
Perform fast likelihood tree search using GTR+I+G model...
Estimate model parameters (epsilon = 5.000)
Perform nearest neighbor interchange...
Estimate model parameters (epsilon = 1.000)
1. Initial log-likelihood: -40352.580
Optimal log-likelihood: -40352.498
Rate parameters:  A-C: 2.26497  A-G: 1.60273  A-T: 0.00010  C-G: 0.00010  C-T: 5.39598  G-T: 1.00000
Base frequencies:  A: 0.299  C: 0.184  G: 0.196  T: 0.321
Proportion of invariable sites: 0.500
Gamma shape alpha: 998.448
Parameters optimization took 1 rounds (0.001 sec)
Time for fast ML tree search: 0.004 seconds

NOTE: ModelFinder requires 0 MB RAM!
ModelFinder will test up to 286 DNA models (sample size: 29903) ...
 No. Model         -LnL         df  AIC          AICc         BIC
  1  GTR+F         40352.477    25  80754.954    80754.998    80962.597
  2  GTR+F+I       40352.469    26  80756.938    80756.985    80972.887
  3  GTR+F+G4      40352.469    26  80756.938    80756.985    80972.887
  4  GTR+F+I+G4    40352.473    27  80758.945    80758.996    80983.199
  5  GTR+F+R2      40352.463    27  80758.926    80758.977    80983.180
  6  GTR+F+R3      40352.463    29  80762.927    80762.985    81003.793
 14  SYM           41236.283    22  82516.566    82516.600    82699.292
 27  TVM+F         40353.907    24  80755.815    80755.855    80955.152
 40  TVMe          41237.673    21  82517.346    82517.377    82691.766
 53  TIM3+F        40356.023    23  80758.046    80758.082    80949.077
 66  TIM3e         41239.718    20  82519.436    82519.464    82685.550
 79  TIM2+F        40356.399    23  80758.799    80758.836    80949.830
 92  TIM2e         41239.820    20  82519.641    82519.669    82685.755
105  TIM+F         40352.566    23  80751.132    80751.169    80942.164
118  TIMe          41236.318    20  82512.636    82512.664    82678.750
131  TPM3u+F       40357.322    22  80758.644    80758.678    80941.369
144  TPM3+F        40357.300    22  80758.601    80758.635    80941.326
157  TPM2u+F       40357.815    22  80759.631    80759.665    80942.357
170  TPM2+F        40357.815    22  80759.631    80759.665    80942.357
183  K3Pu+F        40354.018    22  80752.035    80752.069    80934.761
196  K3P           41237.738    19  82513.475    82513.501    82671.284
209  TN+F          40356.365    22  80756.730    80756.764    80939.456
222  TNe           41239.807    19  82517.614    82517.640    82675.423
235  HKY+F         40357.779    21  80757.558    80757.589    80931.978
248  K2P           41241.202    18  82518.403    82518.426    82667.906
261  F81+F         40360.831    20  80761.663    80761.691    80927.777
274  JC            41243.992    17  82521.984    82522.004    82663.181
Akaike Information Criterion:           TIM+F
Corrected Akaike Information Criterion: TIM+F
Bayesian Information Criterion:         F81+F
Best-fit model: F81+F chosen according to BIC

All model information printed to Caccuri-pt-1_LSD_Collapse-1.model.gz
CPU time for ModelFinder: 0.034 seconds (0h:0m:0s)
Wall-clock time for ModelFinder: 0.038 seconds (0h:0m:0s)
Generating 1000 samples for ultrafast bootstrap (seed: 942850)...

NOTE: 0 MB RAM (0 GB) is required!
Estimate model parameters (epsilon = 0.100)
1. Initial log-likelihood: -40360.831
Optimal log-likelihood: -40360.831
Rate parameters:  A-C: 1.00000  A-G: 1.00000  A-T: 1.00000  C-G: 1.00000  C-T: 1.00000  G-T: 1.00000
Base frequencies:  A: 0.299  C: 0.184  G: 0.196  T: 0.321
Parameters optimization took 1 rounds (0.000 sec)
Computing ML distances based on estimated model parameters...
Computing ML distances took 0.000560 sec (of wall-clock time) 0.000516 sec(of CPU time)
Computing RapidNJ tree took 0.000031 sec (of wall-clock time) 0.000027 sec (of CPU time)
Log-likelihood of RapidNJ tree: -40361.257
--------------------------------------------------------------------
|             INITIALIZING CANDIDATE TREE SET                      |
--------------------------------------------------------------------
Generating 98 parsimony trees... 0.018 second
Computing log-likelihood of 94 initial trees ... 0.013 seconds
Current best score: -40360.831

Do NNI search on 20 best initial trees
Estimate model parameters (epsilon = 0.100)
BETTER TREE FOUND at iteration 1: -40360.831
Iteration 10 / LogL: -40360.831 / Time: 0h:0m:0s
Iteration 20 / LogL: -40360.831 / Time: 0h:0m:0s
Finish initializing candidate tree set (7)
Current best tree score: -40360.831 / CPU time: 0.049
Number of iterations: 20
--------------------------------------------------------------------
|               OPTIMIZING CANDIDATE TREE SET                      |
--------------------------------------------------------------------
UPDATE BEST LOG-LIKELIHOOD: -40360.831
UPDATE BEST LOG-LIKELIHOOD: -40360.831
Iteration 30 / LogL: -40360.831 / Time: 0h:0m:0s (0h:0m:0s left)
UPDATE BEST LOG-LIKELIHOOD: -40360.831
UPDATE BEST LOG-LIKELIHOOD: -40360.831
Iteration 40 / LogL: -40360.935 / Time: 0h:0m:0s (0h:0m:0s left)
UPDATE BEST LOG-LIKELIHOOD: -40360.831
Iteration 50 / LogL: -40360.874 / Time: 0h:0m:0s (0h:0m:0s left)
Log-likelihood cutoff on original alignment: -40414.819
UPDATE BEST LOG-LIKELIHOOD: -40360.831
Iteration 60 / LogL: -40360.831 / Time: 0h:0m:0s (0h:0m:0s left)
UPDATE BEST LOG-LIKELIHOOD: -40360.831
Iteration 70 / LogL: -40360.831 / Time: 0h:0m:0s (0h:0m:0s left)
UPDATE BEST LOG-LIKELIHOOD: -40360.831
Iteration 80 / LogL: -40360.831 / Time: 0h:0m:0s (0h:0m:0s left)
UPDATE BEST LOG-LIKELIHOOD: -40360.831
Iteration 90 / LogL: -40360.921 / Time: 0h:0m:0s (0h:0m:0s left)
Iteration 100 / LogL: -40360.831 / Time: 0h:0m:0s (0h:0m:0s left)
Log-likelihood cutoff on original alignment: -40414.928
NOTE: Bootstrap correlation coefficient of split occurrence frequencies: 0.962
NOTE: UFBoot does not converge, continue at least 100 more iterations
UPDATE BEST LOG-LIKELIHOOD: -40360.831
Iteration 110 / LogL: -40360.831 / Time: 0h:0m:0s (0h:0m:0s left)
Iteration 120 / LogL: -40360.831 / Time: 0h:0m:0s (0h:0m:0s left)
Iteration 130 / LogL: -40360.831 / Time: 0h:0m:0s (0h:0m:0s left)
Iteration 140 / LogL: -40360.831 / Time: 0h:0m:0s (0h:0m:0s left)
Iteration 150 / LogL: -40360.831 / Time: 0h:0m:0s (0h:0m:0s left)
Log-likelihood cutoff on original alignment: -40415.326
Iteration 160 / LogL: -40360.831 / Time: 0h:0m:0s (0h:0m:0s left)
Iteration 170 / LogL: -40360.984 / Time: 0h:0m:0s (0h:0m:0s left)
Iteration 180 / LogL: -40360.831 / Time: 0h:0m:0s (0h:0m:0s left)
Iteration 190 / LogL: -40360.939 / Time: 0h:0m:0s (0h:0m:0s left)
Iteration 200 / LogL: -40360.939 / Time: 0h:0m:0s (0h:0m:0s left)
Log-likelihood cutoff on original alignment: -40417.426
NOTE: Bootstrap correlation coefficient of split occurrence frequencies: 0.972
NOTE: UFBoot does not converge, continue at least 100 more iterations
Iteration 210 / LogL: -40360.831 / Time: 0h:0m:0s (0h:0m:0s left)
Iteration 220 / LogL: -40371.805 / Time: 0h:0m:0s (0h:0m:0s left)
Iteration 230 / LogL: -40371.805 / Time: 0h:0m:0s (0h:0m:0s left)
Iteration 240 / LogL: -40371.805 / Time: 0h:0m:0s (0h:0m:0s left)
Iteration 250 / LogL: -40360.831 / Time: 0h:0m:1s (0h:0m:0s left)
Log-likelihood cutoff on original alignment: -40417.426
Iteration 260 / LogL: -40360.831 / Time: 0h:0m:1s (0h:0m:0s left)
Iteration 270 / LogL: -40360.831 / Time: 0h:0m:1s (0h:0m:0s left)
Iteration 280 / LogL: -40389.856 / Time: 0h:0m:1s (0h:0m:0s left)
Iteration 290 / LogL: -40360.939 / Time: 0h:0m:1s (0h:0m:0s left)
Iteration 300 / LogL: -40360.939 / Time: 0h:0m:1s (0h:0m:0s left)
Log-likelihood cutoff on original alignment: -40417.508
NOTE: Bootstrap correlation coefficient of split occurrence frequencies: 0.980
NOTE: UFBoot does not converge, continue at least 100 more iterations
Iteration 310 / LogL: -40360.831 / Time: 0h:0m:1s (0h:0m:0s left)
Iteration 320 / LogL: -40360.831 / Time: 0h:0m:1s (0h:0m:0s left)
Iteration 330 / LogL: -40360.831 / Time: 0h:0m:1s (0h:0m:0s left)
Iteration 340 / LogL: -40360.831 / Time: 0h:0m:1s (0h:0m:0s left)
Iteration 350 / LogL: -40360.919 / Time: 0h:0m:1s (0h:0m:0s left)
Log-likelihood cutoff on original alignment: -40417.508
Iteration 360 / LogL: -40376.512 / Time: 0h:0m:1s (0h:0m:0s left)
Iteration 370 / LogL: -40360.831 / Time: 0h:0m:1s (0h:0m:0s left)
Iteration 380 / LogL: -40360.831 / Time: 0h:0m:1s (0h:0m:0s left)
Iteration 390 / LogL: -40360.831 / Time: 0h:0m:1s (0h:0m:0s left)
Iteration 400 / LogL: -40376.513 / Time: 0h:0m:1s (0h:0m:0s left)
Log-likelihood cutoff on original alignment: -40417.508
NOTE: Bootstrap correlation coefficient of split occurrence frequencies: 0.981
NOTE: UFBoot does not converge, continue at least 100 more iterations
Iteration 410 / LogL: -40360.922 / Time: 0h:0m:1s (0h:0m:0s left)
Iteration 420 / LogL: -40360.831 / Time: 0h:0m:1s (0h:0m:0s left)
Iteration 430 / LogL: -40360.831 / Time: 0h:0m:2s (0h:0m:0s left)
Iteration 440 / LogL: -40371.806 / Time: 0h:0m:2s (0h:0m:0s left)
Iteration 450 / LogL: -40360.862 / Time: 0h:0m:2s (0h:0m:0s left)
Log-likelihood cutoff on original alignment: -40417.508
Iteration 460 / LogL: -40360.831 / Time: 0h:0m:2s (0h:0m:0s left)
Iteration 470 / LogL: -40360.831 / Time: 0h:0m:2s (0h:0m:0s left)
Iteration 480 / LogL: -40360.831 / Time: 0h:0m:2s (0h:0m:0s left)
Iteration 490 / LogL: -40360.831 / Time: 0h:0m:2s (0h:0m:0s left)
Iteration 500 / LogL: -40360.940 / Time: 0h:0m:2s (0h:0m:0s left)
Log-likelihood cutoff on original alignment: -40417.508
NOTE: Bootstrap correlation coefficient of split occurrence frequencies: 0.993
TREE SEARCH COMPLETED AFTER 500 ITERATIONS / Time: 0h:0m:2s

--------------------------------------------------------------------
|                    FINALIZING TREE SEARCH                        |
--------------------------------------------------------------------
Performs final model parameters optimization
Estimate model parameters (epsilon = 0.010)
1. Initial log-likelihood: -40360.831
Optimal log-likelihood: -40360.831
Rate parameters:  A-C: 1.00000  A-G: 1.00000  A-T: 1.00000  C-G: 1.00000  C-T: 1.00000  G-T: 1.00000
Base frequencies:  A: 0.299  C: 0.184  G: 0.196  T: 0.321
Parameters optimization took 1 rounds (0.000 sec)
BEST SCORE FOUND : -40360.831
Creating bootstrap support values...
Split supports printed to NEXUS file Caccuri-pt-1_LSD_Collapse-1.splits.nex
Total tree length: 0.000

Total number of iterations: 500
CPU time used for tree search: 2.442 sec (0h:0m:2s)
Wall-clock time used for tree search: 2.375 sec (0h:0m:2s)
Total CPU time used: 2.477 sec (0h:0m:2s)
Total wall-clock time used: 2.413 sec (0h:0m:2s)

Computing bootstrap consensus tree...
Reading input file Caccuri-pt-1_LSD_Collapse-1.splits.nex...
10 taxa and 70 splits.
Consensus tree written to Caccuri-pt-1_LSD_Collapse-1.contree
Reading input trees file Caccuri-pt-1_LSD_Collapse-1.contree
Log-likelihood of consensus tree: -40361.192

Analysis results written to: 
  IQ-TREE report:                Caccuri-pt-1_LSD_Collapse-1.iqtree
  Maximum-likelihood tree:       Caccuri-pt-1_LSD_Collapse-1.treefile
  Likelihood distances:          Caccuri-pt-1_LSD_Collapse-1.mldist

Ultrafast bootstrap approximation results written to:
  Split support values:          Caccuri-pt-1_LSD_Collapse-1.splits.nex
  Consensus tree:                Caccuri-pt-1_LSD_Collapse-1.contree
  Screen log file:               Caccuri-pt-1_LSD_Collapse-1.log

--- Start phylogenetic dating ---
Extracting date from node names...
12 dates extracted
Building time tree by least-square dating (LSD) with command:
lsd -i Caccuri-pt-1_LSD_Collapse-1.timetree.subst -s 29903 -o Caccuri-pt-1_LSD_Collapse-1.timetree -f 100 -r a -d Caccuri-pt-1_LSD_Collapse-1.timetree.date -l -1 

TREE 1
*PROCESSING:
Reading the tree ... 
Collapse 0 (over 9) internal branches having branch length <= -1
 (settable via option -l)
Parameter to adjust variances was set to 0.000334 (settable via option -b)
Minimum branch length of time scaled tree (settable via option -u and -U): 0
Estimating the root position on all branches using fast method ...
Computing confidence intervals using sequence length 29903 and a lognormal
 relaxed clock with mean 1, standard deviation 0.2 (settable via option -q)
*RESULTS:
- Dating results:
 rate 0.000454434, tMRCA 2020-02-18 , objective function 7.30928e-06
- Results with confidence intervals:
 rate 0.000454434 [0.000136996; 0.000765764], tMRCA 2020-02-18 [2019-06-21; 2020-03-31], objective function 7.30928e-06

TOTAL ELAPSED TIME: 0.00423 seconds
LSD results written to:
  LSD report:                  Caccuri-pt-1_LSD_Collapse-1.timetree.lsd
  Time tree in nexus format:   Caccuri-pt-1_LSD_Collapse-1.timetree.nex
  Time tree in newick format:  Caccuri-pt-1_LSD_Collapse-1.timetree.nwk

--- End phylogenetic dating ---
Date and Time: Mon Jun 19 09:52:12 2023
