IQ-TREE multicore version 2.1.2 COVID-edition for Mac OS X 64-bit built Oct 22 2020
Developed by Bui Quang Minh, James Barbetti, Nguyen Lam Tung,
Olga Chernomor, Heiko Schmidt, Dominik Schrempf, Michael Woodhams.

Host:    dlmp133362.dlce.shh.mpg.de (AVX512, FMA3, 16 GB RAM)
Command: /Users/oeversti/iqtree-2.1.2-MacOSX/bin/iqtree2 -s Huygens-pt-2_maskedRefMafft.fasta --prefix Huygens-pt-2_Rooted_LSD_Collapse-1 -m MFP -B 1000 -o NC_045512.2|2019-12-30 --date TAXNAME --date-ci 100 --date-options -l -1 -redo
Seed:    338752 (Using SPRNG - Scalable Parallel Random Number Generator)
Time:    Sun Aug 20 14:08:48 2023
Kernel:  AVX+FMA - 1 threads (8 CPU cores detected)

HINT: Use -nt option to specify number of threads because your CPU has 8 cores!
HINT: -nt AUTO will automatically determine the best number of threads to use.

Reading alignment file Huygens-pt-2_maskedRefMafft.fasta ... Fasta format detected
Alignment most likely contains DNA/RNA sequences
WARNING: 265 sites contain only gaps or ambiguous characters.
Alignment has 14 sequences with 29903 columns, 105 distinct patterns
12 parsimony-informative, 60 singleton sites, 29831 constant sites
                             Gap/Ambiguity  Composition  p-value
   1  NC_045512.2|2019-12-30         0.89%    passed     96.95%
   2  Huygens-pt-2_0|2022-01-06      4.37%    passed     99.99%
   3  Huygens-pt-2_118|2022-05-04    2.73%    passed     99.79%
   4  Huygens-pt-2_123|2022-05-09    1.77%    passed     99.91%
   5  Huygens-pt-2_131|2022-05-17    3.77%    passed     99.92%
   6  Huygens-pt-2_139|2022-05-25    5.89%    passed     98.79%
   7  Huygens-pt-2_160|2022-06-15    3.53%    passed     99.79%
   8  Huygens-pt-2_25|2022-01-31     1.65%    passed     98.76%
   9  Huygens-pt-2_32|2022-02-07     3.53%    passed    100.00%
  10  Huygens-pt-2_40|2022-02-15     2.61%    passed     99.90%
  11  Huygens-pt-2_53|2022-02-28     4.12%    passed     99.99%
  12  Huygens-pt-2_62|2022-03-09     4.84%    passed     98.45%
  13  Huygens-pt-2_76|2022-03-23     1.81%    passed     99.52%
  14  Huygens-pt-2_90|2022-04-06     5.83%    passed     98.63%
****  TOTAL                          3.38%  0 sequences failed composition chi2 test (p-value<5%; df=3)


Create initial parsimony tree by phylogenetic likelihood library (PLL)... 0.000 seconds
Perform fast likelihood tree search using GTR+I+G model...
Estimate model parameters (epsilon = 5.000)
Perform nearest neighbor interchange...
Estimate model parameters (epsilon = 1.000)
1. Initial log-likelihood: -40873.639
Optimal log-likelihood: -40873.366
Rate parameters:  A-C: 1.81371  A-G: 3.31844  A-T: 0.48667  C-G: 1.62352  C-T: 4.10489  G-T: 1.00000
Base frequencies:  A: 0.299  C: 0.183  G: 0.196  T: 0.322
Proportion of invariable sites: 0.499
Gamma shape alpha: 0.020
Parameters optimization took 1 rounds (0.002 sec)
Time for fast ML tree search: 0.013 seconds

NOTE: ModelFinder requires 0 MB RAM!
ModelFinder will test up to 286 DNA models (sample size: 29903) ...
 No. Model         -LnL         df  AIC          AICc         BIC
  1  GTR+F         40881.197    33  81828.394    81828.469    82102.482
  2  GTR+F+I       40866.548    34  81801.096    81801.176    82083.490
  3  GTR+F+G4      40875.767    34  81819.535    81819.614    82101.929
  4  GTR+F+I+G4    40873.117    35  81816.235    81816.319    82106.935
  5  GTR+F+R2      40879.652    35  81829.304    81829.388    82120.004
  6  GTR+F+R3      40878.176    37  81830.352    81830.446    82137.663
 15  SYM+I         41753.558    31  83569.117    83569.183    83826.594
 28  TVM+F+I       40867.730    33  81801.460    81801.535    82075.549
 41  TVMe+I        41754.832    30  83569.664    83569.726    83818.835
 54  TIM3+F+I      40866.971    32  81797.943    81798.013    82063.725
 67  TIM3e+I       41753.839    29  83565.677    83565.736    83806.543
 80  TIM2+F+I      40870.602    32  81805.204    81805.274    82070.987
 93  TIM2e+I       41755.799    29  83569.599    83569.657    83810.465
106  TIM+F+I       40869.777    32  81803.553    81803.624    82069.336
119  TIMe+I        41755.161    29  83568.322    83568.381    83809.188
132  TPM3u+F+I     40868.157    31  81798.314    81798.381    82055.791
145  TPM3+F+I      40868.123    31  81798.246    81798.313    82055.723
158  TPM2u+F+I     40871.717    31  81805.434    81805.500    82062.911
171  TPM2+F+I      40871.717    31  81805.434    81805.500    82062.911
184  K3Pu+F+I      40870.967    31  81803.933    81804.000    82061.411
197  K3P+I         41756.271    28  83568.543    83568.597    83801.103
210  TN+F+I        40870.596    31  81803.191    81803.258    82060.668
223  TNe+I         41755.620    28  83567.241    83567.295    83799.801
236  HKY+F+I       40871.785    30  81803.571    81803.633    82052.742
249  K2P+I         41756.730    27  83567.459    83567.510    83791.713
262  F81+F+I       40887.052    29  81832.104    81832.162    82072.970
275  JC+I          41770.601    26  83593.203    83593.250    83809.151
Akaike Information Criterion:           TIM3+F+I
Corrected Akaike Information Criterion: TIM3+F+I
Bayesian Information Criterion:         HKY+F+I
Best-fit model: HKY+F+I chosen according to BIC

All model information printed to Huygens-pt-2_Rooted_LSD_Collapse-1.model.gz
CPU time for ModelFinder: 0.073 seconds (0h:0m:0s)
Wall-clock time for ModelFinder: 0.076 seconds (0h:0m:0s)
Generating 1000 samples for ultrafast bootstrap (seed: 338752)...

NOTE: 0 MB RAM (0 GB) is required!
Estimate model parameters (epsilon = 0.100)
1. Initial log-likelihood: -40871.785
Optimal log-likelihood: -40871.785
Rate parameters:  A-C: 1.00000  A-G: 3.95971  A-T: 1.00000  C-G: 1.00000  C-T: 3.95971  G-T: 1.00000
Base frequencies:  A: 0.299  C: 0.183  G: 0.196  T: 0.322
Proportion of invariable sites: 0.988
Parameters optimization took 1 rounds (0.000 sec)
Computing ML distances based on estimated model parameters...
Computing ML distances took 0.000990 sec (of wall-clock time) 0.000942 sec(of CPU time)
WARNING: Some pairwise ML distances are too long (saturated)
Computing RapidNJ tree took 0.000043 sec (of wall-clock time) 0.000040 sec (of CPU time)
Log-likelihood of RapidNJ tree: -40881.755
--------------------------------------------------------------------
|             INITIALIZING CANDIDATE TREE SET                      |
--------------------------------------------------------------------
Generating 98 parsimony trees... 0.016 second
Computing log-likelihood of 98 initial trees ... 0.015 seconds
Current best score: -40871.785

Do NNI search on 20 best initial trees
Estimate model parameters (epsilon = 0.100)
BETTER TREE FOUND at iteration 1: -40871.785
Estimate model parameters (epsilon = 0.100)
BETTER TREE FOUND at iteration 2: -40871.737
UPDATE BEST LOG-LIKELIHOOD: -40871.737
Iteration 10 / LogL: -40871.760 / Time: 0h:0m:0s
Iteration 20 / LogL: -40871.794 / Time: 0h:0m:0s
Finish initializing candidate tree set (7)
Current best tree score: -40871.737 / CPU time: 0.095
Number of iterations: 20
--------------------------------------------------------------------
|               OPTIMIZING CANDIDATE TREE SET                      |
--------------------------------------------------------------------
UPDATE BEST LOG-LIKELIHOOD: -40871.737
Iteration 30 / LogL: -40871.737 / Time: 0h:0m:0s (0h:0m:0s left)
Iteration 40 / LogL: -40871.769 / Time: 0h:0m:0s (0h:0m:0s left)
UPDATE BEST LOG-LIKELIHOOD: -40871.737
Iteration 50 / LogL: -40871.745 / Time: 0h:0m:0s (0h:0m:0s left)
Log-likelihood cutoff on original alignment: -40895.893
UPDATE BEST LOG-LIKELIHOOD: -40871.737
Iteration 60 / LogL: -40871.782 / Time: 0h:0m:0s (0h:0m:0s left)
Iteration 70 / LogL: -40871.815 / Time: 0h:0m:0s (0h:0m:0s left)
UPDATE BEST LOG-LIKELIHOOD: -40871.737
Iteration 80 / LogL: -40871.784 / Time: 0h:0m:0s (0h:0m:0s left)
UPDATE BEST LOG-LIKELIHOOD: -40871.737
UPDATE BEST LOG-LIKELIHOOD: -40871.737
Iteration 90 / LogL: -40871.745 / Time: 0h:0m:0s (0h:0m:0s left)
UPDATE BEST LOG-LIKELIHOOD: -40871.737
Iteration 100 / LogL: -40871.856 / Time: 0h:0m:0s (0h:0m:0s left)
Log-likelihood cutoff on original alignment: -40898.643
NOTE: Bootstrap correlation coefficient of split occurrence frequencies: 0.992
TREE SEARCH COMPLETED AFTER 103 ITERATIONS / Time: 0h:0m:0s

--------------------------------------------------------------------
|                    FINALIZING TREE SEARCH                        |
--------------------------------------------------------------------
Performs final model parameters optimization
Estimate model parameters (epsilon = 0.010)
1. Initial log-likelihood: -40871.737
Optimal log-likelihood: -40871.737
Rate parameters:  A-C: 1.00000  A-G: 3.95727  A-T: 1.00000  C-G: 1.00000  C-T: 3.95727  G-T: 1.00000
Base frequencies:  A: 0.299  C: 0.183  G: 0.196  T: 0.322
Proportion of invariable sites: 0.988
Parameters optimization took 1 rounds (0.001 sec)
BEST SCORE FOUND : -40871.737
Creating bootstrap support values...
Split supports printed to NEXUS file Huygens-pt-2_Rooted_LSD_Collapse-1.splits.nex
Total tree length: 0.003

Total number of iterations: 103
CPU time used for tree search: 0.729 sec (0h:0m:0s)
Wall-clock time used for tree search: 0.556 sec (0h:0m:0s)
Total CPU time used: 0.766 sec (0h:0m:0s)
Total wall-clock time used: 0.596 sec (0h:0m:0s)

Computing bootstrap consensus tree...
Reading input file Huygens-pt-2_Rooted_LSD_Collapse-1.splits.nex...
14 taxa and 126 splits.
Consensus tree written to Huygens-pt-2_Rooted_LSD_Collapse-1.contree
Reading input trees file Huygens-pt-2_Rooted_LSD_Collapse-1.contree
Log-likelihood of consensus tree: -40872.238

Analysis results written to: 
  IQ-TREE report:                Huygens-pt-2_Rooted_LSD_Collapse-1.iqtree
  Maximum-likelihood tree:       Huygens-pt-2_Rooted_LSD_Collapse-1.treefile
  Likelihood distances:          Huygens-pt-2_Rooted_LSD_Collapse-1.mldist

Ultrafast bootstrap approximation results written to:
  Split support values:          Huygens-pt-2_Rooted_LSD_Collapse-1.splits.nex
  Consensus tree:                Huygens-pt-2_Rooted_LSD_Collapse-1.contree
  Screen log file:               Huygens-pt-2_Rooted_LSD_Collapse-1.log

--- Start phylogenetic dating ---
Extracting date from node names...
14 dates extracted
Building time tree by least-square dating (LSD) with command:
lsd -i Huygens-pt-2_Rooted_LSD_Collapse-1.timetree.subst -s 29903 -o Huygens-pt-2_Rooted_LSD_Collapse-1.timetree -f 100 -g Huygens-pt-2_Rooted_LSD_Collapse-1.timetree.outgroup -d Huygens-pt-2_Rooted_LSD_Collapse-1.timetree.date -l -1 
Reroot the tree(s) using given outgroups ...

TREE 1
*PROCESSING:
Reading the tree ... 
Collapse 0 (over 12) internal branches having branch length <= -1
 (settable via option -l)
Parameter to adjust variances was set to 0.000334 (settable via option -b)
Minimum branch length of time scaled tree (settable via option -u and -U): 0
Estimating the root position on the branch defined by given outgroups ...
Computing confidence intervals using sequence length 29903 and a lognormal
 relaxed clock with mean 1, standard deviation 0.2 (settable via option -q)
*RESULTS:
- Dating results:
 rate 0.000374299, tMRCA 2018-01-28 , objective function 4.59073e-05
- Results with confidence intervals:
 rate 0.000374299 [4.68893e-05; 0.000743964], tMRCA 2018-01-28 [1993-02-28; 2019-04-04], objective function 4.59073e-05

TOTAL ELAPSED TIME: 0.00367 seconds
LSD results written to:
  LSD report:                  Huygens-pt-2_Rooted_LSD_Collapse-1.timetree.lsd
  Time tree in nexus format:   Huygens-pt-2_Rooted_LSD_Collapse-1.timetree.nex
  Time tree in newick format:  Huygens-pt-2_Rooted_LSD_Collapse-1.timetree.nwk

--- End phylogenetic dating ---
Date and Time: Sun Aug 20 14:08:49 2023
