IQ-TREE multicore version 2.1.2 COVID-edition for Mac OS X 64-bit built Oct 22 2020
Developed by Bui Quang Minh, James Barbetti, Nguyen Lam Tung,
Olga Chernomor, Heiko Schmidt, Dominik Schrempf, Michael Woodhams.

Host:    dlmp133362.dlce.shh.mpg.de (AVX512, FMA3, 16 GB RAM)
Command: /Users/oeversti/iqtree-2.1.2-MacOSX/bin/iqtree2 -s Huygens-pt-2_maskedRefMafft.fasta --prefix Huygens-pt-2_Rooted_LSD_Collapse-default -m MFP -B 1000 -o NC_045512.2|2019-12-30 --date TAXNAME --date-ci 100 --redo
Seed:    355897 (Using SPRNG - Scalable Parallel Random Number Generator)
Time:    Sun Aug 20 14:09:42 2023
Kernel:  AVX+FMA - 1 threads (8 CPU cores detected)

HINT: Use -nt option to specify number of threads because your CPU has 8 cores!
HINT: -nt AUTO will automatically determine the best number of threads to use.

Reading alignment file Huygens-pt-2_maskedRefMafft.fasta ... Fasta format detected
Alignment most likely contains DNA/RNA sequences
WARNING: 265 sites contain only gaps or ambiguous characters.
Alignment has 14 sequences with 29903 columns, 105 distinct patterns
12 parsimony-informative, 60 singleton sites, 29831 constant sites
                             Gap/Ambiguity  Composition  p-value
   1  NC_045512.2|2019-12-30         0.89%    passed     96.95%
   2  Huygens-pt-2_0|2022-01-06      4.37%    passed     99.99%
   3  Huygens-pt-2_118|2022-05-04    2.73%    passed     99.79%
   4  Huygens-pt-2_123|2022-05-09    1.77%    passed     99.91%
   5  Huygens-pt-2_131|2022-05-17    3.77%    passed     99.92%
   6  Huygens-pt-2_139|2022-05-25    5.89%    passed     98.79%
   7  Huygens-pt-2_160|2022-06-15    3.53%    passed     99.79%
   8  Huygens-pt-2_25|2022-01-31     1.65%    passed     98.76%
   9  Huygens-pt-2_32|2022-02-07     3.53%    passed    100.00%
  10  Huygens-pt-2_40|2022-02-15     2.61%    passed     99.90%
  11  Huygens-pt-2_53|2022-02-28     4.12%    passed     99.99%
  12  Huygens-pt-2_62|2022-03-09     4.84%    passed     98.45%
  13  Huygens-pt-2_76|2022-03-23     1.81%    passed     99.52%
  14  Huygens-pt-2_90|2022-04-06     5.83%    passed     98.63%
****  TOTAL                          3.38%  0 sequences failed composition chi2 test (p-value<5%; df=3)


Create initial parsimony tree by phylogenetic likelihood library (PLL)... 0.000 seconds
Perform fast likelihood tree search using GTR+I+G model...
Estimate model parameters (epsilon = 5.000)
Perform nearest neighbor interchange...
Estimate model parameters (epsilon = 1.000)
1. Initial log-likelihood: -40873.647
Optimal log-likelihood: -40873.374
Rate parameters:  A-C: 1.81371  A-G: 3.31837  A-T: 0.48648  C-G: 1.62350  C-T: 4.10493  G-T: 1.00000
Base frequencies:  A: 0.299  C: 0.183  G: 0.196  T: 0.322
Proportion of invariable sites: 0.499
Gamma shape alpha: 0.020
Parameters optimization took 1 rounds (0.002 sec)
Time for fast ML tree search: 0.013 seconds

NOTE: ModelFinder requires 0 MB RAM!
ModelFinder will test up to 286 DNA models (sample size: 29903) ...
 No. Model         -LnL         df  AIC          AICc         BIC
  1  GTR+F         40881.204    33  81828.407    81828.482    82102.496
  2  GTR+F+I       40866.562    34  81801.124    81801.204    82083.519
  3  GTR+F+G4      40875.775    34  81819.549    81819.629    82101.944
  4  GTR+F+I+G4    40873.125    35  81816.249    81816.334    82106.949
  5  GTR+F+R2      40879.659    35  81829.318    81829.402    82120.018
  6  GTR+F+R3      40878.183    37  81830.366    81830.460    82137.678
 15  SYM+I         41753.575    31  83569.150    83569.216    83826.627
 28  TVM+F+I       40867.746    33  81801.493    81801.568    82075.581
 41  TVMe+I        41754.837    30  83569.674    83569.736    83818.845
 54  TIM3+F+I      40866.988    32  81797.977    81798.048    82063.760
 67  TIM3e+I       41753.859    29  83565.717    83565.776    83806.583
 80  TIM2+F+I      40870.618    32  81805.235    81805.306    82071.018
 93  TIM2e+I       41755.817    29  83569.635    83569.693    83810.500
106  TIM+F+I       40869.791    32  81803.583    81803.653    82069.365
119  TIMe+I        41755.178    29  83568.357    83568.415    83809.222
132  TPM3u+F+I     40868.173    31  81798.346    81798.412    82055.823
145  TPM3+F+I      40868.139    31  81798.277    81798.344    82055.754
158  TPM2u+F+I     40871.731    31  81805.463    81805.529    82062.940
171  TPM2+F+I      40871.731    31  81805.463    81805.529    82062.940
184  K3Pu+F+I      40870.980    31  81803.961    81804.027    82061.438
197  K3P+I         41756.287    28  83568.574    83568.629    83801.134
210  TN+F+I        40870.611    31  81803.222    81803.288    82060.699
223  TNe+I         41755.638    28  83567.276    83567.330    83799.836
236  HKY+F+I       40871.799    30  81803.599    81803.661    82052.770
249  K2P+I         41756.746    27  83567.491    83567.542    83791.746
262  F81+F+I       40887.064    29  81832.127    81832.186    82072.993
275  JC+I          41770.615    26  83593.229    83593.276    83809.178
Akaike Information Criterion:           TIM3+F+I
Corrected Akaike Information Criterion: TIM3+F+I
Bayesian Information Criterion:         HKY+F+I
Best-fit model: HKY+F+I chosen according to BIC

All model information printed to Huygens-pt-2_Rooted_LSD_Collapse-default.model.gz
CPU time for ModelFinder: 0.073 seconds (0h:0m:0s)
Wall-clock time for ModelFinder: 0.077 seconds (0h:0m:0s)
Generating 1000 samples for ultrafast bootstrap (seed: 355897)...

NOTE: 0 MB RAM (0 GB) is required!
Estimate model parameters (epsilon = 0.100)
1. Initial log-likelihood: -40871.799
Optimal log-likelihood: -40871.799
Rate parameters:  A-C: 1.00000  A-G: 3.95852  A-T: 1.00000  C-G: 1.00000  C-T: 3.95852  G-T: 1.00000
Base frequencies:  A: 0.299  C: 0.183  G: 0.196  T: 0.322
Proportion of invariable sites: 0.988
Parameters optimization took 1 rounds (0.000 sec)
Computing ML distances based on estimated model parameters...
Computing ML distances took 0.000923 sec (of wall-clock time) 0.000901 sec(of CPU time)
WARNING: Some pairwise ML distances are too long (saturated)
Computing RapidNJ tree took 0.000044 sec (of wall-clock time) 0.000039 sec (of CPU time)
Log-likelihood of RapidNJ tree: -41304.396
--------------------------------------------------------------------
|             INITIALIZING CANDIDATE TREE SET                      |
--------------------------------------------------------------------
Generating 98 parsimony trees... 0.016 second
Computing log-likelihood of 98 initial trees ... 0.016 seconds
Current best score: -40871.799

Do NNI search on 20 best initial trees
Estimate model parameters (epsilon = 0.100)
BETTER TREE FOUND at iteration 1: -40871.797
Estimate model parameters (epsilon = 0.100)
UPDATE BEST LOG-LIKELIHOOD: -40871.745
Iteration 10 / LogL: -40871.760 / Time: 0h:0m:0s
UPDATE BEST LOG-LIKELIHOOD: -40871.738
UPDATE BEST LOG-LIKELIHOOD: -40871.738
UPDATE BEST LOG-LIKELIHOOD: -40871.737
Iteration 20 / LogL: -40871.737 / Time: 0h:0m:0s
Finish initializing candidate tree set (6)
Current best tree score: -40871.737 / CPU time: 0.112
Number of iterations: 20
--------------------------------------------------------------------
|               OPTIMIZING CANDIDATE TREE SET                      |
--------------------------------------------------------------------
Iteration 30 / LogL: -40871.906 / Time: 0h:0m:0s (0h:0m:0s left)
UPDATE BEST LOG-LIKELIHOOD: -40871.737
Iteration 40 / LogL: -40871.812 / Time: 0h:0m:0s (0h:0m:0s left)
Iteration 50 / LogL: -40871.891 / Time: 0h:0m:0s (0h:0m:0s left)
Log-likelihood cutoff on original alignment: -40889.406
Iteration 60 / LogL: -40871.818 / Time: 0h:0m:0s (0h:0m:0s left)
Iteration 70 / LogL: -40871.844 / Time: 0h:0m:0s (0h:0m:0s left)
UPDATE BEST LOG-LIKELIHOOD: -40871.737
UPDATE BEST LOG-LIKELIHOOD: -40871.737
Iteration 80 / LogL: -40871.887 / Time: 0h:0m:0s (0h:0m:0s left)
Iteration 90 / LogL: -40871.737 / Time: 0h:0m:0s (0h:0m:0s left)
Iteration 100 / LogL: -40871.752 / Time: 0h:0m:0s (0h:0m:0s left)
Log-likelihood cutoff on original alignment: -40891.270
NOTE: Bootstrap correlation coefficient of split occurrence frequencies: 0.992
TREE SEARCH COMPLETED AFTER 102 ITERATIONS / Time: 0h:0m:0s

--------------------------------------------------------------------
|                    FINALIZING TREE SEARCH                        |
--------------------------------------------------------------------
Performs final model parameters optimization
Estimate model parameters (epsilon = 0.010)
1. Initial log-likelihood: -40871.737
Optimal log-likelihood: -40871.737
Rate parameters:  A-C: 1.00000  A-G: 3.95656  A-T: 1.00000  C-G: 1.00000  C-T: 3.95656  G-T: 1.00000
Base frequencies:  A: 0.299  C: 0.183  G: 0.196  T: 0.322
Proportion of invariable sites: 0.988
Parameters optimization took 1 rounds (0.001 sec)
BEST SCORE FOUND : -40871.737
Creating bootstrap support values...
Split supports printed to NEXUS file Huygens-pt-2_Rooted_LSD_Collapse-default.splits.nex
Total tree length: 0.003

Total number of iterations: 102
CPU time used for tree search: 0.728 sec (0h:0m:0s)
Wall-clock time used for tree search: 0.550 sec (0h:0m:0s)
Total CPU time used: 0.764 sec (0h:0m:0s)
Total wall-clock time used: 0.589 sec (0h:0m:0s)

Computing bootstrap consensus tree...
Reading input file Huygens-pt-2_Rooted_LSD_Collapse-default.splits.nex...
14 taxa and 125 splits.
Consensus tree written to Huygens-pt-2_Rooted_LSD_Collapse-default.contree
Reading input trees file Huygens-pt-2_Rooted_LSD_Collapse-default.contree
Log-likelihood of consensus tree: -40872.220

Analysis results written to: 
  IQ-TREE report:                Huygens-pt-2_Rooted_LSD_Collapse-default.iqtree
  Maximum-likelihood tree:       Huygens-pt-2_Rooted_LSD_Collapse-default.treefile
  Likelihood distances:          Huygens-pt-2_Rooted_LSD_Collapse-default.mldist

Ultrafast bootstrap approximation results written to:
  Split support values:          Huygens-pt-2_Rooted_LSD_Collapse-default.splits.nex
  Consensus tree:                Huygens-pt-2_Rooted_LSD_Collapse-default.contree
  Screen log file:               Huygens-pt-2_Rooted_LSD_Collapse-default.log

--- Start phylogenetic dating ---
Extracting date from node names...
14 dates extracted
Building time tree by least-square dating (LSD) with command:
lsd -i Huygens-pt-2_Rooted_LSD_Collapse-default.timetree.subst -s 29903 -o Huygens-pt-2_Rooted_LSD_Collapse-default.timetree -f 100 -g Huygens-pt-2_Rooted_LSD_Collapse-default.timetree.outgroup -d Huygens-pt-2_Rooted_LSD_Collapse-default.timetree.date 
Reroot the tree(s) using given outgroups ...

TREE 1
*PROCESSING:
Reading the tree ... 
Collapse 5 (over 12) internal branches having branch length <= 1.67e-05
 (settable via option -l)
Parameter to adjust variances was set to 0.000334 (settable via option -b)
Minimum branch length of time scaled tree (settable via option -u and -U): 0
Estimating the root position on the branch defined by given outgroups ...
Computing confidence intervals using sequence length 29903 and a lognormal
 relaxed clock with mean 1, standard deviation 0.2 (settable via option -q)
*WARNINGS:
- 41.6667% internal branches were collapsed.
*RESULTS:
- Dating results:
 rate 0.000348357, tMRCA 2017-11-11 , objective function 4.97014e-05
- Results with confidence intervals:
 rate 0.000348357 [3.83896e-05; 0.000674867], tMRCA 2017-11-11 [1979-10-18; 2019-02-08], objective function 4.97014e-05

TOTAL ELAPSED TIME: 0.00259 seconds
LSD results written to:
  LSD report:                  Huygens-pt-2_Rooted_LSD_Collapse-default.timetree.lsd
  Time tree in nexus format:   Huygens-pt-2_Rooted_LSD_Collapse-default.timetree.nex
  Time tree in newick format:  Huygens-pt-2_Rooted_LSD_Collapse-default.timetree.nwk

--- End phylogenetic dating ---
Date and Time: Sun Aug 20 14:09:43 2023
