IQ-TREE multicore version 2.1.2 COVID-edition for Mac OS X 64-bit built Oct 22 2020
Developed by Bui Quang Minh, James Barbetti, Nguyen Lam Tung,
Olga Chernomor, Heiko Schmidt, Dominik Schrempf, Michael Woodhams.

Host:    dlmp133362.w-staff.shh.mpg.de (AVX512, FMA3, 16 GB RAM)
Command: /Users/oeversti/iqtree-2.1.2-MacOSX/bin/iqtree2 -s Lynch-pt-1_maskedRefRemMafft.fasta --prefix Lynch-pt-1_LSD_Collapse-1 -m MFP -B 1000 --date TAXNAME --date-ci 100 --date-options -l -1 -redo
Seed:    620308 (Using SPRNG - Scalable Parallel Random Number Generator)
Time:    Wed Oct 18 11:50:59 2023
Kernel:  AVX+FMA - 1 threads (8 CPU cores detected)

HINT: Use -nt option to specify number of threads because your CPU has 8 cores!
HINT: -nt AUTO will automatically determine the best number of threads to use.

Reading alignment file Lynch-pt-1_maskedRefRemMafft.fasta ... Fasta format detected
Alignment most likely contains DNA/RNA sequences
WARNING: 512 sites contain only gaps or ambiguous characters.
Alignment has 8 sequences with 29903 columns, 39 distinct patterns
2 parsimony-informative, 1 singleton sites, 29900 constant sites
                          Gap/Ambiguity  Composition  p-value
   1  Lynch-pt-1_0|2020-04-09     1.78%    passed     99.97%
   2  Lynch-pt-1_14|2020-04-23    3.14%    passed    100.00%
   3  Lynch-pt-1_18|2020-04-27    2.58%    passed     99.99%
   4  Lynch-pt-1_42|2020-05-21    2.16%    passed     99.99%
   5  Lynch-pt-1_56|2020-06-04    1.71%    passed     99.96%
   6  Lynch-pt-1_63|2020-06-11    2.67%    passed     99.99%
   7  Lynch-pt-1_71|2020-06-19    3.15%    passed    100.00%
   8  Lynch-pt-1_77|2020-06-25    3.25%    passed     99.99%
****  TOTAL                       2.55%  0 sequences failed composition chi2 test (p-value<5%; df=3)


Create initial parsimony tree by phylogenetic likelihood library (PLL)... 0.000 seconds
Perform fast likelihood tree search using GTR+I+G model...
Estimate model parameters (epsilon = 5.000)
Perform nearest neighbor interchange...
Estimate model parameters (epsilon = 1.000)
1. Initial log-likelihood: -39907.440
2. Current log-likelihood: -39906.414
Optimal log-likelihood: -39906.219
Rate parameters:  A-C: 0.00010  A-G: 2.75236  A-T: 0.00010  C-G: 0.00010  C-T: 0.00010  G-T: 1.00000
Base frequencies:  A: 0.299  C: 0.184  G: 0.196  T: 0.321
Proportion of invariable sites: 0.500
Gamma shape alpha: 998.448
Parameters optimization took 2 rounds (0.001 sec)
Time for fast ML tree search: 0.003 seconds

NOTE: ModelFinder requires 0 MB RAM!
ModelFinder will test up to 286 DNA models (sample size: 29903) ...
 No. Model         -LnL         df  AIC          AICc         BIC
  1  GTR+F         39906.216    21  79854.431    79854.462    80028.851
  2  GTR+F+I       39906.213    22  79856.426    79856.459    80039.151
  3  GTR+F+G4      39906.213    22  79856.426    79856.459    80039.151
  4  GTR+F+I+G4    39906.213    23  79858.426    79858.463    80049.457
  5  GTR+F+R2      39906.183    23  79858.366    79858.403    80049.397
  6  GTR+F+R3      39906.182    25  79862.365    79862.408    80070.008
 14  SYM           40777.223    18  81590.447    81590.470    81739.950
 27  TVM+F         39907.598    20  79855.196    79855.224    80021.310
 40  TVMe          40778.618    17  81591.236    81591.257    81732.433
 53  TIM3+F        39907.161    19  79852.321    79852.347    80010.130
 66  TIM3e         40778.013    16  81588.027    81588.045    81720.918
 79  TIM2+F        39906.856    19  79851.712    79851.738    80009.521
 92  TIM2e         40777.917    16  81587.833    81587.852    81720.725
105  TIM+F         39907.318    19  79852.635    79852.661    80010.444
118  TIMe          40778.585    16  81589.171    81589.189    81722.062
131  TPM3u+F       39909.021    18  79854.043    79854.066    80003.546
144  TPM3+F        39908.960    18  79853.920    79853.943    80003.423
157  TPM2u+F       39908.834    18  79853.668    79853.691    80003.171
170  TPM2+F        39908.828    18  79853.656    79853.679    80003.159
183  K3Pu+F        39909.557    18  79855.114    79855.137    80004.617
196  K3P           40780.599    15  81591.198    81591.214    81715.784
209  TN+F          39909.577    18  79855.154    79855.177    80004.657
222  TNe           40780.614    15  81591.228    81591.244    81715.814
235  HKY+F         39909.582    17  79853.163    79853.184    79994.360
248  K2P           40780.617    14  81589.235    81589.249    81705.515
261  F81+F         39909.723    16  79851.447    79851.465    79984.338
274  JC            40780.656    13  81587.312    81587.325    81695.287
Akaike Information Criterion:           F81+F
Corrected Akaike Information Criterion: F81+F
Bayesian Information Criterion:         F81+F
Best-fit model: F81+F chosen according to BIC

All model information printed to Lynch-pt-1_LSD_Collapse-1.model.gz
CPU time for ModelFinder: 0.027 seconds (0h:0m:0s)
Wall-clock time for ModelFinder: 0.031 seconds (0h:0m:0s)
Generating 1000 samples for ultrafast bootstrap (seed: 620308)...

NOTE: 0 MB RAM (0 GB) is required!
Estimate model parameters (epsilon = 0.100)
1. Initial log-likelihood: -39909.723
Optimal log-likelihood: -39909.723
Rate parameters:  A-C: 1.00000  A-G: 1.00000  A-T: 1.00000  C-G: 1.00000  C-T: 1.00000  G-T: 1.00000
Base frequencies:  A: 0.299  C: 0.184  G: 0.196  T: 0.321
Parameters optimization took 1 rounds (0.000 sec)
Computing ML distances based on estimated model parameters...
Computing ML distances took 0.000317 sec (of wall-clock time) 0.000287 sec(of CPU time)
WARNING: Some pairwise ML distances are too long (saturated)
Computing RapidNJ tree took 0.000023 sec (of wall-clock time) 0.000019 sec (of CPU time)
Log-likelihood of RapidNJ tree: -39910.092
--------------------------------------------------------------------
|             INITIALIZING CANDIDATE TREE SET                      |
--------------------------------------------------------------------
Generating 98 parsimony trees... 0.012 second
Computing log-likelihood of 87 initial trees ... 0.009 seconds
Current best score: -39909.723

Do NNI search on 20 best initial trees
Estimate model parameters (epsilon = 0.100)
BETTER TREE FOUND at iteration 1: -39909.723
Iteration 10 / LogL: -39909.724 / Time: 0h:0m:0s
Iteration 20 / LogL: -39909.724 / Time: 0h:0m:0s
Finish initializing candidate tree set (8)
Current best tree score: -39909.723 / CPU time: 0.036
Number of iterations: 20
--------------------------------------------------------------------
|               OPTIMIZING CANDIDATE TREE SET                      |
--------------------------------------------------------------------
UPDATE BEST LOG-LIKELIHOOD: -39909.723
Iteration 30 / LogL: -39909.723 / Time: 0h:0m:0s (0h:0m:0s left)
Iteration 40 / LogL: -39909.724 / Time: 0h:0m:0s (0h:0m:0s left)
Iteration 50 / LogL: -39909.723 / Time: 0h:0m:0s (0h:0m:0s left)
Log-likelihood cutoff on original alignment: -39916.411
Iteration 60 / LogL: -39909.723 / Time: 0h:0m:0s (0h:0m:0s left)
Iteration 70 / LogL: -39909.723 / Time: 0h:0m:0s (0h:0m:0s left)
Iteration 80 / LogL: -39909.723 / Time: 0h:0m:0s (0h:0m:0s left)
Iteration 90 / LogL: -39909.723 / Time: 0h:0m:0s (0h:0m:0s left)
Iteration 100 / LogL: -39909.723 / Time: 0h:0m:0s (0h:0m:0s left)
Log-likelihood cutoff on original alignment: -39916.411
NOTE: Bootstrap correlation coefficient of split occurrence frequencies: 0.940
NOTE: UFBoot does not converge, continue at least 100 more iterations
Iteration 110 / LogL: -39909.723 / Time: 0h:0m:0s (0h:0m:0s left)
Iteration 120 / LogL: -39909.723 / Time: 0h:0m:0s (0h:0m:0s left)
Iteration 130 / LogL: -39909.723 / Time: 0h:0m:0s (0h:0m:0s left)
UPDATE BEST LOG-LIKELIHOOD: -39909.723
Iteration 140 / LogL: -39909.830 / Time: 0h:0m:0s (0h:0m:0s left)
Iteration 150 / LogL: -39909.723 / Time: 0h:0m:0s (0h:0m:0s left)
Log-likelihood cutoff on original alignment: -39916.342
Iteration 160 / LogL: -39909.723 / Time: 0h:0m:0s (0h:0m:0s left)
Iteration 170 / LogL: -39909.723 / Time: 0h:0m:0s (0h:0m:0s left)
Iteration 180 / LogL: -39909.723 / Time: 0h:0m:0s (0h:0m:0s left)
Iteration 190 / LogL: -39909.723 / Time: 0h:0m:0s (0h:0m:0s left)
Iteration 200 / LogL: -39909.723 / Time: 0h:0m:0s (0h:0m:0s left)
Log-likelihood cutoff on original alignment: -39916.404
NOTE: Bootstrap correlation coefficient of split occurrence frequencies: 0.894
NOTE: UFBoot does not converge, continue at least 100 more iterations
Iteration 210 / LogL: -39916.335 / Time: 0h:0m:0s (0h:0m:0s left)
Iteration 220 / LogL: -39909.723 / Time: 0h:0m:0s (0h:0m:0s left)
Iteration 230 / LogL: -39909.723 / Time: 0h:0m:0s (0h:0m:0s left)
Iteration 240 / LogL: -39916.297 / Time: 0h:0m:0s (0h:0m:0s left)
Iteration 250 / LogL: -39916.305 / Time: 0h:0m:0s (0h:0m:0s left)
Log-likelihood cutoff on original alignment: -39916.404
Iteration 260 / LogL: -39916.288 / Time: 0h:0m:0s (0h:0m:0s left)
Iteration 270 / LogL: -39909.723 / Time: 0h:0m:1s (0h:0m:0s left)
Iteration 280 / LogL: -39909.723 / Time: 0h:0m:1s (0h:0m:0s left)
Iteration 290 / LogL: -39909.723 / Time: 0h:0m:1s (0h:0m:0s left)
Iteration 300 / LogL: -39909.723 / Time: 0h:0m:1s (0h:0m:0s left)
Log-likelihood cutoff on original alignment: -39916.365
NOTE: Bootstrap correlation coefficient of split occurrence frequencies: 0.971
NOTE: UFBoot does not converge, continue at least 100 more iterations
Iteration 310 / LogL: -39909.723 / Time: 0h:0m:1s (0h:0m:0s left)
Iteration 320 / LogL: -39909.723 / Time: 0h:0m:1s (0h:0m:0s left)
Iteration 330 / LogL: -39909.723 / Time: 0h:0m:1s (0h:0m:0s left)
Iteration 340 / LogL: -39909.723 / Time: 0h:0m:1s (0h:0m:0s left)
Iteration 350 / LogL: -39909.723 / Time: 0h:0m:1s (0h:0m:0s left)
Log-likelihood cutoff on original alignment: -39916.411
Iteration 360 / LogL: -39909.723 / Time: 0h:0m:1s (0h:0m:0s left)
Iteration 370 / LogL: -39909.723 / Time: 0h:0m:1s (0h:0m:0s left)
Iteration 380 / LogL: -39909.723 / Time: 0h:0m:1s (0h:0m:0s left)
Iteration 390 / LogL: -39909.830 / Time: 0h:0m:1s (0h:0m:0s left)
Iteration 400 / LogL: -39909.723 / Time: 0h:0m:1s (0h:0m:0s left)
Log-likelihood cutoff on original alignment: -39916.411
NOTE: Bootstrap correlation coefficient of split occurrence frequencies: 0.984
NOTE: UFBoot does not converge, continue at least 100 more iterations
Iteration 410 / LogL: -39909.723 / Time: 0h:0m:1s (0h:0m:0s left)
Iteration 420 / LogL: -39909.723 / Time: 0h:0m:1s (0h:0m:0s left)
Iteration 430 / LogL: -39909.814 / Time: 0h:0m:1s (0h:0m:0s left)
Iteration 440 / LogL: -39909.723 / Time: 0h:0m:1s (0h:0m:0s left)
Iteration 450 / LogL: -39909.814 / Time: 0h:0m:1s (0h:0m:0s left)
Log-likelihood cutoff on original alignment: -39916.405
Iteration 460 / LogL: -39909.723 / Time: 0h:0m:1s (0h:0m:0s left)
Iteration 470 / LogL: -39909.723 / Time: 0h:0m:1s (0h:0m:0s left)
Iteration 480 / LogL: -39909.723 / Time: 0h:0m:1s (0h:0m:0s left)
Iteration 490 / LogL: -39909.723 / Time: 0h:0m:1s (0h:0m:0s left)
Iteration 500 / LogL: -39909.723 / Time: 0h:0m:1s (0h:0m:0s left)
Log-likelihood cutoff on original alignment: -39916.403
NOTE: Bootstrap correlation coefficient of split occurrence frequencies: 0.962
NOTE: UFBoot does not converge, continue at least 100 more iterations
Iteration 510 / LogL: -39909.723 / Time: 0h:0m:1s (0h:0m:0s left)
Iteration 520 / LogL: -39909.723 / Time: 0h:0m:2s (0h:0m:0s left)
Iteration 530 / LogL: -39909.724 / Time: 0h:0m:2s (0h:0m:0s left)
Iteration 540 / LogL: -39909.723 / Time: 0h:0m:2s (0h:0m:0s left)
Iteration 550 / LogL: -39909.723 / Time: 0h:0m:2s (0h:0m:0s left)
Log-likelihood cutoff on original alignment: -39916.403
Iteration 560 / LogL: -39909.723 / Time: 0h:0m:2s (0h:0m:0s left)
Iteration 570 / LogL: -39916.368 / Time: 0h:0m:2s (0h:0m:0s left)
Iteration 580 / LogL: -39909.824 / Time: 0h:0m:2s (0h:0m:0s left)
Iteration 590 / LogL: -39916.341 / Time: 0h:0m:2s (0h:0m:0s left)
Iteration 600 / LogL: -39909.723 / Time: 0h:0m:2s (0h:0m:0s left)
Log-likelihood cutoff on original alignment: -39916.411
NOTE: Bootstrap correlation coefficient of split occurrence frequencies: 0.926
NOTE: UFBoot does not converge, continue at least 100 more iterations
Iteration 610 / LogL: -39916.288 / Time: 0h:0m:2s (0h:0m:0s left)
Iteration 620 / LogL: -39909.723 / Time: 0h:0m:2s (0h:0m:0s left)
Iteration 630 / LogL: -39909.723 / Time: 0h:0m:2s (0h:0m:0s left)
Iteration 640 / LogL: -39909.723 / Time: 0h:0m:2s (0h:0m:0s left)
Iteration 650 / LogL: -39909.723 / Time: 0h:0m:2s (0h:0m:0s left)
Log-likelihood cutoff on original alignment: -39916.411
Iteration 660 / LogL: -39909.723 / Time: 0h:0m:2s (0h:0m:0s left)
Iteration 670 / LogL: -39909.723 / Time: 0h:0m:2s (0h:0m:0s left)
Iteration 680 / LogL: -39909.723 / Time: 0h:0m:2s (0h:0m:0s left)
Iteration 690 / LogL: -39909.724 / Time: 0h:0m:2s (0h:0m:0s left)
Iteration 700 / LogL: -39909.723 / Time: 0h:0m:2s (0h:0m:0s left)
Log-likelihood cutoff on original alignment: -39916.411
NOTE: Bootstrap correlation coefficient of split occurrence frequencies: 0.972
NOTE: UFBoot does not converge, continue at least 100 more iterations
Iteration 710 / LogL: -39909.814 / Time: 0h:0m:2s (0h:0m:0s left)
Iteration 720 / LogL: -39909.723 / Time: 0h:0m:2s (0h:0m:0s left)
Iteration 730 / LogL: -39909.723 / Time: 0h:0m:2s (0h:0m:0s left)
Iteration 740 / LogL: -39909.723 / Time: 0h:0m:2s (0h:0m:0s left)
Iteration 750 / LogL: -39909.723 / Time: 0h:0m:2s (0h:0m:0s left)
Log-likelihood cutoff on original alignment: -39916.409
Iteration 760 / LogL: -39909.723 / Time: 0h:0m:3s (0h:0m:0s left)
Iteration 770 / LogL: -39909.724 / Time: 0h:0m:3s (0h:0m:0s left)
Iteration 780 / LogL: -39909.723 / Time: 0h:0m:3s (0h:0m:0s left)
Iteration 790 / LogL: -39909.723 / Time: 0h:0m:3s (0h:0m:0s left)
Iteration 800 / LogL: -39909.830 / Time: 0h:0m:3s (0h:0m:0s left)
Log-likelihood cutoff on original alignment: -39916.409
NOTE: Bootstrap correlation coefficient of split occurrence frequencies: 0.973
NOTE: UFBoot does not converge, continue at least 100 more iterations
Iteration 810 / LogL: -39909.723 / Time: 0h:0m:3s (0h:0m:0s left)
Iteration 820 / LogL: -39909.723 / Time: 0h:0m:3s (0h:0m:0s left)
Iteration 830 / LogL: -39909.723 / Time: 0h:0m:3s (0h:0m:0s left)
Iteration 840 / LogL: -39909.723 / Time: 0h:0m:3s (0h:0m:0s left)
Iteration 850 / LogL: -39909.723 / Time: 0h:0m:3s (0h:0m:0s left)
Log-likelihood cutoff on original alignment: -39916.415
Iteration 860 / LogL: -39909.830 / Time: 0h:0m:3s (0h:0m:0s left)
Iteration 870 / LogL: -39909.723 / Time: 0h:0m:3s (0h:0m:0s left)
Iteration 880 / LogL: -39916.306 / Time: 0h:0m:3s (0h:0m:0s left)
Iteration 890 / LogL: -39909.723 / Time: 0h:0m:3s (0h:0m:0s left)
Iteration 900 / LogL: -39909.723 / Time: 0h:0m:3s (0h:0m:0s left)
Log-likelihood cutoff on original alignment: -39916.415
NOTE: Bootstrap correlation coefficient of split occurrence frequencies: 0.976
NOTE: UFBoot does not converge, continue at least 100 more iterations
Iteration 910 / LogL: -39909.723 / Time: 0h:0m:3s (0h:0m:0s left)
Iteration 920 / LogL: -39909.723 / Time: 0h:0m:3s (0h:0m:0s left)
Iteration 930 / LogL: -39909.723 / Time: 0h:0m:3s (0h:0m:0s left)
Iteration 940 / LogL: -39909.723 / Time: 0h:0m:3s (0h:0m:0s left)
Iteration 950 / LogL: -39916.297 / Time: 0h:0m:3s (0h:0m:0s left)
Log-likelihood cutoff on original alignment: -39916.415
Iteration 960 / LogL: -39909.830 / Time: 0h:0m:3s (0h:0m:0s left)
Iteration 970 / LogL: -39916.297 / Time: 0h:0m:3s (0h:0m:0s left)
Iteration 980 / LogL: -39909.723 / Time: 0h:0m:4s (0h:0m:0s left)
Iteration 990 / LogL: -39909.723 / Time: 0h:0m:4s (0h:0m:0s left)
Iteration 1000 / LogL: -39909.723 / Time: 0h:0m:4s (0h:0m:0s left)
Log-likelihood cutoff on original alignment: -39916.413
NOTE: Bootstrap correlation coefficient of split occurrence frequencies: 0.937
NOTE: UFBoot does not converge, continue at least 100 more iterations
WARNING: bootstrap analysis did not converge. You should rerun with higher number of iterations (-nm option)
TREE SEARCH COMPLETED AFTER 1001 ITERATIONS / Time: 0h:0m:4s

--------------------------------------------------------------------
|                    FINALIZING TREE SEARCH                        |
--------------------------------------------------------------------
Performs final model parameters optimization
Estimate model parameters (epsilon = 0.010)
1. Initial log-likelihood: -39909.723
Optimal log-likelihood: -39909.723
Rate parameters:  A-C: 1.00000  A-G: 1.00000  A-T: 1.00000  C-G: 1.00000  C-T: 1.00000  G-T: 1.00000
Base frequencies:  A: 0.299  C: 0.184  G: 0.196  T: 0.321
Parameters optimization took 1 rounds (0.000 sec)
BEST SCORE FOUND : -39909.723
Creating bootstrap support values...
Split supports printed to NEXUS file Lynch-pt-1_LSD_Collapse-1.splits.nex
Total tree length: 0.000

Total number of iterations: 1001
CPU time used for tree search: 4.094 sec (0h:0m:4s)
Wall-clock time used for tree search: 4.125 sec (0h:0m:4s)
Total CPU time used: 4.128 sec (0h:0m:4s)
Total wall-clock time used: 4.161 sec (0h:0m:4s)

Computing bootstrap consensus tree...
Reading input file Lynch-pt-1_LSD_Collapse-1.splits.nex...
8 taxa and 37 splits.
Consensus tree written to Lynch-pt-1_LSD_Collapse-1.contree
Reading input trees file Lynch-pt-1_LSD_Collapse-1.contree
Log-likelihood of consensus tree: -39910.049

Analysis results written to: 
  IQ-TREE report:                Lynch-pt-1_LSD_Collapse-1.iqtree
  Maximum-likelihood tree:       Lynch-pt-1_LSD_Collapse-1.treefile
  Likelihood distances:          Lynch-pt-1_LSD_Collapse-1.mldist

Ultrafast bootstrap approximation results written to:
  Split support values:          Lynch-pt-1_LSD_Collapse-1.splits.nex
  Consensus tree:                Lynch-pt-1_LSD_Collapse-1.contree
  Screen log file:               Lynch-pt-1_LSD_Collapse-1.log

--- Start phylogenetic dating ---
Extracting date from node names...
8 dates extracted
Building time tree by least-square dating (LSD) with command:
lsd -i Lynch-pt-1_LSD_Collapse-1.timetree.subst -s 29903 -o Lynch-pt-1_LSD_Collapse-1.timetree -f 100 -r a -d Lynch-pt-1_LSD_Collapse-1.timetree.date -l -1 

TREE 1
*PROCESSING:
Reading the tree ... 
Collapse 0 (over 5) internal branches having branch length <= -1
 (settable via option -l)
Parameter to adjust variances was set to 0.000334 (settable via option -b)
Minimum branch length of time scaled tree (settable via option -u and -U): 0
Estimating the root position on all branches using fast method ...
Computing confidence intervals using sequence length 29903 and a lognormal
 relaxed clock with mean 1, standard deviation 0.2 (settable via option -q)
*RESULTS:
- Dating results:
 rate 0.000174616, tMRCA 2020-02-18 , objective function 1.7414e-06
- Results with confidence intervals:
 rate 0.000174616 [1e-10; 0.000521181], tMRCA 2020-02-18 [-570973-11-01; 2020-04-09], objective function 1.7414e-06

TOTAL ELAPSED TIME: 0.00321 seconds
LSD results written to:
  LSD report:                  Lynch-pt-1_LSD_Collapse-1.timetree.lsd
  Time tree in nexus format:   Lynch-pt-1_LSD_Collapse-1.timetree.nex
  Time tree in newick format:  Lynch-pt-1_LSD_Collapse-1.timetree.nwk

--- End phylogenetic dating ---
Date and Time: Wed Oct 18 11:51:03 2023
