IQ-TREE multicore version 2.1.2 COVID-edition for Mac OS X 64-bit built Oct 22 2020
Developed by Bui Quang Minh, James Barbetti, Nguyen Lam Tung,
Olga Chernomor, Heiko Schmidt, Dominik Schrempf, Michael Woodhams.

Host:    dlmp133362.w-staff.shh.mpg.de (AVX512, FMA3, 16 GB RAM)
Command: /Users/oeversti/iqtree-2.1.2-MacOSX/bin/iqtree2 -s Perez-Lago-pt-1_maskedRefRemMafft.fasta -m MFP
Seed:    922590 (Using SPRNG - Scalable Parallel Random Number Generator)
Time:    Wed May  3 16:26:42 2023
Kernel:  AVX+FMA - 1 threads (8 CPU cores detected)

HINT: Use -nt option to specify number of threads because your CPU has 8 cores!
HINT: -nt AUTO will automatically determine the best number of threads to use.

Reading alignment file Perez-Lago-pt-1_maskedRefRemMafft.fasta ... Fasta format detected
Alignment most likely contains DNA/RNA sequences
WARNING: 265 sites contain only gaps or ambiguous characters.
Alignment has 9 sequences with 29903 columns, 80 distinct patterns
10 parsimony-informative, 4 singleton sites, 29889 constant sites
                                Gap/Ambiguity  Composition  p-value
   1  Perez-Lago-pt-1_0|2020-05-28      1.51%    passed     99.97%
   2  Perez-Lago-pt-1_101|2020-09-06    3.50%    passed     99.96%
   3  Perez-Lago-pt-1_123|2020-09-28    1.86%    passed     99.99%
   4  Perez-Lago-pt-1_20|2020-06-17     0.90%    passed     99.96%
   5  Perez-Lago-pt-1_33|2020-06-30     4.06%    passed     99.89%
   6  Perez-Lago-pt-1_48|2020-07-15     1.82%    passed    100.00%
   7  Perez-Lago-pt-1_60|2020-07-27     2.04%    passed    100.00%
   8  Perez-Lago-pt-1_70|2020-08-06     2.90%    passed     99.97%
   9  Perez-Lago-pt-1_79|2020-08-15     2.82%    passed     99.99%
****  TOTAL                             2.38%  0 sequences failed composition chi2 test (p-value<5%; df=3)


Create initial parsimony tree by phylogenetic likelihood library (PLL)... 0.001 seconds
Perform fast likelihood tree search using GTR+I+G model...
Estimate model parameters (epsilon = 5.000)
Perform nearest neighbor interchange...
Estimate model parameters (epsilon = 1.000)
1. Initial log-likelihood: -40355.401
2. Current log-likelihood: -40354.232
Optimal log-likelihood: -40354.040
Rate parameters:  A-C: 0.00010  A-G: 4.43478  A-T: 0.00010  C-G: 3.63928  C-T: 17.95226  G-T: 1.00000
Base frequencies:  A: 0.299  C: 0.184  G: 0.196  T: 0.321
Proportion of invariable sites: 0.500
Gamma shape alpha: 998.432
Parameters optimization took 2 rounds (0.003 sec)
Time for fast ML tree search: 0.011 seconds

NOTE: ModelFinder requires 0 MB RAM!
ModelFinder will test up to 286 DNA models (sample size: 29903) ...
 No. Model         -LnL         df  AIC          AICc         BIC
  1  GTR+F         40353.261    23  80752.522    80752.559    80943.553
  2  GTR+F+I       40353.173    24  80754.347    80754.387    80953.684
  3  GTR+F+G4      40353.173    24  80754.347    80754.387    80953.684
  4  GTR+F+I+G4    40353.174    25  80756.348    80756.392    80963.991
  5  GTR+F+R2      40353.170    25  80756.340    80756.383    80963.982
  6  GTR+F+R3      40353.170    27  80760.340    80760.390    80984.594
 14  SYM           41234.873    20  82509.746    82509.774    82675.860
 27  TVM+F         40351.083    22  80746.166    80746.200    80928.891
 40  TVMe          41232.636    19  82503.272    82503.297    82661.080
 53  TIM3+F        40354.171    21  80750.341    80750.372    80924.761
 66  TIM3e         41234.961    18  82505.923    82505.946    82655.426
 79  TIM2+F        40348.883    21  80739.765    80739.796    80914.185
 92  TIM2e         41230.299    18  82496.598    82496.621    82646.101
105  TIM+F         40353.905    21  80749.809    80749.840    80924.229
118  TIMe          41234.912    18  82505.825    82505.848    82655.328
131  TPM3u+F       40356.649    20  80753.297    80753.325    80919.411
144  TPM3+F        40356.649    20  80753.297    80753.325    80919.411
157  TPM2u+F       40351.217    20  80742.433    80742.461    80908.547
170  TPM2+F        40351.129    20  80742.258    80742.286    80908.372
183  K3Pu+F        40356.204    20  80752.409    80752.437    80918.523
196  K3P           41237.247    17  82508.495    82508.515    82649.692
209  TN+F          40354.221    20  80748.441    80748.469    80914.555
222  TNe           41235.141    17  82504.283    82504.303    82645.480
235  HKY+F         40356.648    19  80751.296    80751.321    80909.104
248  K2P           41237.551    16  82507.101    82507.120    82639.993
261  F81+F         40358.513    18  80753.026    80753.049    80902.529
274  JC            41239.210    15  82508.421    82508.437    82633.006
Akaike Information Criterion:           TIM2+F
Corrected Akaike Information Criterion: TIM2+F
Bayesian Information Criterion:         F81+F
Best-fit model: F81+F chosen according to BIC

All model information printed to Perez-Lago-pt-1_maskedRefRemMafft.fasta.model.gz
CPU time for ModelFinder: 0.048 seconds (0h:0m:0s)
Wall-clock time for ModelFinder: 0.066 seconds (0h:0m:0s)

NOTE: 0 MB RAM (0 GB) is required!
Estimate model parameters (epsilon = 0.100)
1. Initial log-likelihood: -40358.513
Optimal log-likelihood: -40358.513
Rate parameters:  A-C: 1.00000  A-G: 1.00000  A-T: 1.00000  C-G: 1.00000  C-T: 1.00000  G-T: 1.00000
Base frequencies:  A: 0.299  C: 0.184  G: 0.196  T: 0.321
Parameters optimization took 1 rounds (0.000 sec)
Computing ML distances based on estimated model parameters...
Computing ML distances took 0.000919 sec (of wall-clock time) 0.000761 sec(of CPU time)
Computing RapidNJ tree took 0.000028 sec (of wall-clock time) 0.000022 sec (of CPU time)
Log-likelihood of RapidNJ tree: -40370.270
--------------------------------------------------------------------
|             INITIALIZING CANDIDATE TREE SET                      |
--------------------------------------------------------------------
Generating 98 parsimony trees... 0.017 second
Computing log-likelihood of 96 initial trees ... 0.012 seconds
Current best score: -40358.513

Do NNI search on 20 best initial trees
Estimate model parameters (epsilon = 0.100)
BETTER TREE FOUND at iteration 1: -40358.513
Iteration 10 / LogL: -40358.518 / Time: 0h:0m:0s
Iteration 20 / LogL: -40358.513 / Time: 0h:0m:0s
Finish initializing candidate tree set (2)
Current best tree score: -40358.513 / CPU time: 0.043
Number of iterations: 20
--------------------------------------------------------------------
|               OPTIMIZING CANDIDATE TREE SET                      |
--------------------------------------------------------------------
Iteration 30 / LogL: -40358.513 / Time: 0h:0m:0s (0h:0m:0s left)
UPDATE BEST LOG-LIKELIHOOD: -40358.513
UPDATE BEST LOG-LIKELIHOOD: -40358.513
Iteration 40 / LogL: -40358.518 / Time: 0h:0m:0s (0h:0m:0s left)
Iteration 50 / LogL: -40358.714 / Time: 0h:0m:0s (0h:0m:0s left)
Iteration 60 / LogL: -40358.513 / Time: 0h:0m:0s (0h:0m:0s left)
Iteration 70 / LogL: -40358.536 / Time: 0h:0m:0s (0h:0m:0s left)
Iteration 80 / LogL: -40358.518 / Time: 0h:0m:0s (0h:0m:0s left)
Iteration 90 / LogL: -40358.601 / Time: 0h:0m:0s (0h:0m:0s left)
Iteration 100 / LogL: -40358.615 / Time: 0h:0m:0s (0h:0m:0s left)
TREE SEARCH COMPLETED AFTER 102 ITERATIONS / Time: 0h:0m:0s

--------------------------------------------------------------------
|                    FINALIZING TREE SEARCH                        |
--------------------------------------------------------------------
Performs final model parameters optimization
Estimate model parameters (epsilon = 0.010)
1. Initial log-likelihood: -40358.513
Optimal log-likelihood: -40358.513
Rate parameters:  A-C: 1.00000  A-G: 1.00000  A-T: 1.00000  C-G: 1.00000  C-T: 1.00000  G-T: 1.00000
Base frequencies:  A: 0.299  C: 0.184  G: 0.196  T: 0.321
Parameters optimization took 1 rounds (0.000 sec)
BEST SCORE FOUND : -40358.513
Total tree length: 0.000

Total number of iterations: 102
CPU time used for tree search: 0.269 sec (0h:0m:0s)
Wall-clock time used for tree search: 0.149 sec (0h:0m:0s)
Total CPU time used: 0.277 sec (0h:0m:0s)
Total wall-clock time used: 0.157 sec (0h:0m:0s)

Analysis results written to: 
  IQ-TREE report:                Perez-Lago-pt-1_maskedRefRemMafft.fasta.iqtree
  Maximum-likelihood tree:       Perez-Lago-pt-1_maskedRefRemMafft.fasta.treefile
  Likelihood distances:          Perez-Lago-pt-1_maskedRefRemMafft.fasta.mldist
  Screen log file:               Perez-Lago-pt-1_maskedRefRemMafft.fasta.log

Date and Time: Wed May  3 16:26:43 2023
