IQ-TREE multicore version 2.1.2 COVID-edition for Mac OS X 64-bit built Oct 22 2020
Developed by Bui Quang Minh, James Barbetti, Nguyen Lam Tung,
Olga Chernomor, Heiko Schmidt, Dominik Schrempf, Michael Woodhams.

Host:    dlmp133362.w-staff.shh.mpg.de (AVX512, FMA3, 16 GB RAM)
Command: /Users/oeversti/iqtree-2.1.2-MacOSX/bin/iqtree2 -s Rockett-pt-2_maskedRefRemMafft.fasta -m MFP
Seed:    646547 (Using SPRNG - Scalable Parallel Random Number Generator)
Time:    Wed May  3 17:51:17 2023
Kernel:  AVX+FMA - 1 threads (8 CPU cores detected)

HINT: Use -nt option to specify number of threads because your CPU has 8 cores!
HINT: -nt AUTO will automatically determine the best number of threads to use.

Reading alignment file Rockett-pt-2_maskedRefRemMafft.fasta ... Fasta format detected
Alignment most likely contains DNA/RNA sequences
WARNING: 631 sites contain only gaps or ambiguous characters.
Alignment has 8 sequences with 29903 columns, 30 distinct patterns
2 parsimony-informative, 7 singleton sites, 29894 constant sites
                            Gap/Ambiguity  Composition  p-value
   1  Rockett-pt-2_11|2021-10-18    2.35%    passed     99.95%
   2  Rockett-pt-2_0|2021-10-07     2.11%    passed    100.00%
   3  Rockett-pt-2_4|2021-10-11     3.12%    passed    100.00%
   4  Rockett-pt-2_7|2021-10-14     2.11%    passed    100.00%
   5  Rockett-pt-2_20|2021-10-27    5.58%    passed     99.84%
   6  Rockett-pt-2_26|2021-11-02    2.11%    passed    100.00%
   7  Rockett-pt-2_30|2021-11-06    2.11%    passed    100.00%
   8  Rockett-pt-2_31|2021-11-07    2.11%    passed    100.00%
****  TOTAL                         2.70%  0 sequences failed composition chi2 test (p-value<5%; df=3)
NOTE: Rockett-pt-2_30|2021-11-06 is identical to Rockett-pt-2_26|2021-11-02 but kept for subsequent analysis
NOTE: 1 identical sequences (see below) will be ignored for subsequent analysis
NOTE: Rockett-pt-2_31|2021-11-07 (identical to Rockett-pt-2_26|2021-11-02) is ignored but added at the end
Alignment was printed to Rockett-pt-2_maskedRefRemMafft.fasta.uniqueseq.phy

For your convenience alignment with unique sequences printed to Rockett-pt-2_maskedRefRemMafft.fasta.uniqueseq.phy


Create initial parsimony tree by phylogenetic likelihood library (PLL)... 0.001 seconds
Perform fast likelihood tree search using GTR+I+G model...
Estimate model parameters (epsilon = 5.000)
Perform nearest neighbor interchange...
Estimate model parameters (epsilon = 1.000)
1. Initial log-likelihood: -39787.223
Optimal log-likelihood: -39786.341
Rate parameters:  A-C: 2.20152  A-G: 0.69060  A-T: 0.56060  C-G: 0.00010  C-T: 2.64316  G-T: 1.00000
Base frequencies:  A: 0.299  C: 0.183  G: 0.196  T: 0.322
Proportion of invariable sites: 0.500
Gamma shape alpha: 998.448
Parameters optimization took 1 rounds (0.001 sec)
Time for fast ML tree search: 0.006 seconds

NOTE: ModelFinder requires 0 MB RAM!
ModelFinder will test up to 286 DNA models (sample size: 29903) ...
 No. Model         -LnL         df  AIC          AICc         BIC
  1  GTR+F         39786.278    19  79610.556    79610.581    79768.365
  2  GTR+F+I       39786.212    20  79612.424    79612.452    79778.539
  3  GTR+F+G4      39786.212    20  79612.424    79612.452    79778.539
  4  GTR+F+I+G4    39786.213    21  79614.427    79614.458    79788.847
  5  GTR+F+R2      39786.209    21  79614.418    79614.449    79788.838
  6  GTR+F+R3      39786.209    23  79618.419    79618.456    79809.450
 14  SYM           40679.728    16  81391.456    81391.474    81524.348
 27  TVM+F         39787.125    18  79610.250    79610.273    79759.753
 40  TVMe          40680.580    15  81391.159    81391.175    81515.745
 53  TIM3+F        39787.343    17  79608.685    79608.706    79749.882
 66  TIM3e         40681.232    14  81390.463    81390.477    81506.743
 79  TIM2+F        39787.542    17  79609.085    79609.105    79750.282
 92  TIM2e         40680.945    14  81389.891    81389.905    81506.171
105  TIM+F         39787.531    17  79609.061    79609.082    79750.258
118  TIMe          40681.344    14  81390.689    81390.703    81506.969
131  TPM3u+F       39788.179    16  79608.357    79608.375    79741.249
144  TPM3+F        39788.124    16  79608.248    79608.267    79741.140
157  TPM2u+F       39788.192    16  79608.385    79608.403    79741.276
170  TPM2+F        39788.192    16  79608.385    79608.403    79741.276
183  K3Pu+F        39788.481    16  79608.963    79608.981    79741.854
196  K3P           40682.313    13  81390.627    81390.639    81498.601
209  TN+F          39788.192    16  79608.383    79608.401    79741.275
222  TNe           40681.869    13  81389.738    81389.750    81497.712
235  HKY+F         39789.100    15  79608.201    79608.217    79732.786
248  K2P           40682.765    12  81389.530    81389.540    81489.199
261  F81+F         39790.152    14  79608.304    79608.318    79724.584
274  JC            40683.697    11  81389.394    81389.403    81480.757
Akaike Information Criterion:           HKY+F
Corrected Akaike Information Criterion: HKY+F
Bayesian Information Criterion:         F81+F
Best-fit model: F81+F chosen according to BIC

All model information printed to Rockett-pt-2_maskedRefRemMafft.fasta.model.gz
CPU time for ModelFinder: 0.026 seconds (0h:0m:0s)
Wall-clock time for ModelFinder: 0.043 seconds (0h:0m:0s)

NOTE: 0 MB RAM (0 GB) is required!
Estimate model parameters (epsilon = 0.100)
1. Initial log-likelihood: -39790.152
Optimal log-likelihood: -39790.152
Rate parameters:  A-C: 1.00000  A-G: 1.00000  A-T: 1.00000  C-G: 1.00000  C-T: 1.00000  G-T: 1.00000
Base frequencies:  A: 0.299  C: 0.183  G: 0.196  T: 0.322
Parameters optimization took 1 rounds (0.000 sec)
Computing ML distances based on estimated model parameters...
Computing ML distances took 0.000748 sec (of wall-clock time) 0.000375 sec(of CPU time)
Computing RapidNJ tree took 0.000025 sec (of wall-clock time) 0.000019 sec (of CPU time)
Log-likelihood of RapidNJ tree: -39813.758
--------------------------------------------------------------------
|             INITIALIZING CANDIDATE TREE SET                      |
--------------------------------------------------------------------
Generating 98 parsimony trees... 0.014 second
Computing log-likelihood of 64 initial trees ... 0.005 seconds
Current best score: -39790.152

Do NNI search on 20 best initial trees
Estimate model parameters (epsilon = 0.100)
BETTER TREE FOUND at iteration 1: -39790.152
BETTER TREE FOUND at iteration 6: -39790.152
Iteration 10 / LogL: -39790.152 / Time: 0h:0m:0s
UPDATE BEST LOG-LIKELIHOOD: -39790.152
Iteration 20 / LogL: -39790.181 / Time: 0h:0m:0s
Finish initializing candidate tree set (8)
Current best tree score: -39790.152 / CPU time: 0.028
Number of iterations: 20
--------------------------------------------------------------------
|               OPTIMIZING CANDIDATE TREE SET                      |
--------------------------------------------------------------------
Iteration 30 / LogL: -39790.152 / Time: 0h:0m:0s (0h:0m:0s left)
UPDATE BEST LOG-LIKELIHOOD: -39790.151
Iteration 40 / LogL: -39790.152 / Time: 0h:0m:0s (0h:0m:0s left)
Iteration 50 / LogL: -39790.151 / Time: 0h:0m:0s (0h:0m:0s left)
Iteration 60 / LogL: -39790.152 / Time: 0h:0m:0s (0h:0m:0s left)
Iteration 70 / LogL: -39790.152 / Time: 0h:0m:0s (0h:0m:0s left)
Iteration 80 / LogL: -39790.166 / Time: 0h:0m:0s (0h:0m:0s left)
Iteration 90 / LogL: -39790.151 / Time: 0h:0m:0s (0h:0m:0s left)
Iteration 100 / LogL: -39790.151 / Time: 0h:0m:0s (0h:0m:0s left)
TREE SEARCH COMPLETED AFTER 107 ITERATIONS / Time: 0h:0m:0s

--------------------------------------------------------------------
|                    FINALIZING TREE SEARCH                        |
--------------------------------------------------------------------
Performs final model parameters optimization
Estimate model parameters (epsilon = 0.010)
1. Initial log-likelihood: -39790.151
Optimal log-likelihood: -39790.151
Rate parameters:  A-C: 1.00000  A-G: 1.00000  A-T: 1.00000  C-G: 1.00000  C-T: 1.00000  G-T: 1.00000
Base frequencies:  A: 0.299  C: 0.183  G: 0.196  T: 0.322
Parameters optimization took 1 rounds (0.000 sec)
BEST SCORE FOUND : -39790.151
Total tree length: 0.000

Total number of iterations: 107
CPU time used for tree search: 0.125 sec (0h:0m:0s)
Wall-clock time used for tree search: 0.069 sec (0h:0m:0s)
Total CPU time used: 0.132 sec (0h:0m:0s)
Total wall-clock time used: 0.077 sec (0h:0m:0s)

Analysis results written to: 
  IQ-TREE report:                Rockett-pt-2_maskedRefRemMafft.fasta.iqtree
  Maximum-likelihood tree:       Rockett-pt-2_maskedRefRemMafft.fasta.treefile
  Likelihood distances:          Rockett-pt-2_maskedRefRemMafft.fasta.mldist
  Screen log file:               Rockett-pt-2_maskedRefRemMafft.fasta.log

Date and Time: Wed May  3 17:51:17 2023
