IQ-TREE multicore version 2.1.2 COVID-edition for Mac OS X 64-bit built Oct 22 2020
Developed by Bui Quang Minh, James Barbetti, Nguyen Lam Tung,
Olga Chernomor, Heiko Schmidt, Dominik Schrempf, Michael Woodhams.

Host:    dlmp133362.dlce.shh.mpg.de (AVX512, FMA3, 16 GB RAM)
Command: /Users/oeversti/iqtree-2.1.2-MacOSX/bin/iqtree2 -s Jensen-pt-2_maskedRefRemMafft.fasta --prefix Jensen-pt-2_LSD_CollapseDefault -m MFP -B 1000 --date TAXNAME --date-ci 100 --redo
Seed:    5928 (Using SPRNG - Scalable Parallel Random Number Generator)
Time:    Mon May 22 12:35:25 2023
Kernel:  AVX+FMA - 1 threads (8 CPU cores detected)

HINT: Use -nt option to specify number of threads because your CPU has 8 cores!
HINT: -nt AUTO will automatically determine the best number of threads to use.

Reading alignment file Jensen-pt-2_maskedRefRemMafft.fasta ... Fasta format detected
Alignment most likely contains DNA/RNA sequences
WARNING: 265 sites contain only gaps or ambiguous characters.
Alignment has 8 sequences with 29903 columns, 52 distinct patterns
1 parsimony-informative, 3 singleton sites, 29899 constant sites
                        Gap/Ambiguity  Composition  p-value
   1  Jensen-pt-2|2020-01-01   12.05%    passed     84.35%
   2  Jensen-pt-2|2020-01-12    2.79%    passed     99.15%
   3  Jensen-pt-2|2020-01-16    1.82%    passed     98.90%
   4  Jensen-pt-2|2020-01-20    3.45%    passed     99.12%
   5  Jensen-pt-2|2020-01-21   23.39%    passed     96.50%
   6  Jensen-pt-2|2020-01-23    5.27%    passed     99.98%
   7  Jensen-pt-2|2020-01-07    8.41%    passed     99.24%
   8  Jensen-pt-2|2020-01-09    7.32%    passed     99.98%
****  TOTAL                     8.06%  0 sequences failed composition chi2 test (p-value<5%; df=3)


Create initial parsimony tree by phylogenetic likelihood library (PLL)... 0.000 seconds
Perform fast likelihood tree search using GTR+I+G model...
Estimate model parameters (epsilon = 5.000)
Perform nearest neighbor interchange...
Estimate model parameters (epsilon = 1.000)
1. Initial log-likelihood: -40242.060
Optimal log-likelihood: -40241.596
Rate parameters:  A-C: 0.00010  A-G: 2.59225  A-T: 0.00010  C-G: 0.23063  C-T: 2.59806  G-T: 1.00000
Base frequencies:  A: 0.299  C: 0.184  G: 0.197  T: 0.321
Proportion of invariable sites: 0.500
Gamma shape alpha: 998.449
Parameters optimization took 1 rounds (0.001 sec)
Time for fast ML tree search: 0.003 seconds

NOTE: ModelFinder requires 0 MB RAM!
ModelFinder will test up to 286 DNA models (sample size: 29903) ...
 No. Model         -LnL         df  AIC          AICc         BIC
  1  GTR+F         40241.442    21  80524.884    80524.915    80699.304
  2  GTR+F+I       40241.418    22  80526.837    80526.871    80709.563
  3  GTR+F+G4      40241.418    22  80526.837    80526.871    80709.563
  4  GTR+F+I+G4    40241.419    23  80528.837    80528.874    80719.869
  5  GTR+F+R2      40241.398    23  80528.796    80528.833    80719.828
  6  GTR+F+R3      40241.398    25  80532.796    80532.839    80740.438
 14  SYM           41129.079    18  82294.158    82294.180    82443.660
 27  TVM+F         40241.396    20  80522.793    80522.821    80688.907
 40  TVMe          41129.024    17  82292.048    82292.068    82433.245
 53  TIM3+F        40241.541    19  80521.081    80521.107    80678.890
 66  TIM3e         41129.107    16  82290.213    82290.231    82423.105
 79  TIM2+F        40241.016    19  80520.032    80520.058    80677.841
 92  TIM2e         41128.710    16  82289.420    82289.438    82422.311
105  TIM+F         40241.054    19  80520.107    80520.133    80677.916
118  TIMe          41128.721    16  82289.442    82289.460    82422.333
131  TPM3u+F       40241.068    18  80518.136    80518.159    80667.639
144  TPM3+F        40241.055    18  80518.109    80518.132    80667.612
157  TPM2u+F       40241.016    18  80518.033    80518.056    80667.536
170  TPM2+F        40240.987    18  80517.975    80517.998    80667.478
183  K3Pu+F        40240.982    18  80517.964    80517.986    80667.466
196  K3P           41128.637    15  82287.274    82287.290    82411.860
209  TN+F          40240.983    18  80517.965    80517.988    80667.468
222  TNe           41128.650    15  82287.299    82287.315    82411.885
235  HKY+F         40240.983    17  80515.965    80515.986    80657.162
248  K2P           41128.650    14  82285.299    82285.313    82401.579
261  F81+F         40245.311    16  80522.621    80522.640    80655.513
274  JC            41132.829    13  82291.659    82291.671    82399.633
Akaike Information Criterion:           HKY+F
Corrected Akaike Information Criterion: HKY+F
Bayesian Information Criterion:         F81+F
Best-fit model: F81+F chosen according to BIC

All model information printed to Jensen-pt-2_LSD_CollapseDefault.model.gz
CPU time for ModelFinder: 0.027 seconds (0h:0m:0s)
Wall-clock time for ModelFinder: 0.031 seconds (0h:0m:0s)
Generating 1000 samples for ultrafast bootstrap (seed: 5928)...

NOTE: 0 MB RAM (0 GB) is required!
Estimate model parameters (epsilon = 0.100)
1. Initial log-likelihood: -40245.311
Optimal log-likelihood: -40245.311
Rate parameters:  A-C: 1.00000  A-G: 1.00000  A-T: 1.00000  C-G: 1.00000  C-T: 1.00000  G-T: 1.00000
Base frequencies:  A: 0.299  C: 0.184  G: 0.197  T: 0.321
Parameters optimization took 1 rounds (0.000 sec)
Computing ML distances based on estimated model parameters...
Computing ML distances took 0.000464 sec (of wall-clock time) 0.000381 sec(of CPU time)
WARNING: Some pairwise ML distances are too long (saturated)
Computing RapidNJ tree took 0.000033 sec (of wall-clock time) 0.000027 sec (of CPU time)
Log-likelihood of RapidNJ tree: -40245.650
--------------------------------------------------------------------
|             INITIALIZING CANDIDATE TREE SET                      |
--------------------------------------------------------------------
Generating 98 parsimony trees... 0.011 second
Computing log-likelihood of 97 initial trees ... 0.010 seconds
Current best score: -40245.311

Do NNI search on 20 best initial trees
Estimate model parameters (epsilon = 0.100)
BETTER TREE FOUND at iteration 1: -40245.310
UPDATE BEST LOG-LIKELIHOOD: -40245.310
UPDATE BEST LOG-LIKELIHOOD: -40245.310
Iteration 10 / LogL: -40245.310 / Time: 0h:0m:0s
Iteration 20 / LogL: -40245.310 / Time: 0h:0m:0s
Finish initializing candidate tree set (6)
Current best tree score: -40245.310 / CPU time: 0.045
Number of iterations: 20
--------------------------------------------------------------------
|               OPTIMIZING CANDIDATE TREE SET                      |
--------------------------------------------------------------------
Iteration 30 / LogL: -40248.248 / Time: 0h:0m:0s (0h:0m:0s left)
Iteration 40 / LogL: -40245.310 / Time: 0h:0m:0s (0h:0m:0s left)
Iteration 50 / LogL: -40245.310 / Time: 0h:0m:0s (0h:0m:0s left)
Log-likelihood cutoff on original alignment: -40259.584
Iteration 60 / LogL: -40245.310 / Time: 0h:0m:0s (0h:0m:0s left)
Iteration 70 / LogL: -40245.317 / Time: 0h:0m:0s (0h:0m:0s left)
Iteration 80 / LogL: -40245.310 / Time: 0h:0m:0s (0h:0m:0s left)
Iteration 90 / LogL: -40245.340 / Time: 0h:0m:0s (0h:0m:0s left)
Iteration 100 / LogL: -40245.310 / Time: 0h:0m:0s (0h:0m:0s left)
Log-likelihood cutoff on original alignment: -40258.770
NOTE: Bootstrap correlation coefficient of split occurrence frequencies: 0.954
NOTE: UFBoot does not converge, continue at least 100 more iterations
Iteration 110 / LogL: -40245.310 / Time: 0h:0m:0s (0h:0m:0s left)
Iteration 120 / LogL: -40245.310 / Time: 0h:0m:0s (0h:0m:0s left)
Iteration 130 / LogL: -40245.310 / Time: 0h:0m:0s (0h:0m:0s left)
Iteration 140 / LogL: -40245.310 / Time: 0h:0m:0s (0h:0m:0s left)
Iteration 150 / LogL: -40245.310 / Time: 0h:0m:0s (0h:0m:0s left)
Log-likelihood cutoff on original alignment: -40259.578
Iteration 160 / LogL: -40245.310 / Time: 0h:0m:0s (0h:0m:0s left)
Iteration 170 / LogL: -40245.310 / Time: 0h:0m:0s (0h:0m:0s left)
Iteration 180 / LogL: -40245.310 / Time: 0h:0m:0s (0h:0m:0s left)
Iteration 190 / LogL: -40245.310 / Time: 0h:0m:0s (0h:0m:0s left)
Iteration 200 / LogL: -40245.310 / Time: 0h:0m:0s (0h:0m:0s left)
Log-likelihood cutoff on original alignment: -40258.763
NOTE: Bootstrap correlation coefficient of split occurrence frequencies: 0.912
NOTE: UFBoot does not converge, continue at least 100 more iterations
Iteration 210 / LogL: -40245.310 / Time: 0h:0m:0s (0h:0m:0s left)
Iteration 220 / LogL: -40245.310 / Time: 0h:0m:0s (0h:0m:0s left)
Iteration 230 / LogL: -40245.310 / Time: 0h:0m:0s (0h:0m:0s left)
Iteration 240 / LogL: -40245.310 / Time: 0h:0m:0s (0h:0m:0s left)
Iteration 250 / LogL: -40245.310 / Time: 0h:0m:0s (0h:0m:0s left)
Log-likelihood cutoff on original alignment: -40259.605
Iteration 260 / LogL: -40245.310 / Time: 0h:0m:1s (0h:0m:0s left)
Iteration 270 / LogL: -40245.310 / Time: 0h:0m:1s (0h:0m:0s left)
Iteration 280 / LogL: -40245.310 / Time: 0h:0m:1s (0h:0m:0s left)
Iteration 290 / LogL: -40245.310 / Time: 0h:0m:1s (0h:0m:0s left)
Iteration 300 / LogL: -40245.310 / Time: 0h:0m:1s (0h:0m:0s left)
Log-likelihood cutoff on original alignment: -40259.636
NOTE: Bootstrap correlation coefficient of split occurrence frequencies: 0.937
NOTE: UFBoot does not converge, continue at least 100 more iterations
Iteration 310 / LogL: -40245.310 / Time: 0h:0m:1s (0h:0m:0s left)
Iteration 320 / LogL: -40245.310 / Time: 0h:0m:1s (0h:0m:0s left)
Iteration 330 / LogL: -40245.310 / Time: 0h:0m:1s (0h:0m:0s left)
Iteration 340 / LogL: -40245.310 / Time: 0h:0m:1s (0h:0m:0s left)
Iteration 350 / LogL: -40245.310 / Time: 0h:0m:1s (0h:0m:0s left)
Log-likelihood cutoff on original alignment: -40259.584
Iteration 360 / LogL: -40245.311 / Time: 0h:0m:1s (0h:0m:0s left)
Iteration 370 / LogL: -40245.310 / Time: 0h:0m:1s (0h:0m:0s left)
Iteration 380 / LogL: -40245.310 / Time: 0h:0m:1s (0h:0m:0s left)
Iteration 390 / LogL: -40245.310 / Time: 0h:0m:1s (0h:0m:0s left)
Iteration 400 / LogL: -40245.310 / Time: 0h:0m:1s (0h:0m:0s left)
Log-likelihood cutoff on original alignment: -40259.584
NOTE: Bootstrap correlation coefficient of split occurrence frequencies: 0.972
NOTE: UFBoot does not converge, continue at least 100 more iterations
Iteration 410 / LogL: -40245.311 / Time: 0h:0m:1s (0h:0m:0s left)
Iteration 420 / LogL: -40245.310 / Time: 0h:0m:1s (0h:0m:0s left)
Iteration 430 / LogL: -40245.311 / Time: 0h:0m:1s (0h:0m:0s left)
Iteration 440 / LogL: -40245.310 / Time: 0h:0m:1s (0h:0m:0s left)
Iteration 450 / LogL: -40245.310 / Time: 0h:0m:1s (0h:0m:0s left)
Log-likelihood cutoff on original alignment: -40259.617
Iteration 460 / LogL: -40245.310 / Time: 0h:0m:1s (0h:0m:0s left)
Iteration 470 / LogL: -40245.310 / Time: 0h:0m:1s (0h:0m:0s left)
Iteration 480 / LogL: -40245.310 / Time: 0h:0m:1s (0h:0m:0s left)
Iteration 490 / LogL: -40245.310 / Time: 0h:0m:2s (0h:0m:0s left)
Iteration 500 / LogL: -40245.310 / Time: 0h:0m:2s (0h:0m:0s left)
Log-likelihood cutoff on original alignment: -40259.584
NOTE: Bootstrap correlation coefficient of split occurrence frequencies: 0.955
NOTE: UFBoot does not converge, continue at least 100 more iterations
Iteration 510 / LogL: -40245.310 / Time: 0h:0m:2s (0h:0m:0s left)
Iteration 520 / LogL: -40245.311 / Time: 0h:0m:2s (0h:0m:0s left)
Iteration 530 / LogL: -40248.248 / Time: 0h:0m:2s (0h:0m:0s left)
Iteration 540 / LogL: -40245.310 / Time: 0h:0m:2s (0h:0m:0s left)
Iteration 550 / LogL: -40245.310 / Time: 0h:0m:2s (0h:0m:0s left)
Log-likelihood cutoff on original alignment: -40259.617
Iteration 560 / LogL: -40245.310 / Time: 0h:0m:2s (0h:0m:0s left)
Iteration 570 / LogL: -40245.310 / Time: 0h:0m:2s (0h:0m:0s left)
Iteration 580 / LogL: -40245.310 / Time: 0h:0m:2s (0h:0m:0s left)
Iteration 590 / LogL: -40248.218 / Time: 0h:0m:2s (0h:0m:0s left)
Iteration 600 / LogL: -40245.310 / Time: 0h:0m:2s (0h:0m:0s left)
Log-likelihood cutoff on original alignment: -40258.764
NOTE: Bootstrap correlation coefficient of split occurrence frequencies: 0.980
NOTE: UFBoot does not converge, continue at least 100 more iterations
Iteration 610 / LogL: -40245.310 / Time: 0h:0m:2s (0h:0m:0s left)
Iteration 620 / LogL: -40245.310 / Time: 0h:0m:2s (0h:0m:0s left)
Iteration 630 / LogL: -40245.310 / Time: 0h:0m:2s (0h:0m:0s left)
Iteration 640 / LogL: -40245.310 / Time: 0h:0m:2s (0h:0m:0s left)
Iteration 650 / LogL: -40245.317 / Time: 0h:0m:2s (0h:0m:0s left)
Log-likelihood cutoff on original alignment: -40258.764
Iteration 660 / LogL: -40248.218 / Time: 0h:0m:2s (0h:0m:0s left)
Iteration 670 / LogL: -40245.340 / Time: 0h:0m:2s (0h:0m:0s left)
Iteration 680 / LogL: -40245.311 / Time: 0h:0m:2s (0h:0m:0s left)
Iteration 690 / LogL: -40245.340 / Time: 0h:0m:2s (0h:0m:0s left)
Iteration 700 / LogL: -40245.310 / Time: 0h:0m:2s (0h:0m:0s left)
Log-likelihood cutoff on original alignment: -40259.577
NOTE: Bootstrap correlation coefficient of split occurrence frequencies: 0.953
NOTE: UFBoot does not converge, continue at least 100 more iterations
Iteration 710 / LogL: -40245.310 / Time: 0h:0m:3s (0h:0m:0s left)
Iteration 720 / LogL: -40245.310 / Time: 0h:0m:3s (0h:0m:0s left)
Iteration 730 / LogL: -40248.249 / Time: 0h:0m:3s (0h:0m:0s left)
Iteration 740 / LogL: -40245.317 / Time: 0h:0m:3s (0h:0m:0s left)
Iteration 750 / LogL: -40245.310 / Time: 0h:0m:3s (0h:0m:0s left)
Log-likelihood cutoff on original alignment: -40258.763
Iteration 760 / LogL: -40245.310 / Time: 0h:0m:3s (0h:0m:0s left)
Iteration 770 / LogL: -40245.310 / Time: 0h:0m:3s (0h:0m:0s left)
Iteration 780 / LogL: -40245.310 / Time: 0h:0m:3s (0h:0m:0s left)
Iteration 790 / LogL: -40245.310 / Time: 0h:0m:3s (0h:0m:0s left)
Iteration 800 / LogL: -40245.310 / Time: 0h:0m:3s (0h:0m:0s left)
Log-likelihood cutoff on original alignment: -40259.591
NOTE: Bootstrap correlation coefficient of split occurrence frequencies: 0.988
NOTE: UFBoot does not converge, continue at least 100 more iterations
Iteration 810 / LogL: -40245.311 / Time: 0h:0m:3s (0h:0m:0s left)
Iteration 820 / LogL: -40245.310 / Time: 0h:0m:3s (0h:0m:0s left)
Iteration 830 / LogL: -40245.310 / Time: 0h:0m:3s (0h:0m:0s left)
Iteration 840 / LogL: -40245.311 / Time: 0h:0m:3s (0h:0m:0s left)
Iteration 850 / LogL: -40245.310 / Time: 0h:0m:3s (0h:0m:0s left)
Log-likelihood cutoff on original alignment: -40259.585
Iteration 860 / LogL: -40245.310 / Time: 0h:0m:3s (0h:0m:0s left)
Iteration 870 / LogL: -40245.310 / Time: 0h:0m:3s (0h:0m:0s left)
Iteration 880 / LogL: -40245.317 / Time: 0h:0m:3s (0h:0m:0s left)
Iteration 890 / LogL: -40245.310 / Time: 0h:0m:3s (0h:0m:0s left)
Iteration 900 / LogL: -40245.317 / Time: 0h:0m:3s (0h:0m:0s left)
Log-likelihood cutoff on original alignment: -40258.764
NOTE: Bootstrap correlation coefficient of split occurrence frequencies: 0.964
NOTE: UFBoot does not converge, continue at least 100 more iterations
Iteration 910 / LogL: -40245.310 / Time: 0h:0m:3s (0h:0m:0s left)
Iteration 920 / LogL: -40245.310 / Time: 0h:0m:4s (0h:0m:0s left)
Iteration 930 / LogL: -40245.310 / Time: 0h:0m:4s (0h:0m:0s left)
Iteration 940 / LogL: -40245.310 / Time: 0h:0m:4s (0h:0m:0s left)
Iteration 950 / LogL: -40245.310 / Time: 0h:0m:4s (0h:0m:0s left)
Log-likelihood cutoff on original alignment: -40258.770
Iteration 960 / LogL: -40245.310 / Time: 0h:0m:4s (0h:0m:0s left)
Iteration 970 / LogL: -40245.311 / Time: 0h:0m:4s (0h:0m:0s left)
Iteration 980 / LogL: -40245.310 / Time: 0h:0m:4s (0h:0m:0s left)
Iteration 990 / LogL: -40245.310 / Time: 0h:0m:4s (0h:0m:0s left)
Iteration 1000 / LogL: -40245.317 / Time: 0h:0m:4s (0h:0m:0s left)
Log-likelihood cutoff on original alignment: -40258.764
NOTE: Bootstrap correlation coefficient of split occurrence frequencies: 0.984
NOTE: UFBoot does not converge, continue at least 100 more iterations
WARNING: bootstrap analysis did not converge. You should rerun with higher number of iterations (-nm option)
TREE SEARCH COMPLETED AFTER 1001 ITERATIONS / Time: 0h:0m:4s

--------------------------------------------------------------------
|                    FINALIZING TREE SEARCH                        |
--------------------------------------------------------------------
Performs final model parameters optimization
Estimate model parameters (epsilon = 0.010)
1. Initial log-likelihood: -40245.310
Optimal log-likelihood: -40245.310
Rate parameters:  A-C: 1.00000  A-G: 1.00000  A-T: 1.00000  C-G: 1.00000  C-T: 1.00000  G-T: 1.00000
Base frequencies:  A: 0.299  C: 0.184  G: 0.197  T: 0.321
Parameters optimization took 1 rounds (0.000 sec)
BEST SCORE FOUND : -40245.310
Creating bootstrap support values...
Split supports printed to NEXUS file Jensen-pt-2_LSD_CollapseDefault.splits.nex
Total tree length: 0.000

Total number of iterations: 1001
CPU time used for tree search: 4.522 sec (0h:0m:4s)
Wall-clock time used for tree search: 4.445 sec (0h:0m:4s)
Total CPU time used: 4.554 sec (0h:0m:4s)
Total wall-clock time used: 4.481 sec (0h:0m:4s)

Computing bootstrap consensus tree...
Reading input file Jensen-pt-2_LSD_CollapseDefault.splits.nex...
8 taxa and 68 splits.
Consensus tree written to Jensen-pt-2_LSD_CollapseDefault.contree
Reading input trees file Jensen-pt-2_LSD_CollapseDefault.contree
Log-likelihood of consensus tree: -40245.603

Analysis results written to: 
  IQ-TREE report:                Jensen-pt-2_LSD_CollapseDefault.iqtree
  Maximum-likelihood tree:       Jensen-pt-2_LSD_CollapseDefault.treefile
  Likelihood distances:          Jensen-pt-2_LSD_CollapseDefault.mldist

Ultrafast bootstrap approximation results written to:
  Split support values:          Jensen-pt-2_LSD_CollapseDefault.splits.nex
  Consensus tree:                Jensen-pt-2_LSD_CollapseDefault.contree
  Screen log file:               Jensen-pt-2_LSD_CollapseDefault.log

--- Start phylogenetic dating ---
Extracting date from node names...
8 dates extracted
Building time tree by least-square dating (LSD) with command:
lsd -i Jensen-pt-2_LSD_CollapseDefault.timetree.subst -s 29903 -o Jensen-pt-2_LSD_CollapseDefault.timetree -f 100 -r a -d Jensen-pt-2_LSD_CollapseDefault.timetree.date 

TREE 1
*PROCESSING:
Reading the tree ... 
Collapse 4 (over 5) internal branches having branch length <= 1.67e-05
 (settable via option -l)
Parameter to adjust variances was set to 0.000334 (settable via option -b)
Minimum branch length of time scaled tree (settable via option -u and -U): 0
Estimating the root position on all branches using fast method ...
Computing confidence intervals using sequence length 29903 and a lognormal
 relaxed clock with mean 1, standard deviation 0.2 (settable via option -q)
*WARNINGS:
- 80% internal branches were collapsed.
*RESULTS:
- Dating results:
 rate 8.678e-05, tMRCA 2019-04-17 , objective function 2.75018e-06
- Results with confidence intervals:
 rate 8.678e-05 [1e-10; 0.000483133], tMRCA 2019-04-17 [-1167596-06-27; 2020-01-01], objective function 2.75018e-06

TOTAL ELAPSED TIME: 0.00153 seconds
LSD results written to:
  LSD report:                  Jensen-pt-2_LSD_CollapseDefault.timetree.lsd
  Time tree in nexus format:   Jensen-pt-2_LSD_CollapseDefault.timetree.nex
  Time tree in newick format:  Jensen-pt-2_LSD_CollapseDefault.timetree.nwk

--- End phylogenetic dating ---
Date and Time: Mon May 22 12:35:29 2023
