IQ-TREE multicore version 2.1.2 COVID-edition for Mac OS X 64-bit built Oct 22 2020
Developed by Bui Quang Minh, James Barbetti, Nguyen Lam Tung,
Olga Chernomor, Heiko Schmidt, Dominik Schrempf, Michael Woodhams.

Host:    dlmp133362.w-staff.shh.mpg.de (AVX512, FMA3, 16 GB RAM)
Command: /Users/oeversti/iqtree-2.1.2-MacOSX/bin/iqtree2 -s Lee-pt-4_maskedRefRemMafft.fasta -m MFP
Seed:    7586 (Using SPRNG - Scalable Parallel Random Number Generator)
Time:    Wed May  3 14:40:36 2023
Kernel:  AVX+FMA - 1 threads (8 CPU cores detected)

HINT: Use -nt option to specify number of threads because your CPU has 8 cores!
HINT: -nt AUTO will automatically determine the best number of threads to use.

Reading alignment file Lee-pt-4_maskedRefRemMafft.fasta ... Fasta format detected
Alignment most likely contains DNA/RNA sequences
WARNING: 269 sites contain only gaps or ambiguous characters.
Alignment has 8 sequences with 29903 columns, 185 distinct patterns
34 parsimony-informative, 16 singleton sites, 29853 constant sites
                         Gap/Ambiguity  Composition  p-value
   1  Lee-pt-4_0|2020-04-01      6.03%    passed     99.44%
   2  Lee-pt-4_148|2020-08-27    6.68%    passed     98.96%
   3  Lee-pt-4_175|2020-09-23   18.94%    passed     85.19%
   4  Lee-pt-4_294|2021-01-20    1.04%    passed     91.20%
   5  Lee-pt-4_327|2021-02-22    1.64%    passed     94.98%
   6  Lee-pt-4_331|2021-02-26    2.25%    passed     94.03%
   7  Lee-pt-4_342|2021-03-09    4.80%    passed     99.39%
   8  Lee-pt-4_37|2020-05-08    15.57%    passed     77.49%
****  TOTAL                      7.12%  0 sequences failed composition chi2 test (p-value<5%; df=3)


Create initial parsimony tree by phylogenetic likelihood library (PLL)... 0.001 seconds
Perform fast likelihood tree search using GTR+I+G model...
Estimate model parameters (epsilon = 5.000)
Perform nearest neighbor interchange...
Estimate model parameters (epsilon = 1.000)
1. Initial log-likelihood: -40676.186
Optimal log-likelihood: -40675.867
Rate parameters:  A-C: 1.14270  A-G: 4.47437  A-T: 1.26751  C-G: 0.00010  C-T: 9.93502  G-T: 1.00000
Base frequencies:  A: 0.299  C: 0.184  G: 0.197  T: 0.320
Proportion of invariable sites: 0.499
Gamma shape alpha: 0.020
Parameters optimization took 1 rounds (0.002 sec)
Time for fast ML tree search: 0.016 seconds

NOTE: ModelFinder requires 0 MB RAM!
ModelFinder will test up to 286 DNA models (sample size: 29903) ...
 No. Model         -LnL         df  AIC          AICc         BIC
  1  GTR+F         40677.466    21  81396.933    81396.964    81571.353
  2  GTR+F+I       40674.740    22  81393.479    81393.513    81576.205
  3  GTR+F+G4      40676.147    22  81396.295    81396.329    81579.021
  4  GTR+F+I+G4    40675.549    23  81397.098    81397.135    81588.130
  5  GTR+F+R2      40677.081    23  81400.162    81400.199    81591.194
  6  GTR+F+R3      40676.951    25  81403.901    81403.945    81611.544
 14  SYM           41563.578    18  83163.157    83163.180    83312.660
 15  SYM+I         41560.550    19  83159.100    83159.126    83316.909
 16  SYM+G4        41562.180    19  83162.360    83162.386    83320.169
 27  TVM+F         40679.937    20  81399.874    81399.902    81565.988
 28  TVM+F+I       40677.171    21  81396.343    81396.374    81570.763
 29  TVM+F+G4      40678.602    21  81399.205    81399.236    81573.625
 40  TVMe          41565.899    17  83165.798    83165.819    83306.995
 41  TVMe+I        41562.896    18  83161.791    83161.814    83311.294
 42  TVMe+G4       41564.527    18  83165.053    83165.076    83314.556
 53  TIM3+F        40679.098    19  81396.197    81396.222    81554.005
 54  TIM3+F+I      40676.267    20  81392.534    81392.563    81558.649
 55  TIM3+F+G4     40677.731    20  81395.463    81395.491    81561.577
 66  TIM3e         41565.348    16  83162.695    83162.713    83295.587
 67  TIM3e+I       41562.317    17  83158.634    83158.654    83299.831
 68  TIM3e+G4      41564.013    17  83162.027    83162.047    83303.224
 79  TIM2+F        40679.226    19  81396.453    81396.478    81554.261
 80  TIM2+F+I      40676.463    20  81392.925    81392.953    81559.039
 81  TIM2+F+G4     40677.899    20  81395.799    81395.827    81561.913
 92  TIM2e         41565.582    16  83163.163    83163.181    83296.054
 93  TIM2e+I       41562.654    17  83159.308    83159.329    83300.505
 94  TIM2e+G4      41564.253    17  83162.506    83162.526    83303.703
105  TIM+F         40678.975    19  81395.950    81395.976    81553.759
106  TIM+F+I       40676.161    20  81392.323    81392.351    81558.437
107  TIM+F+G4      40677.632    20  81395.264    81395.292    81561.378
118  TIMe          41565.638    16  83163.277    83163.295    83296.168
119  TIMe+I        41562.632    17  83159.264    83159.284    83300.461
120  TIMe+G4       41564.294    17  83162.588    83162.609    83303.785
131  TPM3u+F       40681.787    18  81399.573    81399.596    81549.076
132  TPM3u+F+I     40678.901    19  81395.803    81395.828    81553.611
133  TPM3u+F+G4    40680.413    19  81398.826    81398.851    81556.634
144  TPM3+F        40681.752    18  81399.504    81399.527    81549.007
145  TPM3+F+I      40678.896    19  81395.791    81395.817    81553.600
146  TPM3+F+G4     40680.396    19  81398.791    81398.817    81556.600
157  TPM2u+F       40681.729    18  81399.458    81399.481    81548.961
158  TPM2u+F+I     40678.930    19  81395.860    81395.886    81553.669
159  TPM2u+F+G4    40680.404    19  81398.808    81398.833    81556.616
170  TPM2+F        40681.726    18  81399.453    81399.475    81548.955
171  TPM2+F+I      40678.928    19  81395.855    81395.881    81553.664
172  TPM2+F+G4     40680.402    19  81398.804    81398.830    81556.613
183  K3Pu+F        40681.542    18  81399.085    81399.108    81548.588
184  K3Pu+F+I      40678.703    19  81395.407    81395.432    81553.215
185  K3Pu+F+G4     40680.150    19  81398.300    81398.325    81556.108
196  K3P           41568.094    15  83166.188    83166.204    83290.774
197  K3P+I         41565.070    16  83162.139    83162.157    83295.031
198  K3P+G4        41566.717    16  83165.433    83165.452    83298.325
209  TN+F          40679.354    18  81394.709    81394.731    81544.211
210  TN+F+I        40676.517    19  81391.034    81391.059    81548.843
211  TN+F+G4       40677.984    19  81393.967    81393.993    81551.776
222  TNe           41565.891    15  83161.782    83161.798    83286.367
223  TNe+I         41562.877    16  83157.755    83157.773    83290.646
224  TNe+G4        41564.532    16  83161.064    83161.082    83293.956
235  HKY+F         40681.761    17  81397.523    81397.543    81538.720
236  HKY+F+I       40678.947    18  81393.895    81393.918    81543.398
237  HKY+F+G4      40680.420    18  81396.839    81396.862    81546.342
248  K2P           41568.187    14  83164.374    83164.389    83280.654
249  K2P+I         41565.199    15  83160.398    83160.414    83284.983
250  K2P+G4        41566.834    15  83163.669    83163.685    83288.255
261  F81+F         40704.899    16  81441.797    81441.816    81574.689
262  F81+F+I       40702.230    17  81438.459    81438.480    81579.656
263  F81+F+G4      40703.589    17  81441.178    81441.198    81582.375
274  JC            41589.901    13  83205.803    83205.815    83313.777
275  JC+I          41587.166    14  83202.332    83202.346    83318.612
276  JC+G4         41588.586    14  83205.173    83205.187    83321.453
Akaike Information Criterion:           TN+F+I
Corrected Akaike Information Criterion: TN+F+I
Bayesian Information Criterion:         HKY+F
Best-fit model: HKY+F chosen according to BIC

All model information printed to Lee-pt-4_maskedRefRemMafft.fasta.model.gz
CPU time for ModelFinder: 0.141 seconds (0h:0m:0s)
Wall-clock time for ModelFinder: 0.162 seconds (0h:0m:0s)

NOTE: 0 MB RAM (0 GB) is required!
Estimate model parameters (epsilon = 0.100)
1. Initial log-likelihood: -40681.761
Optimal log-likelihood: -40681.749
Rate parameters:  A-C: 1.00000  A-G: 8.57337  A-T: 1.00000  C-G: 1.00000  C-T: 8.57337  G-T: 1.00000
Base frequencies:  A: 0.299  C: 0.184  G: 0.197  T: 0.320
Parameters optimization took 1 rounds (0.001 sec)
Computing ML distances based on estimated model parameters...
Computing ML distances took 0.000937 sec (of wall-clock time) 0.000629 sec(of CPU time)
Computing RapidNJ tree took 0.000032 sec (of wall-clock time) 0.000026 sec (of CPU time)
Log-likelihood of RapidNJ tree: -40686.189
--------------------------------------------------------------------
|             INITIALIZING CANDIDATE TREE SET                      |
--------------------------------------------------------------------
Generating 98 parsimony trees... 0.021 second
Computing log-likelihood of 49 initial trees ... 0.008 seconds
Current best score: -40681.749

Do NNI search on 20 best initial trees
Estimate model parameters (epsilon = 0.100)
BETTER TREE FOUND at iteration 1: -40681.739
Iteration 10 / LogL: -40681.768 / Time: 0h:0m:0s
Iteration 20 / LogL: -40681.783 / Time: 0h:0m:0s
Finish initializing candidate tree set (1)
Current best tree score: -40681.739 / CPU time: 0.046
Number of iterations: 20
--------------------------------------------------------------------
|               OPTIMIZING CANDIDATE TREE SET                      |
--------------------------------------------------------------------
Iteration 30 / LogL: -40681.739 / Time: 0h:0m:0s (0h:0m:0s left)
UPDATE BEST LOG-LIKELIHOOD: -40681.739
UPDATE BEST LOG-LIKELIHOOD: -40681.739
Iteration 40 / LogL: -40681.790 / Time: 0h:0m:0s (0h:0m:0s left)
Iteration 50 / LogL: -40681.739 / Time: 0h:0m:0s (0h:0m:0s left)
Iteration 60 / LogL: -40681.741 / Time: 0h:0m:0s (0h:0m:0s left)
UPDATE BEST LOG-LIKELIHOOD: -40681.739
Iteration 70 / LogL: -40681.739 / Time: 0h:0m:0s (0h:0m:0s left)
UPDATE BEST LOG-LIKELIHOOD: -40681.739
UPDATE BEST LOG-LIKELIHOOD: -40681.739
Iteration 80 / LogL: -40681.739 / Time: 0h:0m:0s (0h:0m:0s left)
UPDATE BEST LOG-LIKELIHOOD: -40681.739
Iteration 90 / LogL: -40681.814 / Time: 0h:0m:0s (0h:0m:0s left)
Iteration 100 / LogL: -40681.739 / Time: 0h:0m:0s (0h:0m:0s left)
TREE SEARCH COMPLETED AFTER 102 ITERATIONS / Time: 0h:0m:0s

--------------------------------------------------------------------
|                    FINALIZING TREE SEARCH                        |
--------------------------------------------------------------------
Performs final model parameters optimization
Estimate model parameters (epsilon = 0.010)
1. Initial log-likelihood: -40681.739
Optimal log-likelihood: -40681.731
Rate parameters:  A-C: 1.00000  A-G: 8.37900  A-T: 1.00000  C-G: 1.00000  C-T: 8.37900  G-T: 1.00000
Base frequencies:  A: 0.299  C: 0.184  G: 0.197  T: 0.320
Parameters optimization took 1 rounds (0.000 sec)
BEST SCORE FOUND : -40681.731
Total tree length: 0.002

Total number of iterations: 102
CPU time used for tree search: 0.264 sec (0h:0m:0s)
Wall-clock time used for tree search: 0.144 sec (0h:0m:0s)
Total CPU time used: 0.271 sec (0h:0m:0s)
Total wall-clock time used: 0.152 sec (0h:0m:0s)

Analysis results written to: 
  IQ-TREE report:                Lee-pt-4_maskedRefRemMafft.fasta.iqtree
  Maximum-likelihood tree:       Lee-pt-4_maskedRefRemMafft.fasta.treefile
  Likelihood distances:          Lee-pt-4_maskedRefRemMafft.fasta.mldist
  Screen log file:               Lee-pt-4_maskedRefRemMafft.fasta.log

Date and Time: Wed May  3 14:40:36 2023
