IQ-TREE multicore version 2.1.2 COVID-edition for Mac OS X 64-bit built Oct 22 2020
Developed by Bui Quang Minh, James Barbetti, Nguyen Lam Tung,
Olga Chernomor, Heiko Schmidt, Dominik Schrempf, Michael Woodhams.

Host:    dlmp133362.dlce.shh.mpg.de (AVX512, FMA3, 16 GB RAM)
Command: /Users/oeversti/iqtree-2.1.2-MacOSX/bin/iqtree2 -s Harari-pt-5_maskedRefMafft.fasta --prefix Harari-pt-5_Rooted_LSD_Collapse-default -m MFP -B 1000 -o NC_045512.2|2019-12-30 --date TAXNAME --date-ci 100 --redo
Seed:    505646 (Using SPRNG - Scalable Parallel Random Number Generator)
Time:    Sun Aug 20 14:04:48 2023
Kernel:  AVX+FMA - 1 threads (8 CPU cores detected)

HINT: Use -nt option to specify number of threads because your CPU has 8 cores!
HINT: -nt AUTO will automatically determine the best number of threads to use.

Reading alignment file Harari-pt-5_maskedRefMafft.fasta ... Fasta format detected
Alignment most likely contains DNA/RNA sequences
WARNING: 265 sites contain only gaps or ambiguous characters.
Alignment has 10 sequences with 29903 columns, 39 distinct patterns
12 parsimony-informative, 21 singleton sites, 29870 constant sites
                        Gap/Ambiguity  Composition  p-value
   1  NC_045512.2|2019-12-30    0.89%    passed     99.87%
   2  Harari-pt-5|2020-10-06    0.89%    passed    100.00%
   3  Harari-pt-5|2020-10-18    0.89%    passed    100.00%
   4  Harari-pt-5|2020-10-26    0.89%    passed    100.00%
   5  Harari-pt-5|2020-11-02    4.51%    passed     99.65%
   6  Harari-pt-5|2020-11-05    0.89%    passed     99.99%
   7  Harari-pt-5|2020-11-15    0.89%    passed     99.99%
   8  Harari-pt-5|2020-11-19    0.92%    passed     99.99%
   9  Harari-pt-5|2020-12-13    0.90%    passed    100.00%
  10  Harari-pt-5|2020-12-20    0.90%    passed    100.00%
****  TOTAL                     1.26%  0 sequences failed composition chi2 test (p-value<5%; df=3)


Create initial parsimony tree by phylogenetic likelihood library (PLL)... 0.000 seconds
Perform fast likelihood tree search using GTR+I+G model...
Estimate model parameters (epsilon = 5.000)
Perform nearest neighbor interchange...
Estimate model parameters (epsilon = 1.000)
1. Initial log-likelihood: -40534.557
Optimal log-likelihood: -40534.544
Rate parameters:  A-C: 0.53574  A-G: 1.42755  A-T: 0.19547  C-G: 0.80733  C-T: 4.12085  G-T: 1.00000
Base frequencies:  A: 0.299  C: 0.184  G: 0.196  T: 0.322
Proportion of invariable sites: 0.499
Gamma shape alpha: 998.448
Parameters optimization took 1 rounds (0.001 sec)
Time for fast ML tree search: 0.004 seconds

NOTE: ModelFinder requires 0 MB RAM!
ModelFinder will test up to 286 DNA models (sample size: 29903) ...
 No. Model         -LnL         df  AIC          AICc         BIC
  1  GTR+F         40534.488    25  81118.976    81119.020    81326.619
  2  GTR+F+I       40534.410    26  81120.819    81120.866    81336.768
  3  GTR+F+G4      40534.410    26  81120.819    81120.866    81336.768
  4  GTR+F+I+G4    40534.423    27  81122.846    81122.896    81347.100
  5  GTR+F+R2      40534.414    27  81122.829    81122.879    81347.083
  6  GTR+F+R3      40534.417    29  81126.833    81126.892    81367.699
 14  SYM           41419.610    22  82883.219    82883.253    83065.945
 27  TVM+F         40537.106    24  81122.211    81122.251    81321.548
 40  TVMe          41422.235    21  82886.470    82886.501    83060.890
 53  TIM3+F        40535.392    23  81116.784    81116.821    81307.815
 66  TIM3e         41420.179    20  82880.357    82880.386    83046.472
 79  TIM2+F        40534.734    23  81115.468    81115.505    81306.499
 92  TIM2e         41419.885    20  82879.769    82879.797    83045.883
105  TIM+F         40535.374    23  81116.748    81116.785    81307.779
118  TIMe          41420.301    20  82880.602    82880.630    83046.716
131  TPM3u+F       40538.047    22  81120.094    81120.128    81302.819
144  TPM3+F        40538.046    22  81120.092    81120.126    81302.817
157  TPM2u+F       40537.642    22  81119.284    81119.318    81302.010
170  TPM2+F        40537.561    22  81119.122    81119.156    81301.848
183  K3Pu+F        40538.203    22  81120.406    81120.440    81303.132
196  K3P           41423.019    19  82884.038    82884.064    83041.847
209  TN+F          40535.447    22  81114.894    81114.928    81297.620
222  TNe           41420.323    19  82878.645    82878.671    83036.454
235  HKY+F         40538.111    21  81118.222    81118.252    81292.642
248  K2P           41422.884    18  82881.768    82881.791    83031.271
261  F81+F         40547.885    20  81135.770    81135.799    81301.885
274  JC            41431.899    17  82897.798    82897.818    83038.995
Akaike Information Criterion:           TN+F
Corrected Akaike Information Criterion: TN+F
Bayesian Information Criterion:         HKY+F
Best-fit model: HKY+F chosen according to BIC

All model information printed to Harari-pt-5_Rooted_LSD_Collapse-default.model.gz
CPU time for ModelFinder: 0.028 seconds (0h:0m:0s)
Wall-clock time for ModelFinder: 0.031 seconds (0h:0m:0s)
Generating 1000 samples for ultrafast bootstrap (seed: 505646)...

NOTE: 0 MB RAM (0 GB) is required!
Estimate model parameters (epsilon = 0.100)
1. Initial log-likelihood: -40538.111
Optimal log-likelihood: -40538.091
Rate parameters:  A-C: 1.00000  A-G: 5.35897  A-T: 1.00000  C-G: 1.00000  C-T: 5.35897  G-T: 1.00000
Base frequencies:  A: 0.299  C: 0.184  G: 0.196  T: 0.322
Parameters optimization took 1 rounds (0.000 sec)
Computing ML distances based on estimated model parameters...
Computing ML distances took 0.000419 sec (of wall-clock time) 0.000393 sec(of CPU time)
Computing RapidNJ tree took 0.000030 sec (of wall-clock time) 0.000025 sec (of CPU time)
Log-likelihood of RapidNJ tree: -40594.168
--------------------------------------------------------------------
|             INITIALIZING CANDIDATE TREE SET                      |
--------------------------------------------------------------------
Generating 98 parsimony trees... 0.014 second
Computing log-likelihood of 95 initial trees ... 0.008 seconds
Current best score: -40538.091

Do NNI search on 20 best initial trees
Estimate model parameters (epsilon = 0.100)
BETTER TREE FOUND at iteration 1: -40538.064
Iteration 10 / LogL: -40538.079 / Time: 0h:0m:0s
Iteration 20 / LogL: -40538.079 / Time: 0h:0m:0s
Finish initializing candidate tree set (5)
Current best tree score: -40538.064 / CPU time: 0.045
Number of iterations: 20
--------------------------------------------------------------------
|               OPTIMIZING CANDIDATE TREE SET                      |
--------------------------------------------------------------------
UPDATE BEST LOG-LIKELIHOOD: -40538.064
Iteration 30 / LogL: -40538.209 / Time: 0h:0m:0s (0h:0m:0s left)
UPDATE BEST LOG-LIKELIHOOD: -40538.064
Iteration 40 / LogL: -40538.064 / Time: 0h:0m:0s (0h:0m:0s left)
UPDATE BEST LOG-LIKELIHOOD: -40538.064
UPDATE BEST LOG-LIKELIHOOD: -40538.064
Iteration 50 / LogL: -40538.064 / Time: 0h:0m:0s (0h:0m:0s left)
Log-likelihood cutoff on original alignment: -40573.201
UPDATE BEST LOG-LIKELIHOOD: -40538.064
UPDATE BEST LOG-LIKELIHOOD: -40538.064
Iteration 60 / LogL: -40538.072 / Time: 0h:0m:0s (0h:0m:0s left)
Iteration 70 / LogL: -40538.064 / Time: 0h:0m:0s (0h:0m:0s left)
Iteration 80 / LogL: -40538.064 / Time: 0h:0m:0s (0h:0m:0s left)
Iteration 90 / LogL: -40538.079 / Time: 0h:0m:0s (0h:0m:0s left)
Iteration 100 / LogL: -40538.071 / Time: 0h:0m:0s (0h:0m:0s left)
Log-likelihood cutoff on original alignment: -40573.128
NOTE: Bootstrap correlation coefficient of split occurrence frequencies: 0.984
NOTE: UFBoot does not converge, continue at least 100 more iterations
Iteration 110 / LogL: -40538.064 / Time: 0h:0m:0s (0h:0m:0s left)
Iteration 120 / LogL: -40550.657 / Time: 0h:0m:0s (0h:0m:0s left)
Iteration 130 / LogL: -40538.187 / Time: 0h:0m:0s (0h:0m:0s left)
Iteration 140 / LogL: -40538.095 / Time: 0h:0m:0s (0h:0m:0s left)
Iteration 150 / LogL: -40550.657 / Time: 0h:0m:0s (0h:0m:0s left)
Log-likelihood cutoff on original alignment: -40573.306
Iteration 160 / LogL: -40538.073 / Time: 0h:0m:0s (0h:0m:0s left)
Iteration 170 / LogL: -40538.064 / Time: 0h:0m:0s (0h:0m:0s left)
Iteration 180 / LogL: -40538.073 / Time: 0h:0m:0s (0h:0m:0s left)
Iteration 190 / LogL: -40538.064 / Time: 0h:0m:0s (0h:0m:0s left)
Iteration 200 / LogL: -40538.201 / Time: 0h:0m:0s (0h:0m:0s left)
Log-likelihood cutoff on original alignment: -40573.557
NOTE: Bootstrap correlation coefficient of split occurrence frequencies: 0.994
TREE SEARCH COMPLETED AFTER 200 ITERATIONS / Time: 0h:0m:0s

--------------------------------------------------------------------
|                    FINALIZING TREE SEARCH                        |
--------------------------------------------------------------------
Performs final model parameters optimization
Estimate model parameters (epsilon = 0.010)
1. Initial log-likelihood: -40538.064
Optimal log-likelihood: -40538.057
Rate parameters:  A-C: 1.00000  A-G: 5.15046  A-T: 1.00000  C-G: 1.00000  C-T: 5.15046  G-T: 1.00000
Base frequencies:  A: 0.299  C: 0.184  G: 0.196  T: 0.322
Parameters optimization took 1 rounds (0.000 sec)
BEST SCORE FOUND : -40538.057
Creating bootstrap support values...
Split supports printed to NEXUS file Harari-pt-5_Rooted_LSD_Collapse-default.splits.nex
Total tree length: 0.001

Total number of iterations: 200
CPU time used for tree search: 0.870 sec (0h:0m:0s)
Wall-clock time used for tree search: 0.699 sec (0h:0m:0s)
Total CPU time used: 0.891 sec (0h:0m:0s)
Total wall-clock time used: 0.722 sec (0h:0m:0s)

Computing bootstrap consensus tree...
Reading input file Harari-pt-5_Rooted_LSD_Collapse-default.splits.nex...
10 taxa and 54 splits.
Consensus tree written to Harari-pt-5_Rooted_LSD_Collapse-default.contree
Reading input trees file Harari-pt-5_Rooted_LSD_Collapse-default.contree
Log-likelihood of consensus tree: -40538.319

Analysis results written to: 
  IQ-TREE report:                Harari-pt-5_Rooted_LSD_Collapse-default.iqtree
  Maximum-likelihood tree:       Harari-pt-5_Rooted_LSD_Collapse-default.treefile
  Likelihood distances:          Harari-pt-5_Rooted_LSD_Collapse-default.mldist

Ultrafast bootstrap approximation results written to:
  Split support values:          Harari-pt-5_Rooted_LSD_Collapse-default.splits.nex
  Consensus tree:                Harari-pt-5_Rooted_LSD_Collapse-default.contree
  Screen log file:               Harari-pt-5_Rooted_LSD_Collapse-default.log

--- Start phylogenetic dating ---
Extracting date from node names...
10 dates extracted
Building time tree by least-square dating (LSD) with command:
lsd -i Harari-pt-5_Rooted_LSD_Collapse-default.timetree.subst -s 29903 -o Harari-pt-5_Rooted_LSD_Collapse-default.timetree -f 100 -g Harari-pt-5_Rooted_LSD_Collapse-default.timetree.outgroup -d Harari-pt-5_Rooted_LSD_Collapse-default.timetree.date 
Reroot the tree(s) using given outgroups ...

TREE 1
*PROCESSING:
Reading the tree ... 
Collapse 3 (over 8) internal branches having branch length <= 1.67e-05
 (settable via option -l)
Parameter to adjust variances was set to 0.000334 (settable via option -b)
Minimum branch length of time scaled tree (settable via option -u and -U): 0
Estimating the root position on the branch defined by given outgroups ...
Computing confidence intervals using sequence length 29903 and a lognormal
 relaxed clock with mean 1, standard deviation 0.2 (settable via option -q)
*WARNINGS:
- 37.5% internal branches were collapsed.
*RESULTS:
- Dating results:
 rate 0.000795443, tMRCA 2019-12-30 , objective function 5.76743e-05
- Results with confidence intervals:
 rate 0.000795443 [0.000463381; 0.00128211], tMRCA 2019-12-30 [2019-12-26; 2019-12-30], objective function 5.76743e-05

TOTAL ELAPSED TIME: 0.0022 seconds
LSD results written to:
  LSD report:                  Harari-pt-5_Rooted_LSD_Collapse-default.timetree.lsd
  Time tree in nexus format:   Harari-pt-5_Rooted_LSD_Collapse-default.timetree.nex
  Time tree in newick format:  Harari-pt-5_Rooted_LSD_Collapse-default.timetree.nwk

--- End phylogenetic dating ---
Date and Time: Sun Aug 20 14:04:49 2023
